             0.00000             0.00674
             0.04000             0.00990
             0.08000             0.01425
             0.12000             0.02022
             0.16000             0.02827
             0.20000             0.03896
             0.24000             0.05291
             0.28000             0.07080
             0.32000             0.09334
             0.36000             0.12123
             0.40000             0.15509
             0.44000             0.19540
             0.48000             0.24244
             0.52000             0.29620
             0.56000             0.35629
             0.60000             0.42192
             0.64000             0.49182
             0.68000             0.56431
             0.72000             0.63724
             0.76000             0.70818
             0.80000             0.77447
             0.84000             0.83342
             0.88000             0.88245
             0.92000             0.91931
             0.96000             0.94226
             1.00000             0.95017
             1.04000             0.94263
             1.08000             0.92001
             1.12000             0.88339
             1.16000             0.83450
             1.20000             0.77559
             1.24000             0.70923
             1.28000             0.63812
             1.32000             0.56496
             1.36000             0.49222
             1.40000             0.42206
             1.44000             0.35621
             1.48000             0.29593
             1.52000             0.24205
             1.56000             0.19494
             1.60000             0.15461
             1.64000             0.12079
             1.68000             0.09296
             1.72000             0.07049
             1.76000             0.05268
             1.80000             0.03881
             1.84000             0.02819
             1.88000             0.02019
             1.92000             0.01427
             1.96000             0.00994
             2.00000             0.00684
