            -2.00000             7.38906
            -1.95000             6.69541
            -1.90000             6.08566
            -1.85000             5.54485
            -1.80000             5.06457
            -1.75000             4.63731
            -1.70000             4.25656
            -1.65000             3.91673
            -1.60000             3.61294
            -1.55000             3.34095
            -1.50000             3.09709
            -1.45000             2.87813
            -1.40000             2.68127
            -1.35000             2.50407
            -1.30000             2.34438
            -1.25000             2.20031
            -1.20000             2.07023
            -1.15000             1.95267
            -1.10000             1.84635
            -1.05000             1.75017
            -1.00000             1.66312
            -0.95000             1.58433
            -0.90000             1.51302
            -0.85000             1.44852
            -0.80000             1.39022
            -0.75000             1.33759
            -0.70000             1.29015
            -0.65000             1.24750
            -0.60000             1.20926
            -0.55000             1.17512
            -0.50000             1.14478
            -0.45000             1.11801
            -0.40000             1.09459
            -0.35000             1.07433
            -0.30000             1.05707
            -0.25000             1.04269
            -0.20000             1.03107
            -0.15000             1.02212
            -0.10000             1.01577
            -0.05000             1.01199
             0.00000             1.01073
             0.05000             1.01200
             0.10000             1.01579
             0.15000             1.02215
             0.20000             1.03111
             0.25000             1.04274
             0.30000             1.05713
             0.35000             1.07440
             0.40000             1.09468
             0.45000             1.11812
             0.50000             1.14491
             0.55000             1.17526
             0.60000             1.20943
             0.65000             1.24769
             0.70000             1.29038
             0.75000             1.33785
             0.80000             1.39052
             0.85000             1.44887
             0.90000             1.51342
             0.95000             1.58479
             1.00000             1.66365
             1.05000             1.75079
             1.10000             1.84707
             1.15000             1.95350
             1.20000             2.07119
             1.25000             2.20144
             1.30000             2.34569
             1.35000             2.50560
             1.40000             2.68305
             1.45000             2.88021
             1.50000             3.09952
             1.55000             3.34381
             1.60000             3.61630
             1.65000             3.92068
             1.70000             4.26122
             1.75000             4.64279
             1.80000             5.07106
             1.85000             5.55253
             1.90000             6.09474
             1.95000             6.70644
