            -5.00000             0.03846
            -4.99000             0.03861
            -4.98000             0.03876
            -4.97000             0.03891
            -4.96000             0.03906
            -4.95000             0.03921
            -4.94000             0.03936
            -4.93000             0.03952
            -4.92000             0.03967
            -4.91000             0.03983
            -4.90000             0.03998
            -4.89000             0.04014
            -4.88000             0.04030
            -4.87000             0.04046
            -4.86000             0.04062
            -4.85000             0.04078
            -4.84000             0.04094
            -4.83000             0.04110
            -4.82000             0.04127
            -4.81000             0.04143
            -4.80000             0.04160
            -4.79000             0.04176
            -4.78000             0.04193
            -4.77000             0.04210
            -4.76000             0.04227
            -4.75000             0.04244
            -4.74000             0.04261
            -4.73000             0.04278
            -4.72000             0.04296
            -4.71000             0.04313
            -4.70000             0.04331
            -4.69000             0.04349
            -4.68000             0.04366
            -4.67000             0.04384
            -4.66000             0.04402
            -4.65000             0.04420
            -4.64000             0.04439
            -4.63000             0.04457
            -4.62000             0.04475
            -4.61000             0.04494
            -4.60000             0.04513
            -4.59000             0.04531
            -4.58000             0.04550
            -4.57000             0.04569
            -4.56000             0.04588
            -4.55000             0.04608
            -4.54000             0.04627
            -4.53000             0.04647
            -4.52000             0.04666
            -4.51000             0.04686
            -4.50000             0.04706
            -4.49000             0.04726
            -4.48000             0.04746
            -4.47000             0.04766
            -4.46000             0.04787
            -4.45000             0.04807
            -4.44000             0.04828
            -4.43000             0.04848
            -4.42000             0.04869
            -4.41000             0.04890
            -4.40000             0.04912
            -4.39000             0.04933
            -4.38000             0.04954
            -4.37000             0.04976
            -4.36000             0.04998
            -4.35000             0.05019
            -4.34000             0.05041
            -4.33000             0.05064
            -4.32000             0.05086
            -4.31000             0.05108
            -4.30000             0.05131
            -4.29000             0.05154
            -4.28000             0.05176
            -4.27000             0.05199
            -4.26000             0.05223
            -4.25000             0.05246
            -4.24000             0.05269
            -4.23000             0.05293
            -4.22000             0.05317
            -4.21000             0.05341
            -4.20000             0.05365
            -4.19000             0.05389
            -4.18000             0.05413
            -4.17000             0.05438
            -4.16000             0.05463
            -4.15000             0.05488
            -4.14000             0.05513
            -4.13000             0.05538
            -4.12000             0.05563
            -4.11000             0.05589
            -4.10000             0.05615
            -4.09000             0.05641
            -4.08000             0.05667
            -4.07000             0.05693
            -4.06000             0.05720
            -4.05000             0.05746
            -4.04000             0.05773
            -4.03000             0.05800
            -4.02000             0.05827
            -4.01000             0.05855
            -4.00000             0.05882
            -3.99000             0.05910
            -3.98000             0.05938
            -3.97000             0.05966
            -3.96000             0.05995
            -3.95000             0.06023
            -3.94000             0.06052
            -3.93000             0.06081
            -3.92000             0.06110
            -3.91000             0.06139
            -3.90000             0.06169
            -3.89000             0.06199
            -3.88000             0.06229
            -3.87000             0.06259
            -3.86000             0.06289
            -3.85000             0.06320
            -3.84000             0.06351
            -3.83000             0.06382
            -3.82000             0.06413
            -3.81000             0.06445
            -3.80000             0.06477
            -3.79000             0.06509
            -3.78000             0.06541
            -3.77000             0.06573
            -3.76000             0.06606
            -3.75000             0.06639
            -3.74000             0.06672
            -3.73000             0.06705
            -3.72000             0.06739
            -3.71000             0.06773
            -3.70000             0.06807
            -3.69000             0.06842
            -3.68000             0.06876
            -3.67000             0.06911
            -3.66000             0.06946
            -3.65000             0.06982
            -3.64000             0.07018
            -3.63000             0.07054
            -3.62000             0.07090
            -3.61000             0.07126
            -3.60000             0.07163
            -3.59000             0.07200
            -3.58000             0.07238
            -3.57000             0.07275
            -3.56000             0.07313
            -3.55000             0.07351
            -3.54000             0.07390
            -3.53000             0.07429
            -3.52000             0.07468
            -3.51000             0.07507
            -3.50000             0.07547
            -3.49000             0.07587
            -3.48000             0.07627
            -3.47000             0.07668
            -3.46000             0.07709
            -3.45000             0.07750
            -3.44000             0.07792
            -3.43000             0.07834
            -3.42000             0.07876
            -3.41000             0.07919
            -3.40000             0.07962
            -3.39000             0.08005
            -3.38000             0.08048
            -3.37000             0.08092
            -3.36000             0.08137
            -3.35000             0.08181
            -3.34000             0.08226
            -3.33000             0.08272
            -3.32000             0.08318
            -3.31000             0.08364
            -3.30000             0.08410
            -3.29000             0.08457
            -3.28000             0.08504
            -3.27000             0.08552
            -3.26000             0.08600
            -3.25000             0.08648
            -3.24000             0.08697
            -3.23000             0.08746
            -3.22000             0.08796
            -3.21000             0.08846
            -3.20000             0.08897
            -3.19000             0.08947
            -3.18000             0.08999
            -3.17000             0.09050
            -3.16000             0.09103
            -3.15000             0.09155
            -3.14000             0.09208
            -3.13000             0.09262
            -3.12000             0.09316
            -3.11000             0.09370
            -3.10000             0.09425
            -3.09000             0.09480
            -3.08000             0.09536
            -3.07000             0.09592
            -3.06000             0.09649
            -3.05000             0.09706
            -3.04000             0.09764
            -3.03000             0.09822
            -3.02000             0.09881
            -3.01000             0.09940
            -3.00000             0.10000
            -2.99000             0.10060
            -2.98000             0.10121
            -2.97000             0.10182
            -2.96000             0.10244
            -2.95000             0.10306
            -2.94000             0.10369
            -2.93000             0.10433
            -2.92000             0.10497
            -2.91000             0.10561
            -2.90000             0.10627
            -2.89000             0.10692
            -2.88000             0.10759
            -2.87000             0.10826
            -2.86000             0.10893
            -2.85000             0.10961
            -2.84000             0.11030
            -2.83000             0.11100
            -2.82000             0.11170
            -2.81000             0.11240
            -2.80000             0.11312
            -2.79000             0.11384
            -2.78000             0.11456
            -2.77000             0.11530
            -2.76000             0.11604
            -2.75000             0.11678
            -2.74000             0.11754
            -2.73000             0.11830
            -2.72000             0.11906
            -2.71000             0.11984
            -2.70000             0.12062
            -2.69000             0.12141
            -2.68000             0.12221
            -2.67000             0.12301
            -2.66000             0.12382
            -2.65000             0.12464
            -2.64000             0.12547
            -2.63000             0.12630
            -2.62000             0.12715
            -2.61000             0.12800
            -2.60000             0.12886
            -2.59000             0.12973
            -2.58000             0.13060
            -2.57000             0.13149
            -2.56000             0.13238
            -2.55000             0.13328
            -2.54000             0.13419
            -2.53000             0.13511
            -2.52000             0.13604
            -2.51000             0.13697
            -2.50000             0.13792
            -2.49000             0.13888
            -2.48000             0.13984
            -2.47000             0.14082
            -2.46000             0.14180
            -2.45000             0.14280
            -2.44000             0.14380
            -2.43000             0.14481
            -2.42000             0.14584
            -2.41000             0.14687
            -2.40000             0.14792
            -2.39000             0.14897
            -2.38000             0.15004
            -2.37000             0.15112
            -2.36000             0.15220
            -2.35000             0.15330
            -2.34000             0.15441
            -2.33000             0.15553
            -2.32000             0.15667
            -2.31000             0.15781
            -2.30000             0.15897
            -2.29000             0.16014
            -2.28000             0.16132
            -2.27000             0.16251
            -2.26000             0.16371
            -2.25000             0.16493
            -2.24000             0.16616
            -2.23000             0.16741
            -2.22000             0.16866
            -2.21000             0.16993
            -2.20000             0.17122
            -2.19000             0.17251
            -2.18000             0.17382
            -2.17000             0.17515
            -2.16000             0.17648
            -2.15000             0.17784
            -2.14000             0.17920
            -2.13000             0.18059
            -2.12000             0.18198
            -2.11000             0.18339
            -2.10000             0.18482
            -2.09000             0.18626
            -2.08000             0.18772
            -2.07000             0.18920
            -2.06000             0.19069
            -2.05000             0.19219
            -2.04000             0.19371
            -2.03000             0.19525
            -2.02000             0.19681
            -2.01000             0.19838
            -2.00000             0.19997
            -1.99000             0.20158
            -1.98000             0.20321
            -1.97000             0.20485
            -1.96000             0.20651
            -1.95000             0.20820
            -1.94000             0.20990
            -1.93000             0.21161
            -1.92000             0.21335
            -1.91000             0.21511
            -1.90000             0.21689
            -1.89000             0.21869
            -1.88000             0.22050
            -1.87000             0.22234
            -1.86000             0.22420
            -1.85000             0.22608
            -1.84000             0.22798
            -1.83000             0.22991
            -1.82000             0.23185
            -1.81000             0.23382
            -1.80000             0.23581
            -1.79000             0.23782
            -1.78000             0.23986
            -1.77000             0.24192
            -1.76000             0.24400
            -1.75000             0.24611
            -1.74000             0.24824
            -1.73000             0.25040
            -1.72000             0.25258
            -1.71000             0.25479
            -1.70000             0.25702
            -1.69000             0.25928
            -1.68000             0.26157
            -1.67000             0.26388
            -1.66000             0.26622
            -1.65000             0.26858
            -1.64000             0.27098
            -1.63000             0.27340
            -1.62000             0.27585
            -1.61000             0.27833
            -1.60000             0.28084
            -1.59000             0.28338
            -1.58000             0.28595
            -1.57000             0.28855
            -1.56000             0.29118
            -1.55000             0.29384
            -1.54000             0.29653
            -1.53000             0.29925
            -1.52000             0.30201
            -1.51000             0.30480
            -1.50000             0.30762
            -1.49000             0.31048
            -1.48000             0.31337
            -1.47000             0.31629
            -1.46000             0.31925
            -1.45000             0.32224
            -1.44000             0.32527
            -1.43000             0.32833
            -1.42000             0.33144
            -1.41000             0.33457
            -1.40000             0.33775
            -1.39000             0.34096
            -1.38000             0.34421
            -1.37000             0.34750
            -1.36000             0.35083
            -1.35000             0.35420
            -1.34000             0.35760
            -1.33000             0.36105
            -1.32000             0.36454
            -1.31000             0.36807
            -1.30000             0.37164
            -1.29000             0.37525
            -1.28000             0.37890
            -1.27000             0.38260
            -1.26000             0.38634
            -1.25000             0.39012
            -1.24000             0.39395
            -1.23000             0.39782
            -1.22000             0.40174
            -1.21000             0.40570
            -1.20000             0.40970
            -1.19000             0.41375
            -1.18000             0.41785
            -1.17000             0.42199
            -1.16000             0.42618
            -1.15000             0.43042
            -1.14000             0.43471
            -1.13000             0.43904
            -1.12000             0.44342
            -1.11000             0.44785
            -1.10000             0.45232
            -1.09000             0.45685
            -1.08000             0.46142
            -1.07000             0.46605
            -1.06000             0.47072
            -1.05000             0.47544
            -1.04000             0.48021
            -1.03000             0.48503
            -1.02000             0.48990
            -1.01000             0.49483
            -1.00000             0.49980
            -0.99000             0.50482
            -0.98000             0.50989
            -0.97000             0.51501
            -0.96000             0.52018
            -0.95000             0.52540
            -0.94000             0.53067
            -0.93000             0.53599
            -0.92000             0.54136
            -0.91000             0.54677
            -0.90000             0.55224
            -0.89000             0.55775
            -0.88000             0.56331
            -0.87000             0.56892
            -0.86000             0.57458
            -0.85000             0.58028
            -0.84000             0.58603
            -0.83000             0.59182
            -0.82000             0.59766
            -0.81000             0.60353
            -0.80000             0.60946
            -0.79000             0.61542
            -0.78000             0.62143
            -0.77000             0.62747
            -0.76000             0.63355
            -0.75000             0.63967
            -0.74000             0.64583
            -0.73000             0.65202
            -0.72000             0.65824
            -0.71000             0.66450
            -0.70000             0.67078
            -0.69000             0.67710
            -0.68000             0.68344
            -0.67000             0.68980
            -0.66000             0.69619
            -0.65000             0.70260
            -0.64000             0.70903
            -0.63000             0.71547
            -0.62000             0.72193
            -0.61000             0.72840
            -0.60000             0.73488
            -0.59000             0.74136
            -0.58000             0.74785
            -0.57000             0.75434
            -0.56000             0.76082
            -0.55000             0.76731
            -0.54000             0.77378
            -0.53000             0.78024
            -0.52000             0.78669
            -0.51000             0.79311
            -0.50000             0.79952
            -0.49000             0.80590
            -0.48000             0.81225
            -0.47000             0.81857
            -0.46000             0.82485
            -0.45000             0.83109
            -0.44000             0.83729
            -0.43000             0.84343
            -0.42000             0.84952
            -0.41000             0.85556
            -0.40000             0.86153
            -0.39000             0.86744
            -0.38000             0.87327
            -0.37000             0.87903
            -0.36000             0.88471
            -0.35000             0.89030
            -0.34000             0.89581
            -0.33000             0.90122
            -0.32000             0.90653
            -0.31000             0.91174
            -0.30000             0.91684
            -0.29000             0.92183
            -0.28000             0.92670
            -0.27000             0.93145
            -0.26000             0.93607
            -0.25000             0.94056
            -0.24000             0.94492
            -0.23000             0.94914
            -0.22000             0.95321
            -0.21000             0.95714
            -0.20000             0.96091
            -0.19000             0.96453
            -0.18000             0.96798
            -0.17000             0.97127
            -0.16000             0.97440
            -0.15000             0.97735
            -0.14000             0.98013
            -0.13000             0.98273
            -0.12000             0.98515
            -0.11000             0.98739
            -0.10000             0.98945
            -0.09000             0.99131
            -0.08000             0.99298
            -0.07000             0.99447
            -0.06000             0.99575
            -0.05000             0.99685
            -0.04000             0.99774
            -0.03000             0.99844
            -0.02000             0.99894
            -0.01000             0.99924
            -0.00000             0.99934
             0.01000             0.99924
             0.02000             0.99894
             0.03000             0.99844
             0.04000             0.99774
             0.05000             0.99685
             0.06000             0.99576
             0.07000             0.99447
             0.08000             0.99299
             0.09000             0.99131
             0.10000             0.98945
             0.11000             0.98739
             0.12000             0.98516
             0.13000             0.98273
             0.14000             0.98013
             0.15000             0.97735
             0.16000             0.97440
             0.17000             0.97128
             0.18000             0.96798
             0.19000             0.96453
             0.20000             0.96091
             0.21000             0.95714
             0.22000             0.95321
             0.23000             0.94914
             0.24000             0.94492
             0.25000             0.94057
             0.26000             0.93607
             0.27000             0.93145
             0.28000             0.92670
             0.29000             0.92183
             0.30000             0.91684
             0.31000             0.91174
             0.32000             0.90653
             0.33000             0.90122
             0.34000             0.89581
             0.35000             0.89030
             0.36000             0.88471
             0.37000             0.87903
             0.38000             0.87327
             0.39000             0.86744
             0.40000             0.86153
             0.41000             0.85556
             0.42000             0.84952
             0.43000             0.84343
             0.44000             0.83729
             0.45000             0.83109
             0.46000             0.82485
             0.47000             0.81857
             0.48000             0.81225
             0.49000             0.80590
             0.50000             0.79952
             0.51000             0.79312
             0.52000             0.78669
             0.53000             0.78024
             0.54000             0.77378
             0.55000             0.76731
             0.56000             0.76082
             0.57000             0.75434
             0.58000             0.74785
             0.59000             0.74136
             0.60000             0.73488
             0.61000             0.72840
             0.62000             0.72193
             0.63000             0.71547
             0.64000             0.70903
             0.65000             0.70260
             0.66000             0.69619
             0.67000             0.68980
             0.68000             0.68344
             0.69000             0.67710
             0.70000             0.67079
             0.71000             0.66450
             0.72000             0.65824
             0.73000             0.65202
             0.74000             0.64583
             0.75000             0.63967
             0.76000             0.63355
             0.77000             0.62747
             0.78000             0.62143
             0.79000             0.61542
             0.80000             0.60946
             0.81000             0.60353
             0.82000             0.59765
             0.83000             0.59182
             0.84000             0.58603
             0.85000             0.58028
             0.86000             0.57458
             0.87000             0.56892
             0.88000             0.56331
             0.89000             0.55775
             0.90000             0.55224
             0.91000             0.54677
             0.92000             0.54136
             0.93000             0.53599
             0.94000             0.53067
             0.95000             0.52540
             0.96000             0.52018
             0.97000             0.51501
             0.98000             0.50989
             0.99000             0.50482
             1.00000             0.49980
             1.01000             0.49483
             1.02000             0.48990
             1.03000             0.48503
             1.04000             0.48021
             1.05000             0.47544
             1.06000             0.47072
             1.07000             0.46605
             1.08000             0.46142
             1.09000             0.45685
             1.10000             0.45232
             1.11000             0.44785
             1.12000             0.44342
             1.13000             0.43904
             1.14000             0.43470
             1.15000             0.43042
             1.16000             0.42618
             1.17000             0.42199
             1.18000             0.41785
             1.19000             0.41375
             1.20000             0.40970
             1.21000             0.40569
             1.22000             0.40173
             1.23000             0.39782
             1.24000             0.39395
             1.25000             0.39012
             1.26000             0.38634
             1.27000             0.38260
             1.28000             0.37890
             1.29000             0.37525
             1.30000             0.37164
             1.31000             0.36807
             1.32000             0.36454
             1.33000             0.36105
             1.34000             0.35760
             1.35000             0.35420
             1.36000             0.35083
             1.37000             0.34750
             1.38000             0.34421
             1.39000             0.34096
             1.40000             0.33775
             1.41000             0.33457
             1.42000             0.33144
             1.43000             0.32833
             1.44000             0.32527
             1.45000             0.32224
             1.46000             0.31925
             1.47000             0.31629
             1.48000             0.31336
             1.49000             0.31048
             1.50000             0.30762
             1.51000             0.30480
             1.52000             0.30201
             1.53000             0.29925
             1.54000             0.29653
             1.55000             0.29384
             1.56000             0.29118
             1.57000             0.28855
             1.58000             0.28595
             1.59000             0.28338
             1.60000             0.28084
             1.61000             0.27833
             1.62000             0.27585
             1.63000             0.27340
             1.64000             0.27098
             1.65000             0.26858
             1.66000             0.26622
             1.67000             0.26388
             1.68000             0.26157
             1.69000             0.25928
             1.70000             0.25702
             1.71000             0.25479
             1.72000             0.25258
             1.73000             0.25040
             1.74000             0.24824
             1.75000             0.24611
             1.76000             0.24400
             1.77000             0.24192
             1.78000             0.23986
             1.79000             0.23782
             1.80000             0.23581
             1.81000             0.23382
             1.82000             0.23185
             1.83000             0.22991
             1.84000             0.22798
             1.85000             0.22608
             1.86000             0.22420
             1.87000             0.22234
             1.88000             0.22050
             1.89000             0.21869
             1.90000             0.21689
             1.91000             0.21511
             1.92000             0.21335
             1.93000             0.21161
             1.94000             0.20990
             1.95000             0.20820
             1.96000             0.20651
             1.97000             0.20485
             1.98000             0.20321
             1.99000             0.20158
             2.00000             0.19997
             2.01000             0.19838
             2.02000             0.19681
             2.03000             0.19525
             2.04000             0.19371
             2.05000             0.19219
             2.06000             0.19069
             2.07000             0.18920
             2.08000             0.18772
             2.09000             0.18626
             2.10000             0.18482
             2.11000             0.18339
             2.12000             0.18198
             2.13000             0.18059
             2.14000             0.17920
             2.15000             0.17784
             2.16000             0.17648
             2.17000             0.17515
             2.18000             0.17382
             2.19000             0.17251
             2.20000             0.17122
             2.21000             0.16993
             2.22000             0.16866
             2.23000             0.16741
             2.24000             0.16616
             2.25000             0.16493
             2.26000             0.16371
             2.27000             0.16251
             2.28000             0.16132
             2.29000             0.16014
             2.30000             0.15897
             2.31000             0.15781
             2.32000             0.15667
             2.33000             0.15553
             2.34000             0.15441
             2.35000             0.15330
             2.36000             0.15220
             2.37000             0.15112
             2.38000             0.15004
             2.39000             0.14897
             2.40000             0.14792
             2.41000             0.14687
             2.42000             0.14584
             2.43000             0.14481
             2.44000             0.14380
             2.45000             0.14280
             2.46000             0.14180
             2.47000             0.14082
             2.48000             0.13984
             2.49000             0.13888
             2.50000             0.13792
             2.51000             0.13697
             2.52000             0.13604
             2.53000             0.13511
             2.54000             0.13419
             2.55000             0.13328
             2.56000             0.13238
             2.57000             0.13149
             2.58000             0.13060
             2.59000             0.12973
             2.60000             0.12886
             2.61000             0.12800
             2.62000             0.12715
             2.63000             0.12630
             2.64000             0.12547
             2.65000             0.12464
             2.66000             0.12382
             2.67000             0.12301
             2.68000             0.12221
             2.69000             0.12141
             2.70000             0.12062
             2.71000             0.11984
             2.72000             0.11906
             2.73000             0.11830
             2.74000             0.11754
             2.75000             0.11678
             2.76000             0.11604
             2.77000             0.11530
             2.78000             0.11456
             2.79000             0.11384
             2.80000             0.11312
             2.81000             0.11240
             2.82000             0.11170
             2.83000             0.11100
             2.84000             0.11030
             2.85000             0.10961
             2.86000             0.10893
             2.87000             0.10826
             2.88000             0.10759
             2.89000             0.10692
             2.90000             0.10627
             2.91000             0.10561
             2.92000             0.10497
             2.93000             0.10433
             2.94000             0.10369
             2.95000             0.10306
             2.96000             0.10244
             2.97000             0.10182
             2.98000             0.10121
             2.99000             0.10060
             3.00000             0.10000
             3.01000             0.09940
             3.02000             0.09881
             3.03000             0.09822
             3.04000             0.09764
             3.05000             0.09706
             3.06000             0.09649
             3.07000             0.09592
             3.08000             0.09536
             3.09000             0.09480
             3.10000             0.09425
             3.11000             0.09370
             3.12000             0.09316
             3.13000             0.09262
             3.14000             0.09208
             3.15000             0.09155
             3.16000             0.09103
             3.17000             0.09050
             3.18000             0.08999
             3.19000             0.08947
             3.20000             0.08897
             3.21000             0.08846
             3.22000             0.08796
             3.23000             0.08746
             3.24000             0.08697
             3.25000             0.08648
             3.26000             0.08600
             3.27000             0.08552
             3.28000             0.08504
             3.29000             0.08457
             3.30000             0.08410
             3.31000             0.08364
             3.32000             0.08318
             3.33000             0.08272
             3.34000             0.08226
             3.35000             0.08181
             3.36000             0.08137
             3.37000             0.08092
             3.38000             0.08048
             3.39000             0.08005
             3.40000             0.07962
             3.41000             0.07919
             3.42000             0.07876
             3.43000             0.07834
             3.44000             0.07792
             3.45000             0.07750
             3.46000             0.07709
             3.47000             0.07668
             3.48000             0.07627
             3.49000             0.07587
             3.50000             0.07547
             3.51000             0.07507
             3.52000             0.07468
             3.53000             0.07429
             3.54000             0.07390
             3.55000             0.07351
             3.56000             0.07313
             3.57000             0.07275
             3.58000             0.07238
             3.59000             0.07200
             3.60000             0.07163
             3.61000             0.07126
             3.62000             0.07090
             3.63000             0.07054
             3.64000             0.07018
             3.65000             0.06982
             3.66000             0.06946
             3.67000             0.06911
             3.68000             0.06876
             3.69000             0.06842
             3.70000             0.06807
             3.71000             0.06773
             3.72000             0.06739
             3.73000             0.06705
             3.74000             0.06672
             3.75000             0.06639
             3.76000             0.06606
             3.77000             0.06573
             3.78000             0.06541
             3.79000             0.06509
             3.80000             0.06477
             3.81000             0.06445
             3.82000             0.06413
             3.83000             0.06382
             3.84000             0.06351
             3.85000             0.06320
             3.86000             0.06289
             3.87000             0.06259
             3.88000             0.06229
             3.89000             0.06199
             3.90000             0.06169
             3.91000             0.06139
             3.92000             0.06110
             3.93000             0.06081
             3.94000             0.06052
             3.95000             0.06023
             3.96000             0.05995
             3.97000             0.05966
             3.98000             0.05938
             3.99000             0.05910
             4.00000             0.05882
             4.01000             0.05855
             4.02000             0.05827
             4.03000             0.05800
             4.04000             0.05773
             4.05000             0.05746
             4.06000             0.05720
             4.07000             0.05693
             4.08000             0.05667
             4.09000             0.05641
             4.10000             0.05615
             4.11000             0.05589
             4.12000             0.05563
             4.13000             0.05538
             4.14000             0.05513
             4.15000             0.05488
             4.16000             0.05463
             4.17000             0.05438
             4.18000             0.05413
             4.19000             0.05389
             4.20000             0.05365
             4.21000             0.05341
             4.22000             0.05317
             4.23000             0.05293
             4.24000             0.05269
             4.25000             0.05246
             4.26000             0.05223
             4.27000             0.05199
             4.28000             0.05176
             4.29000             0.05154
             4.30000             0.05131
             4.31000             0.05108
             4.32000             0.05086
             4.33000             0.05064
             4.34000             0.05041
             4.35000             0.05019
             4.36000             0.04998
             4.37000             0.04976
             4.38000             0.04954
             4.39000             0.04933
             4.40000             0.04912
             4.41000             0.04890
             4.42000             0.04869
             4.43000             0.04848
             4.44000             0.04828
             4.45000             0.04807
             4.46000             0.04787
             4.47000             0.04766
             4.48000             0.04746
             4.49000             0.04726
             4.50000             0.04706
             4.51000             0.04686
             4.52000             0.04666
             4.53000             0.04647
             4.54000             0.04627
             4.55000             0.04608
             4.56000             0.04588
             4.57000             0.04569
             4.58000             0.04550
             4.59000             0.04531
             4.60000             0.04513
             4.61000             0.04494
             4.62000             0.04475
             4.63000             0.04457
             4.64000             0.04439
             4.65000             0.04420
             4.66000             0.04402
             4.67000             0.04384
             4.68000             0.04366
             4.69000             0.04349
             4.70000             0.04331
             4.71000             0.04313
             4.72000             0.04296
             4.73000             0.04278
             4.74000             0.04261
             4.75000             0.04244
             4.76000             0.04227
             4.77000             0.04210
             4.78000             0.04193
             4.79000             0.04176
             4.80000             0.04160
             4.81000             0.04143
             4.82000             0.04127
             4.83000             0.04110
             4.84000             0.04094
             4.85000             0.04078
             4.86000             0.04062
             4.87000             0.04046
             4.88000             0.04030
             4.89000             0.04014
             4.90000             0.03998
             4.91000             0.03983
             4.92000             0.03967
             4.93000             0.03952
             4.94000             0.03936
             4.95000             0.03921
             4.96000             0.03906
             4.97000             0.03891
             4.98000             0.03876
             4.99000             0.03861
             5.00000             0.03846
