   0.00000   0.00674
   0.04000   0.00990
   0.08000   0.01432
   0.12000   0.02047
   0.16000   0.02884
   0.20000   0.04000
   0.24000   0.05462
   0.28000   0.07341
   0.32000   0.09713
   0.36000   0.12650
   0.40000   0.16215
   0.44000   0.20457
   0.48000   0.25400
   0.52000   0.31038
   0.56000   0.37325
   0.60000   0.44172
   0.64000   0.51442
   0.68000   0.58954
   0.72000   0.66485
   0.76000   0.73782
   0.80000   0.80574
   0.84000   0.86587
   0.88000   0.91565
   0.92000   0.95286
   0.96000   0.97579
   1.00000   0.98337
   1.04000   0.97526
   1.08000   0.95186
   1.12000   0.91428
   1.16000   0.86428
   1.20000   0.80409
   1.24000   0.73626
   1.28000   0.66351
   1.32000   0.58851
   1.36000   0.51377
   1.40000   0.44144
   1.44000   0.37332
   1.48000   0.31074
   1.52000   0.25456
   1.56000   0.20525
   1.60000   0.16287
   1.64000   0.12719
   1.68000   0.09774
   1.72000   0.07391
   1.76000   0.05499
   1.80000   0.04026
   1.84000   0.02899
   1.88000   0.02053
   1.92000   0.01430
   1.96000   0.00979
   2.00000   0.00659
