  -2.00000   7.38906
  -1.95000   6.69541
  -1.90000   6.08198
  -1.85000   5.53708
  -1.80000   5.05379
  -1.75000   4.62417
  -1.70000   4.24170
  -1.65000   3.90063
  -1.60000   3.59598
  -1.55000   3.32344
  -1.50000   3.07926
  -1.45000   2.86017
  -1.40000   2.66333
  -1.35000   2.48626
  -1.30000   2.32677
  -1.25000   2.18298
  -1.20000   2.05320
  -1.15000   1.93598
  -1.10000   1.83003
  -1.05000   1.73421
  -1.00000   1.64752
  -0.95000   1.56909
  -0.90000   1.49814
  -0.85000   1.43398
  -0.80000   1.37600
  -0.75000   1.32368
  -0.70000   1.27653
  -0.65000   1.23415
  -0.60000   1.19616
  -0.55000   1.16224
  -0.50000   1.13212
  -0.45000   1.10553
  -0.40000   1.08228
  -0.35000   1.06216
  -0.30000   1.04503
  -0.25000   1.03075
  -0.20000   1.01921
  -0.15000   1.01033
  -0.10000   1.00402
  -0.05000   1.00026
   0.00000   0.99900
   0.05000   1.00024
   0.10000   1.00400
   0.15000   1.01028
   0.20000   1.01915
   0.25000   1.03068
   0.30000   1.04494
   0.35000   1.06205
   0.40000   1.08214
   0.45000   1.10537
   0.50000   1.13193
   0.55000   1.16202
   0.60000   1.19590
   0.65000   1.23385
   0.70000   1.27619
   0.75000   1.32328
   0.80000   1.37555
   0.85000   1.43345
   0.90000   1.49753
   0.95000   1.56839
   1.00000   1.64671
   1.05000   1.73327
   1.10000   1.82894
   1.15000   1.93472
   1.20000   2.05173
   1.25000   2.18127
   1.30000   2.32478
   1.35000   2.48393
   1.40000   2.66061
   1.45000   2.85699
   1.50000   3.07553
   1.55000   3.31906
   1.60000   3.59083
   1.65000   3.89456
   1.70000   4.23455
   1.75000   4.61572
   1.80000   5.04377
   1.85000   5.52530
   1.90000   6.06791
   1.95000   6.68047
