                   -2.000                    7.389
                   -1.950                    6.694
                   -1.900                    6.080
                   -1.850                    5.536
                   -1.800                    5.053
                   -1.750                    4.624
                   -1.700                    4.242
                   -1.650                    3.901
                   -1.600                    3.597
                   -1.550                    3.325
                   -1.500                    3.080
                   -1.450                    2.861
                   -1.400                    2.665
                   -1.350                    2.488
                   -1.300                    2.328
                   -1.250                    2.184
                   -1.200                    2.055
                   -1.150                    1.937
                   -1.100                    1.832
                   -1.050                    1.736
                   -1.000                    1.649
                   -0.950                    1.571
                   -0.900                    1.500
                   -0.850                    1.435
                   -0.800                    1.377
                   -0.750                    1.325
                   -0.700                    1.278
                   -0.650                    1.235
                   -0.600                    1.197
                   -0.550                    1.163
                   -0.500                    1.133
                   -0.450                    1.107
                   -0.400                    1.083
                   -0.350                    1.063
                   -0.300                    1.046
                   -0.250                    1.032
                   -0.200                    1.020
                   -0.150                    1.011
                   -0.100                    1.005
                   -0.050                    1.001
                    0.000                    1.000
                    0.050                    1.001
                    0.100                    1.005
                    0.150                    1.011
                    0.200                    1.020
                    0.250                    1.032
                    0.300                    1.046
                    0.350                    1.063
                    0.400                    1.083
                    0.450                    1.107
                    0.500                    1.133
                    0.550                    1.163
                    0.600                    1.197
                    0.650                    1.235
                    0.700                    1.278
                    0.750                    1.325
                    0.800                    1.377
                    0.850                    1.435
                    0.900                    1.500
                    0.950                    1.571
                    1.000                    1.649
                    1.050                    1.736
                    1.100                    1.832
                    1.150                    1.938
                    1.200                    2.055
                    1.250                    2.185
                    1.300                    2.328
                    1.350                    2.488
                    1.400                    2.665
                    1.450                    2.862
                    1.500                    3.081
                    1.550                    3.325
                    1.600                    3.597
                    1.650                    3.901
                    1.700                    4.242
                    1.750                    4.624
                    1.800                    5.053
                    1.850                    5.536
                    1.900                    6.080
                    1.950                    6.695
