                   -5.000                    0.038
                   -4.990                    0.039
                   -4.980                    0.039
                   -4.970                    0.039
                   -4.960                    0.039
                   -4.950                    0.039
                   -4.940                    0.039
                   -4.930                    0.040
                   -4.920                    0.040
                   -4.910                    0.040
                   -4.900                    0.040
                   -4.890                    0.040
                   -4.880                    0.040
                   -4.870                    0.040
                   -4.860                    0.041
                   -4.850                    0.041
                   -4.840                    0.041
                   -4.830                    0.041
                   -4.820                    0.041
                   -4.810                    0.041
                   -4.800                    0.042
                   -4.790                    0.042
                   -4.780                    0.042
                   -4.770                    0.042
                   -4.760                    0.042
                   -4.750                    0.042
                   -4.740                    0.043
                   -4.730                    0.043
                   -4.720                    0.043
                   -4.710                    0.043
                   -4.700                    0.043
                   -4.690                    0.043
                   -4.680                    0.044
                   -4.670                    0.044
                   -4.660                    0.044
                   -4.650                    0.044
                   -4.640                    0.044
                   -4.630                    0.045
                   -4.620                    0.045
                   -4.610                    0.045
                   -4.600                    0.045
                   -4.590                    0.045
                   -4.580                    0.046
                   -4.570                    0.046
                   -4.560                    0.046
                   -4.550                    0.046
                   -4.540                    0.046
                   -4.530                    0.046
                   -4.520                    0.047
                   -4.510                    0.047
                   -4.500                    0.047
                   -4.490                    0.047
                   -4.480                    0.047
                   -4.470                    0.048
                   -4.460                    0.048
                   -4.450                    0.048
                   -4.440                    0.048
                   -4.430                    0.048
                   -4.420                    0.049
                   -4.410                    0.049
                   -4.400                    0.049
                   -4.390                    0.049
                   -4.380                    0.050
                   -4.370                    0.050
                   -4.360                    0.050
                   -4.350                    0.050
                   -4.340                    0.050
                   -4.330                    0.051
                   -4.320                    0.051
                   -4.310                    0.051
                   -4.300                    0.051
                   -4.290                    0.052
                   -4.280                    0.052
                   -4.270                    0.052
                   -4.260                    0.052
                   -4.250                    0.052
                   -4.240                    0.053
                   -4.230                    0.053
                   -4.220                    0.053
                   -4.210                    0.053
                   -4.200                    0.054
                   -4.190                    0.054
                   -4.180                    0.054
                   -4.170                    0.054
                   -4.160                    0.055
                   -4.150                    0.055
                   -4.140                    0.055
                   -4.130                    0.055
                   -4.120                    0.056
                   -4.110                    0.056
                   -4.100                    0.056
                   -4.090                    0.056
                   -4.080                    0.057
                   -4.070                    0.057
                   -4.060                    0.057
                   -4.050                    0.057
                   -4.040                    0.058
                   -4.030                    0.058
                   -4.020                    0.058
                   -4.010                    0.059
                   -4.000                    0.059
                   -3.990                    0.059
                   -3.980                    0.059
                   -3.970                    0.060
                   -3.960                    0.060
                   -3.950                    0.060
                   -3.940                    0.061
                   -3.930                    0.061
                   -3.920                    0.061
                   -3.910                    0.061
                   -3.900                    0.062
                   -3.890                    0.062
                   -3.880                    0.062
                   -3.870                    0.063
                   -3.860                    0.063
                   -3.850                    0.063
                   -3.840                    0.064
                   -3.830                    0.064
                   -3.820                    0.064
                   -3.810                    0.064
                   -3.800                    0.065
                   -3.790                    0.065
                   -3.780                    0.065
                   -3.770                    0.066
                   -3.760                    0.066
                   -3.750                    0.066
                   -3.740                    0.067
                   -3.730                    0.067
                   -3.720                    0.067
                   -3.710                    0.068
                   -3.700                    0.068
                   -3.690                    0.068
                   -3.680                    0.069
                   -3.670                    0.069
                   -3.660                    0.069
                   -3.650                    0.070
                   -3.640                    0.070
                   -3.630                    0.071
                   -3.620                    0.071
                   -3.610                    0.071
                   -3.600                    0.072
                   -3.590                    0.072
                   -3.580                    0.072
                   -3.570                    0.073
                   -3.560                    0.073
                   -3.550                    0.074
                   -3.540                    0.074
                   -3.530                    0.074
                   -3.520                    0.075
                   -3.510                    0.075
                   -3.500                    0.075
                   -3.490                    0.076
                   -3.480                    0.076
                   -3.470                    0.077
                   -3.460                    0.077
                   -3.450                    0.078
                   -3.440                    0.078
                   -3.430                    0.078
                   -3.420                    0.079
                   -3.410                    0.079
                   -3.400                    0.080
                   -3.390                    0.080
                   -3.380                    0.080
                   -3.370                    0.081
                   -3.360                    0.081
                   -3.350                    0.082
                   -3.340                    0.082
                   -3.330                    0.083
                   -3.320                    0.083
                   -3.310                    0.084
                   -3.300                    0.084
                   -3.290                    0.085
                   -3.280                    0.085
                   -3.270                    0.086
                   -3.260                    0.086
                   -3.250                    0.086
                   -3.240                    0.087
                   -3.230                    0.087
                   -3.220                    0.088
                   -3.210                    0.088
                   -3.200                    0.089
                   -3.190                    0.089
                   -3.180                    0.090
                   -3.170                    0.091
                   -3.160                    0.091
                   -3.150                    0.092
                   -3.140                    0.092
                   -3.130                    0.093
                   -3.120                    0.093
                   -3.110                    0.094
                   -3.100                    0.094
                   -3.090                    0.095
                   -3.080                    0.095
                   -3.070                    0.096
                   -3.060                    0.096
                   -3.050                    0.097
                   -3.040                    0.098
                   -3.030                    0.098
                   -3.020                    0.099
                   -3.010                    0.099
                   -3.000                    0.100
                   -2.990                    0.101
                   -2.980                    0.101
                   -2.970                    0.102
                   -2.960                    0.102
                   -2.950                    0.103
                   -2.940                    0.104
                   -2.930                    0.104
                   -2.920                    0.105
                   -2.910                    0.106
                   -2.900                    0.106
                   -2.890                    0.107
                   -2.880                    0.108
                   -2.870                    0.108
                   -2.860                    0.109
                   -2.850                    0.110
                   -2.840                    0.110
                   -2.830                    0.111
                   -2.820                    0.112
                   -2.810                    0.112
                   -2.800                    0.113
                   -2.790                    0.114
                   -2.780                    0.115
                   -2.770                    0.115
                   -2.760                    0.116
                   -2.750                    0.117
                   -2.740                    0.118
                   -2.730                    0.118
                   -2.720                    0.119
                   -2.710                    0.120
                   -2.700                    0.121
                   -2.690                    0.121
                   -2.680                    0.122
                   -2.670                    0.123
                   -2.660                    0.124
                   -2.650                    0.125
                   -2.640                    0.125
                   -2.630                    0.126
                   -2.620                    0.127
                   -2.610                    0.128
                   -2.600                    0.129
                   -2.590                    0.130
                   -2.580                    0.131
                   -2.570                    0.131
                   -2.560                    0.132
                   -2.550                    0.133
                   -2.540                    0.134
                   -2.530                    0.135
                   -2.520                    0.136
                   -2.510                    0.137
                   -2.500                    0.138
                   -2.490                    0.139
                   -2.480                    0.140
                   -2.470                    0.141
                   -2.460                    0.142
                   -2.450                    0.143
                   -2.440                    0.144
                   -2.430                    0.145
                   -2.420                    0.146
                   -2.410                    0.147
                   -2.400                    0.148
                   -2.390                    0.149
                   -2.380                    0.150
                   -2.370                    0.151
                   -2.360                    0.152
                   -2.350                    0.153
                   -2.340                    0.154
                   -2.330                    0.156
                   -2.320                    0.157
                   -2.310                    0.158
                   -2.300                    0.159
                   -2.290                    0.160
                   -2.280                    0.161
                   -2.270                    0.163
                   -2.260                    0.164
                   -2.250                    0.165
                   -2.240                    0.166
                   -2.230                    0.167
                   -2.220                    0.169
                   -2.210                    0.170
                   -2.200                    0.171
                   -2.190                    0.173
                   -2.180                    0.174
                   -2.170                    0.175
                   -2.160                    0.177
                   -2.150                    0.178
                   -2.140                    0.179
                   -2.130                    0.181
                   -2.120                    0.182
                   -2.110                    0.183
                   -2.100                    0.185
                   -2.090                    0.186
                   -2.080                    0.188
                   -2.070                    0.189
                   -2.060                    0.191
                   -2.050                    0.192
                   -2.040                    0.194
                   -2.030                    0.195
                   -2.020                    0.197
                   -2.010                    0.198
                   -2.000                    0.200
                   -1.990                    0.202
                   -1.980                    0.203
                   -1.970                    0.205
                   -1.960                    0.207
                   -1.950                    0.208
                   -1.940                    0.210
                   -1.930                    0.212
                   -1.920                    0.213
                   -1.910                    0.215
                   -1.900                    0.217
                   -1.890                    0.219
                   -1.880                    0.221
                   -1.870                    0.222
                   -1.860                    0.224
                   -1.850                    0.226
                   -1.840                    0.228
                   -1.830                    0.230
                   -1.820                    0.232
                   -1.810                    0.234
                   -1.800                    0.236
                   -1.790                    0.238
                   -1.780                    0.240
                   -1.770                    0.242
                   -1.760                    0.244
                   -1.750                    0.246
                   -1.740                    0.248
                   -1.730                    0.250
                   -1.720                    0.253
                   -1.710                    0.255
                   -1.700                    0.257
                   -1.690                    0.259
                   -1.680                    0.262
                   -1.670                    0.264
                   -1.660                    0.266
                   -1.650                    0.269
                   -1.640                    0.271
                   -1.630                    0.273
                   -1.620                    0.276
                   -1.610                    0.278
                   -1.600                    0.281
                   -1.590                    0.283
                   -1.580                    0.286
                   -1.570                    0.289
                   -1.560                    0.291
                   -1.550                    0.294
                   -1.540                    0.297
                   -1.530                    0.299
                   -1.520                    0.302
                   -1.510                    0.305
                   -1.500                    0.308
                   -1.490                    0.311
                   -1.480                    0.313
                   -1.470                    0.316
                   -1.460                    0.319
                   -1.450                    0.322
                   -1.440                    0.325
                   -1.430                    0.328
                   -1.420                    0.332
                   -1.410                    0.335
                   -1.400                    0.338
                   -1.390                    0.341
                   -1.380                    0.344
                   -1.370                    0.348
                   -1.360                    0.351
                   -1.350                    0.354
                   -1.340                    0.358
                   -1.330                    0.361
                   -1.320                    0.365
                   -1.310                    0.368
                   -1.300                    0.372
                   -1.290                    0.375
                   -1.280                    0.379
                   -1.270                    0.383
                   -1.260                    0.386
                   -1.250                    0.390
                   -1.240                    0.394
                   -1.230                    0.398
                   -1.220                    0.402
                   -1.210                    0.406
                   -1.200                    0.410
                   -1.190                    0.414
                   -1.180                    0.418
                   -1.170                    0.422
                   -1.160                    0.426
                   -1.150                    0.431
                   -1.140                    0.435
                   -1.130                    0.439
                   -1.120                    0.444
                   -1.110                    0.448
                   -1.100                    0.452
                   -1.090                    0.457
                   -1.080                    0.462
                   -1.070                    0.466
                   -1.060                    0.471
                   -1.050                    0.476
                   -1.040                    0.480
                   -1.030                    0.485
                   -1.020                    0.490
                   -1.010                    0.495
                   -1.000                    0.500
                   -0.990                    0.505
                   -0.980                    0.510
                   -0.970                    0.515
                   -0.960                    0.520
                   -0.950                    0.526
                   -0.940                    0.531
                   -0.930                    0.536
                   -0.920                    0.542
                   -0.910                    0.547
                   -0.900                    0.552
                   -0.890                    0.558
                   -0.880                    0.564
                   -0.870                    0.569
                   -0.860                    0.575
                   -0.850                    0.581
                   -0.840                    0.586
                   -0.830                    0.592
                   -0.820                    0.598
                   -0.810                    0.604
                   -0.800                    0.610
                   -0.790                    0.616
                   -0.780                    0.622
                   -0.770                    0.628
                   -0.760                    0.634
                   -0.750                    0.640
                   -0.740                    0.646
                   -0.730                    0.652
                   -0.720                    0.659
                   -0.710                    0.665
                   -0.700                    0.671
                   -0.690                    0.677
                   -0.680                    0.684
                   -0.670                    0.690
                   -0.660                    0.697
                   -0.650                    0.703
                   -0.640                    0.709
                   -0.630                    0.716
                   -0.620                    0.722
                   -0.610                    0.729
                   -0.600                    0.735
                   -0.590                    0.742
                   -0.580                    0.748
                   -0.570                    0.755
                   -0.560                    0.761
                   -0.550                    0.768
                   -0.540                    0.774
                   -0.530                    0.781
                   -0.520                    0.787
                   -0.510                    0.794
                   -0.500                    0.800
                   -0.490                    0.806
                   -0.480                    0.813
                   -0.470                    0.819
                   -0.460                    0.825
                   -0.450                    0.832
                   -0.440                    0.838
                   -0.430                    0.844
                   -0.420                    0.850
                   -0.410                    0.856
                   -0.400                    0.862
                   -0.390                    0.868
                   -0.380                    0.874
                   -0.370                    0.880
                   -0.360                    0.885
                   -0.350                    0.891
                   -0.340                    0.896
                   -0.330                    0.902
                   -0.320                    0.907
                   -0.310                    0.912
                   -0.300                    0.917
                   -0.290                    0.922
                   -0.280                    0.927
                   -0.270                    0.932
                   -0.260                    0.937
                   -0.250                    0.941
                   -0.240                    0.946
                   -0.230                    0.950
                   -0.220                    0.954
                   -0.210                    0.958
                   -0.200                    0.962
                   -0.190                    0.965
                   -0.180                    0.969
                   -0.170                    0.972
                   -0.160                    0.975
                   -0.150                    0.978
                   -0.140                    0.981
                   -0.130                    0.983
                   -0.120                    0.986
                   -0.110                    0.988
                   -0.100                    0.990
                   -0.090                    0.992
                   -0.080                    0.994
                   -0.070                    0.995
                   -0.060                    0.996
                   -0.050                    0.998
                   -0.040                    0.998
                   -0.030                    0.999
                   -0.020                    1.000
                   -0.010                    1.000
                   -0.000                    1.000
                    0.010                    1.000
                    0.020                    1.000
                    0.030                    0.999
                    0.040                    0.998
                    0.050                    0.998
                    0.060                    0.996
                    0.070                    0.995
                    0.080                    0.994
                    0.090                    0.992
                    0.100                    0.990
                    0.110                    0.988
                    0.120                    0.986
                    0.130                    0.983
                    0.140                    0.981
                    0.150                    0.978
                    0.160                    0.975
                    0.170                    0.972
                    0.180                    0.969
                    0.190                    0.965
                    0.200                    0.962
                    0.210                    0.958
                    0.220                    0.954
                    0.230                    0.950
                    0.240                    0.946
                    0.250                    0.941
                    0.260                    0.937
                    0.270                    0.932
                    0.280                    0.927
                    0.290                    0.922
                    0.300                    0.917
                    0.310                    0.912
                    0.320                    0.907
                    0.330                    0.902
                    0.340                    0.896
                    0.350                    0.891
                    0.360                    0.885
                    0.370                    0.880
                    0.380                    0.874
                    0.390                    0.868
                    0.400                    0.862
                    0.410                    0.856
                    0.420                    0.850
                    0.430                    0.844
                    0.440                    0.838
                    0.450                    0.832
                    0.460                    0.825
                    0.470                    0.819
                    0.480                    0.813
                    0.490                    0.806
                    0.500                    0.800
                    0.510                    0.794
                    0.520                    0.787
                    0.530                    0.781
                    0.540                    0.774
                    0.550                    0.768
                    0.560                    0.761
                    0.570                    0.755
                    0.580                    0.748
                    0.590                    0.742
                    0.600                    0.735
                    0.610                    0.729
                    0.620                    0.722
                    0.630                    0.716
                    0.640                    0.709
                    0.650                    0.703
                    0.660                    0.697
                    0.670                    0.690
                    0.680                    0.684
                    0.690                    0.677
                    0.700                    0.671
                    0.710                    0.665
                    0.720                    0.659
                    0.730                    0.652
                    0.740                    0.646
                    0.750                    0.640
                    0.760                    0.634
                    0.770                    0.628
                    0.780                    0.622
                    0.790                    0.616
                    0.800                    0.610
                    0.810                    0.604
                    0.820                    0.598
                    0.830                    0.592
                    0.840                    0.586
                    0.850                    0.581
                    0.860                    0.575
                    0.870                    0.569
                    0.880                    0.564
                    0.890                    0.558
                    0.900                    0.552
                    0.910                    0.547
                    0.920                    0.542
                    0.930                    0.536
                    0.940                    0.531
                    0.950                    0.526
                    0.960                    0.520
                    0.970                    0.515
                    0.980                    0.510
                    0.990                    0.505
                    1.000                    0.500
                    1.010                    0.495
                    1.020                    0.490
                    1.030                    0.485
                    1.040                    0.480
                    1.050                    0.476
                    1.060                    0.471
                    1.070                    0.466
                    1.080                    0.462
                    1.090                    0.457
                    1.100                    0.452
                    1.110                    0.448
                    1.120                    0.444
                    1.130                    0.439
                    1.140                    0.435
                    1.150                    0.431
                    1.160                    0.426
                    1.170                    0.422
                    1.180                    0.418
                    1.190                    0.414
                    1.200                    0.410
                    1.210                    0.406
                    1.220                    0.402
                    1.230                    0.398
                    1.240                    0.394
                    1.250                    0.390
                    1.260                    0.386
                    1.270                    0.383
                    1.280                    0.379
                    1.290                    0.375
                    1.300                    0.372
                    1.310                    0.368
                    1.320                    0.365
                    1.330                    0.361
                    1.340                    0.358
                    1.350                    0.354
                    1.360                    0.351
                    1.370                    0.348
                    1.380                    0.344
                    1.390                    0.341
                    1.400                    0.338
                    1.410                    0.335
                    1.420                    0.332
                    1.430                    0.328
                    1.440                    0.325
                    1.450                    0.322
                    1.460                    0.319
                    1.470                    0.316
                    1.480                    0.313
                    1.490                    0.311
                    1.500                    0.308
                    1.510                    0.305
                    1.520                    0.302
                    1.530                    0.299
                    1.540                    0.297
                    1.550                    0.294
                    1.560                    0.291
                    1.570                    0.289
                    1.580                    0.286
                    1.590                    0.283
                    1.600                    0.281
                    1.610                    0.278
                    1.620                    0.276
                    1.630                    0.273
                    1.640                    0.271
                    1.650                    0.269
                    1.660                    0.266
                    1.670                    0.264
                    1.680                    0.262
                    1.690                    0.259
                    1.700                    0.257
                    1.710                    0.255
                    1.720                    0.253
                    1.730                    0.250
                    1.740                    0.248
                    1.750                    0.246
                    1.760                    0.244
                    1.770                    0.242
                    1.780                    0.240
                    1.790                    0.238
                    1.800                    0.236
                    1.810                    0.234
                    1.820                    0.232
                    1.830                    0.230
                    1.840                    0.228
                    1.850                    0.226
                    1.860                    0.224
                    1.870                    0.222
                    1.880                    0.221
                    1.890                    0.219
                    1.900                    0.217
                    1.910                    0.215
                    1.920                    0.213
                    1.930                    0.212
                    1.940                    0.210
                    1.950                    0.208
                    1.960                    0.207
                    1.970                    0.205
                    1.980                    0.203
                    1.990                    0.202
                    2.000                    0.200
                    2.010                    0.198
                    2.020                    0.197
                    2.030                    0.195
                    2.040                    0.194
                    2.050                    0.192
                    2.060                    0.191
                    2.070                    0.189
                    2.080                    0.188
                    2.090                    0.186
                    2.100                    0.185
                    2.110                    0.183
                    2.120                    0.182
                    2.130                    0.181
                    2.140                    0.179
                    2.150                    0.178
                    2.160                    0.177
                    2.170                    0.175
                    2.180                    0.174
                    2.190                    0.173
                    2.200                    0.171
                    2.210                    0.170
                    2.220                    0.169
                    2.230                    0.167
                    2.240                    0.166
                    2.250                    0.165
                    2.260                    0.164
                    2.270                    0.163
                    2.280                    0.161
                    2.290                    0.160
                    2.300                    0.159
                    2.310                    0.158
                    2.320                    0.157
                    2.330                    0.156
                    2.340                    0.154
                    2.350                    0.153
                    2.360                    0.152
                    2.370                    0.151
                    2.380                    0.150
                    2.390                    0.149
                    2.400                    0.148
                    2.410                    0.147
                    2.420                    0.146
                    2.430                    0.145
                    2.440                    0.144
                    2.450                    0.143
                    2.460                    0.142
                    2.470                    0.141
                    2.480                    0.140
                    2.490                    0.139
                    2.500                    0.138
                    2.510                    0.137
                    2.520                    0.136
                    2.530                    0.135
                    2.540                    0.134
                    2.550                    0.133
                    2.560                    0.132
                    2.570                    0.131
                    2.580                    0.131
                    2.590                    0.130
                    2.600                    0.129
                    2.610                    0.128
                    2.620                    0.127
                    2.630                    0.126
                    2.640                    0.125
                    2.650                    0.125
                    2.660                    0.124
                    2.670                    0.123
                    2.680                    0.122
                    2.690                    0.121
                    2.700                    0.121
                    2.710                    0.120
                    2.720                    0.119
                    2.730                    0.118
                    2.740                    0.118
                    2.750                    0.117
                    2.760                    0.116
                    2.770                    0.115
                    2.780                    0.115
                    2.790                    0.114
                    2.800                    0.113
                    2.810                    0.112
                    2.820                    0.112
                    2.830                    0.111
                    2.840                    0.110
                    2.850                    0.110
                    2.860                    0.109
                    2.870                    0.108
                    2.880                    0.108
                    2.890                    0.107
                    2.900                    0.106
                    2.910                    0.106
                    2.920                    0.105
                    2.930                    0.104
                    2.940                    0.104
                    2.950                    0.103
                    2.960                    0.102
                    2.970                    0.102
                    2.980                    0.101
                    2.990                    0.101
                    3.000                    0.100
                    3.010                    0.099
                    3.020                    0.099
                    3.030                    0.098
                    3.040                    0.098
                    3.050                    0.097
                    3.060                    0.096
                    3.070                    0.096
                    3.080                    0.095
                    3.090                    0.095
                    3.100                    0.094
                    3.110                    0.094
                    3.120                    0.093
                    3.130                    0.093
                    3.140                    0.092
                    3.150                    0.092
                    3.160                    0.091
                    3.170                    0.091
                    3.180                    0.090
                    3.190                    0.089
                    3.200                    0.089
                    3.210                    0.088
                    3.220                    0.088
                    3.230                    0.087
                    3.240                    0.087
                    3.250                    0.086
                    3.260                    0.086
                    3.270                    0.086
                    3.280                    0.085
                    3.290                    0.085
                    3.300                    0.084
                    3.310                    0.084
                    3.320                    0.083
                    3.330                    0.083
                    3.340                    0.082
                    3.350                    0.082
                    3.360                    0.081
                    3.370                    0.081
                    3.380                    0.080
                    3.390                    0.080
                    3.400                    0.080
                    3.410                    0.079
                    3.420                    0.079
                    3.430                    0.078
                    3.440                    0.078
                    3.450                    0.078
                    3.460                    0.077
                    3.470                    0.077
                    3.480                    0.076
                    3.490                    0.076
                    3.500                    0.075
                    3.510                    0.075
                    3.520                    0.075
                    3.530                    0.074
                    3.540                    0.074
                    3.550                    0.074
                    3.560                    0.073
                    3.570                    0.073
                    3.580                    0.072
                    3.590                    0.072
                    3.600                    0.072
                    3.610                    0.071
                    3.620                    0.071
                    3.630                    0.071
                    3.640                    0.070
                    3.650                    0.070
                    3.660                    0.069
                    3.670                    0.069
                    3.680                    0.069
                    3.690                    0.068
                    3.700                    0.068
                    3.710                    0.068
                    3.720                    0.067
                    3.730                    0.067
                    3.740                    0.067
                    3.750                    0.066
                    3.760                    0.066
                    3.770                    0.066
                    3.780                    0.065
                    3.790                    0.065
                    3.800                    0.065
                    3.810                    0.064
                    3.820                    0.064
                    3.830                    0.064
                    3.840                    0.064
                    3.850                    0.063
                    3.860                    0.063
                    3.870                    0.063
                    3.880                    0.062
                    3.890                    0.062
                    3.900                    0.062
                    3.910                    0.061
                    3.920                    0.061
                    3.930                    0.061
                    3.940                    0.061
                    3.950                    0.060
                    3.960                    0.060
                    3.970                    0.060
                    3.980                    0.059
                    3.990                    0.059
                    4.000                    0.059
                    4.010                    0.059
                    4.020                    0.058
                    4.030                    0.058
                    4.040                    0.058
                    4.050                    0.057
                    4.060                    0.057
                    4.070                    0.057
                    4.080                    0.057
                    4.090                    0.056
                    4.100                    0.056
                    4.110                    0.056
                    4.120                    0.056
                    4.130                    0.055
                    4.140                    0.055
                    4.150                    0.055
                    4.160                    0.055
                    4.170                    0.054
                    4.180                    0.054
                    4.190                    0.054
                    4.200                    0.054
                    4.210                    0.053
                    4.220                    0.053
                    4.230                    0.053
                    4.240                    0.053
                    4.250                    0.052
                    4.260                    0.052
                    4.270                    0.052
                    4.280                    0.052
                    4.290                    0.052
                    4.300                    0.051
                    4.310                    0.051
                    4.320                    0.051
                    4.330                    0.051
                    4.340                    0.050
                    4.350                    0.050
                    4.360                    0.050
                    4.370                    0.050
                    4.380                    0.050
                    4.390                    0.049
                    4.400                    0.049
                    4.410                    0.049
                    4.420                    0.049
                    4.430                    0.048
                    4.440                    0.048
                    4.450                    0.048
                    4.460                    0.048
                    4.470                    0.048
                    4.480                    0.047
                    4.490                    0.047
                    4.500                    0.047
                    4.510                    0.047
                    4.520                    0.047
                    4.530                    0.046
                    4.540                    0.046
                    4.550                    0.046
                    4.560                    0.046
                    4.570                    0.046
                    4.580                    0.046
                    4.590                    0.045
                    4.600                    0.045
                    4.610                    0.045
                    4.620                    0.045
                    4.630                    0.045
                    4.640                    0.044
                    4.650                    0.044
                    4.660                    0.044
                    4.670                    0.044
                    4.680                    0.044
                    4.690                    0.043
                    4.700                    0.043
                    4.710                    0.043
                    4.720                    0.043
                    4.730                    0.043
                    4.740                    0.043
                    4.750                    0.042
                    4.760                    0.042
                    4.770                    0.042
                    4.780                    0.042
                    4.790                    0.042
                    4.800                    0.042
                    4.810                    0.041
                    4.820                    0.041
                    4.830                    0.041
                    4.840                    0.041
                    4.850                    0.041
                    4.860                    0.041
                    4.870                    0.040
                    4.880                    0.040
                    4.890                    0.040
                    4.900                    0.040
                    4.910                    0.040
                    4.920                    0.040
                    4.930                    0.040
                    4.940                    0.039
                    4.950                    0.039
                    4.960                    0.039
                    4.970                    0.039
                    4.980                    0.039
                    4.990                    0.039
                    5.000                    0.038
