                    0.000                    1.000
                    0.010                    0.829
                    0.020                    0.690
                    0.030                    0.579
                    0.040                    0.489
                    0.050                    0.418
                    0.060                    0.361
                    0.070                    0.317
                    0.080                    0.282
                    0.090                    0.255
                    0.100                    0.235
                    0.110                    0.221
                    0.120                    0.211
                    0.130                    0.204
                    0.140                    0.200
                    0.150                    0.199
                    0.160                    0.200
                    0.170                    0.203
                    0.180                    0.206
                    0.190                    0.211
                    0.200                    0.217
                    0.210                    0.223
                    0.220                    0.231
                    0.230                    0.238
                    0.240                    0.246
                    0.250                    0.254
                    0.260                    0.263
                    0.270                    0.271
                    0.280                    0.280
                    0.290                    0.289
                    0.300                    0.298
                    0.310                    0.307
                    0.320                    0.316
                    0.330                    0.325
                    0.340                    0.335
                    0.350                    0.344
                    0.360                    0.353
                    0.370                    0.362
                    0.380                    0.371
                    0.390                    0.381
                    0.400                    0.390
                    0.410                    0.399
                    0.420                    0.408
                    0.430                    0.417
                    0.440                    0.426
                    0.450                    0.435
                    0.460                    0.444
                    0.470                    0.453
                    0.480                    0.462
                    0.490                    0.471
                    0.500                    0.479
                    0.510                    0.488
                    0.520                    0.497
                    0.530                    0.506
                    0.540                    0.514
                    0.550                    0.523
                    0.560                    0.531
                    0.570                    0.540
                    0.580                    0.548
                    0.590                    0.556
                    0.600                    0.565
                    0.610                    0.573
                    0.620                    0.581
                    0.630                    0.589
                    0.640                    0.597
                    0.650                    0.605
                    0.660                    0.613
                    0.670                    0.621
                    0.680                    0.629
                    0.690                    0.637
                    0.700                    0.644
                    0.710                    0.652
                    0.720                    0.659
                    0.730                    0.667
                    0.740                    0.674
                    0.750                    0.682
                    0.760                    0.689
                    0.770                    0.696
                    0.780                    0.703
                    0.790                    0.710
                    0.800                    0.717
                    0.810                    0.724
                    0.820                    0.731
                    0.830                    0.738
                    0.840                    0.745
                    0.850                    0.751
                    0.860                    0.758
                    0.870                    0.764
                    0.880                    0.771
                    0.890                    0.777
                    0.900                    0.783
                    0.910                    0.790
                    0.920                    0.796
                    0.930                    0.802
                    0.940                    0.808
                    0.950                    0.813
                    0.960                    0.819
                    0.970                    0.825
                    0.980                    0.830
                    0.990                    0.836
                    1.000                    0.841
                    1.010                    0.847
                    1.020                    0.852
                    1.030                    0.857
                    1.040                    0.862
                    1.050                    0.867
                    1.060                    0.872
                    1.070                    0.877
                    1.080                    0.882
                    1.090                    0.887
                    1.100                    0.891
                    1.110                    0.896
                    1.120                    0.900
                    1.130                    0.904
                    1.140                    0.909
                    1.150                    0.913
                    1.160                    0.917
                    1.170                    0.921
                    1.180                    0.925
                    1.190                    0.928
                    1.200                    0.932
                    1.210                    0.936
                    1.220                    0.939
                    1.230                    0.942
                    1.240                    0.946
                    1.250                    0.949
                    1.260                    0.952
                    1.270                    0.955
                    1.280                    0.958
                    1.290                    0.961
                    1.300                    0.964
                    1.310                    0.966
                    1.320                    0.969
                    1.330                    0.971
                    1.340                    0.973
                    1.350                    0.976
                    1.360                    0.978
                    1.370                    0.980
                    1.380                    0.982
                    1.390                    0.984
                    1.400                    0.985
                    1.410                    0.987
                    1.420                    0.989
                    1.430                    0.990
                    1.440                    0.991
                    1.450                    0.993
                    1.460                    0.994
                    1.470                    0.995
                    1.480                    0.996
                    1.490                    0.997
                    1.500                    0.997
                    1.510                    0.998
                    1.520                    0.999
                    1.530                    0.999
                    1.540                    1.000
                    1.550                    1.000
                    1.560                    1.000
                    1.570                    1.000
                    1.580                    1.000
                    1.590                    1.000
                    1.600                    1.000
                    1.610                    0.999
                    1.620                    0.999
                    1.630                    0.998
                    1.640                    0.998
                    1.650                    0.997
                    1.660                    0.996
                    1.670                    0.995
                    1.680                    0.994
                    1.690                    0.993
                    1.700                    0.992
                    1.710                    0.990
                    1.720                    0.989
                    1.730                    0.987
                    1.740                    0.986
                    1.750                    0.984
                    1.760                    0.982
                    1.770                    0.980
                    1.780                    0.978
                    1.790                    0.976
                    1.800                    0.974
                    1.810                    0.972
                    1.820                    0.969
                    1.830                    0.967
                    1.840                    0.964
                    1.850                    0.961
                    1.860                    0.958
                    1.870                    0.956
                    1.880                    0.953
                    1.890                    0.949
                    1.900                    0.946
                    1.910                    0.943
                    1.920                    0.940
                    1.930                    0.936
                    1.940                    0.933
                    1.950                    0.929
                    1.960                    0.925
                    1.970                    0.921
                    1.980                    0.917
                    1.990                    0.913
                    2.000                    0.909
                    2.010                    0.905
                    2.020                    0.901
                    2.030                    0.896
                    2.040                    0.892
                    2.050                    0.887
                    2.060                    0.883
                    2.070                    0.878
                    2.080                    0.873
                    2.090                    0.868
                    2.100                    0.863
                    2.110                    0.858
                    2.120                    0.853
                    2.130                    0.848
                    2.140                    0.842
                    2.150                    0.837
                    2.160                    0.831
                    2.170                    0.826
                    2.180                    0.820
                    2.190                    0.814
                    2.200                    0.808
                    2.210                    0.803
                    2.220                    0.797
                    2.230                    0.790
                    2.240                    0.784
                    2.250                    0.778
                    2.260                    0.772
                    2.270                    0.765
                    2.280                    0.759
                    2.290                    0.752
                    2.300                    0.746
                    2.310                    0.739
                    2.320                    0.732
                    2.330                    0.725
                    2.340                    0.718
                    2.350                    0.711
                    2.360                    0.704
                    2.370                    0.697
                    2.380                    0.690
                    2.390                    0.683
                    2.400                    0.675
                    2.410                    0.668
                    2.420                    0.661
                    2.430                    0.653
                    2.440                    0.645
                    2.450                    0.638
                    2.460                    0.630
                    2.470                    0.622
                    2.480                    0.614
                    2.490                    0.606
                    2.500                    0.598
