                    0.000                    0.007
                    0.040                    0.010
                    0.080                    0.015
                    0.120                    0.021
                    0.160                    0.029
                    0.200                    0.041
                    0.240                    0.056
                    0.280                    0.075
                    0.320                    0.099
                    0.360                    0.129
                    0.400                    0.165
                    0.440                    0.209
                    0.480                    0.259
                    0.520                    0.316
                    0.560                    0.380
                    0.600                    0.450
                    0.640                    0.524
                    0.680                    0.600
                    0.720                    0.676
                    0.760                    0.750
                    0.800                    0.819
                    0.840                    0.881
                    0.880                    0.931
                    0.920                    0.969
                    0.960                    0.993
                    1.000                    1.001
                    1.040                    0.993
                    1.080                    0.969
                    1.120                    0.931
                    1.160                    0.880
                    1.200                    0.819
                    1.240                    0.750
                    1.280                    0.676
                    1.320                    0.600
                    1.360                    0.524
                    1.400                    0.450
                    1.440                    0.380
                    1.480                    0.316
                    1.520                    0.259
                    1.560                    0.209
                    1.600                    0.165
                    1.640                    0.129
                    1.680                    0.099
                    1.720                    0.075
                    1.760                    0.056
                    1.800                    0.041
                    1.840                    0.029
                    1.880                    0.021
                    1.920                    0.014
                    1.960                    0.010
                    2.000                    0.007
