   0.00000   1.00000
   0.01000   0.82873
   0.02000   0.69032
   0.03000   0.57881
   0.04000   0.48932
   0.05000   0.41785
   0.06000   0.36115
   0.07000   0.31652
   0.08000   0.28179
   0.09000   0.25515
   0.10000   0.23515
   0.11000   0.22055
   0.12000   0.21041
   0.13000   0.20388
   0.14000   0.20034
   0.15000   0.19920
   0.16000   0.20007
   0.17000   0.20253
   0.18000   0.20635
   0.19000   0.21121
   0.20000   0.21699
   0.21000   0.22343
   0.22000   0.23051
   0.23000   0.23801
   0.24000   0.24594
   0.25000   0.25412
   0.26000   0.26261
   0.27000   0.27122
   0.28000   0.28008
   0.29000   0.28895
   0.30000   0.29803
   0.31000   0.30705
   0.32000   0.31627
   0.33000   0.32536
   0.34000   0.33465
   0.35000   0.34375
   0.36000   0.35308
   0.37000   0.36216
   0.38000   0.37150
   0.39000   0.38051
   0.40000   0.38985
   0.41000   0.39878
   0.42000   0.40810
   0.43000   0.41692
   0.44000   0.42624
   0.45000   0.43493
   0.46000   0.44423
   0.47000   0.45277
   0.48000   0.46207
   0.49000   0.47043
   0.50000   0.47975
   0.51000   0.48791
   0.52000   0.49725
   0.53000   0.50518
   0.54000   0.51458
   0.55000   0.52224
   0.56000   0.53172
   0.57000   0.53906
   0.58000   0.54868
   0.59000   0.55565
   0.60000   0.56544
   0.61000   0.57199
   0.62000   0.58202
   0.63000   0.58805
   0.64000   0.59842
   0.65000   0.60384
   0.66000   0.61462
   0.67000   0.61931
   0.68000   0.63065
   0.69000   0.63447
   0.70000   0.64652
   0.71000   0.64928
   0.72000   0.66223
   0.73000   0.66371
   0.74000   0.67780
   0.75000   0.67773
   0.76000   0.69327
   0.77000   0.69130
   0.78000   0.70865
   0.79000   0.70438
   0.80000   0.72400
   0.81000   0.71690
   0.82000   0.73936
   0.83000   0.72880
   0.84000   0.75479
   0.85000   0.73999
   0.86000   0.77039
   0.87000   0.75037
   0.88000   0.78625
   0.89000   0.75982
   0.90000   0.80251
   0.91000   0.76818
   0.92000   0.81932
   0.93000   0.77525
   0.94000   0.83688
   0.95000   0.78082
   0.96000   0.85544
   0.97000   0.78458
   0.98000   0.87531
   0.99000   0.78620
   1.00000   0.89687
   1.01000   0.78523
   1.02000   0.92060
   1.03000   0.78114
   1.04000   0.94709
   1.05000   0.77327
   1.06000   0.97705
   1.07000   0.76079
   1.08000   1.01139
   1.09000   0.74271
   1.10000   1.05123
   1.11000   0.71778
   1.12000   1.09793
   1.13000   0.68444
   1.14000   1.15322
   1.15000   0.64082
   1.16000   1.21918
   1.17000   0.58454
   1.18000   1.29844
   1.19000   0.51271
   1.20000   1.39421
   1.21000   0.42173
   1.22000   1.51049
   1.23000   0.30716
   1.24000   1.65220
   1.25000   0.16353
   1.26000   1.82544
   1.27000  -0.01597
   1.28000   2.03774
   1.29000  -0.23970
   1.30000   2.29843
   1.31000  -0.51805
   1.32000   2.61903
   1.33000  -0.86383
   1.34000   3.01378
   1.35000  -1.29287
   1.36000   3.50031
   1.37000  -1.82478
   1.38000   4.10037
   1.39000  -2.48376
   1.40000   4.84090
   1.41000  -3.29975
   1.42000   5.75518
   1.43000  -4.30977
   1.44000   6.88436
   1.45000  -5.55957
   1.46000   8.27931
   1.47000  -7.10572
   1.48000  10.00294
   1.49000  -9.01816
   1.50000  12.13301
   1.51000 -11.38336
   1.52000  14.76564
   1.53000 -14.30821
   1.54000  18.01971
   1.55000 -17.92486
   1.56000  22.04215
   1.57000 -22.39671
   1.58000  27.01463
   1.59000 -27.92575
   1.60000  33.16174
   1.61000 -34.76170
   1.62000  40.76117
   1.63000 -43.21331
   1.64000  50.15619
   1.65000 -53.66229
   1.66000  61.77123
   1.67000 -66.58052
   1.68000  76.13097
   1.69000 -82.55142
   1.70000  93.88412
   1.71000-102.29627
   1.72000 115.83267
   1.73000-126.70680
   1.74000 142.96812
   1.75000-156.88544
   1.76000 176.51627
   1.77000-194.19517
   1.78000 217.99261
   1.79000-240.32102
   1.80000 269.27071
   1.81000-297.34623
   1.82000 332.66694
   1.83000-367.84634
   1.84000 411.04499
   1.85000-455.00547
   1.86000 507.94530
   1.87000-562.76021
   1.88000 627.74495
   1.89000-695.97740
   1.90000 775.85535
   1.91000-860.67396
   1.92000 958.96667
   1.93000**********
   1.940001185.35004
   1.95000**********
   1.960001465.23112
   1.97000**********
   1.980001811.25200
   1.99000**********
   2.000002239.04219
   2.01000**********
   2.020002767.92461
   2.03000**********
   2.040003421.78835
   2.05000**********
   2.060004230.16771
   2.07000**********
   2.080005229.57620
   2.09000**********
   2.100006465.15581
   2.11000**********
   2.120007992.71600
   2.13000**********
   2.140009881.25448
   2.15000**********
   2.16000**********
   2.17000**********
   2.18000**********
   2.19000**********
   2.20000**********
   2.21000**********
   2.22000**********
   2.23000**********
   2.24000**********
   2.25000**********
   2.26000**********
   2.27000**********
   2.28000**********
   2.29000**********
   2.30000**********
   2.31000**********
   2.32000**********
   2.33000**********
   2.34000**********
   2.35000**********
   2.36000**********
   2.37000**********
   2.38000**********
   2.39000**********
   2.40000**********
   2.41000**********
   2.42000**********
   2.43000**********
   2.44000**********
   2.45000**********
   2.46000**********
   2.47000**********
   2.48000**********
   2.49000**********
   2.50000**********
