  -2.00000   7.38906
  -1.95000   6.69426
  -1.90000   6.07997
  -1.85000   5.53588
  -1.80000   5.05309
  -1.75000   4.62394
  -1.70000   4.24183
  -1.65000   3.90104
  -1.60000   3.59661
  -1.55000   3.32423
  -1.50000   3.08018
  -1.45000   2.86119
  -1.40000   2.66442
  -1.35000   2.48739
  -1.30000   2.32794
  -1.25000   2.18416
  -1.20000   2.05439
  -1.15000   1.93717
  -1.10000   1.83121
  -1.05000   1.73538
  -1.00000   1.64869
  -0.95000   1.57024
  -0.90000   1.49927
  -0.85000   1.43509
  -0.80000   1.37710
  -0.75000   1.32475
  -0.70000   1.27759
  -0.65000   1.23519
  -0.60000   1.19719
  -0.55000   1.16326
  -0.50000   1.13312
  -0.45000   1.10653
  -0.40000   1.08326
  -0.35000   1.06314
  -0.30000   1.04600
  -0.25000   1.03172
  -0.20000   1.02017
  -0.15000   1.01129
  -0.10000   1.00499
  -0.05000   1.00122
   0.00000   0.99997
   0.05000   1.00122
   0.10000   1.00499
   0.15000   1.01129
   0.20000   1.02017
   0.25000   1.03172
   0.30000   1.04600
   0.35000   1.06314
   0.40000   1.08326
   0.45000   1.10652
   0.50000   1.13312
   0.55000   1.16326
   0.60000   1.19718
   0.65000   1.23519
   0.70000   1.27759
   0.75000   1.32475
   0.80000   1.37709
   0.85000   1.43508
   0.90000   1.49926
   0.95000   1.57023
   1.00000   1.64867
   1.05000   1.73537
   1.10000   1.83120
   1.15000   1.93715
   1.20000   2.05437
   1.25000   2.18413
   1.30000   2.32791
   1.35000   2.48735
   1.40000   2.66437
   1.45000   2.86113
   1.50000   3.08011
   1.55000   3.32416
   1.60000   3.59651
   1.65000   3.90093
   1.70000   4.24170
   1.75000   4.62378
   1.80000   5.05289
   1.85000   5.53565
   1.90000   6.07972
   1.95000   6.69397
