   0.00000   0.00674
   0.04000   0.00997
   0.08000   0.01452
   0.12000   0.02081
   0.16000   0.02936
   0.20000   0.04076
   0.24000   0.05569
   0.28000   0.07487
   0.32000   0.09907
   0.36000   0.12901
   0.40000   0.16532
   0.44000   0.20850
   0.48000   0.25877
   0.52000   0.31606
   0.56000   0.37990
   0.60000   0.44939
   0.64000   0.52315
   0.68000   0.59935
   0.72000   0.67575
   0.76000   0.74980
   0.80000   0.81876
   0.84000   0.87988
   0.88000   0.93055
   0.92000   0.96853
   0.96000   0.99206
   1.00000   1.00005
   1.04000   0.99210
   1.08000   0.96859
   1.12000   0.93063
   1.16000   0.87996
   1.20000   0.81885
   1.24000   0.74987
   1.28000   0.67581
   1.32000   0.59938
   1.36000   0.52316
   1.40000   0.44938
   1.44000   0.37987
   1.48000   0.31602
   1.52000   0.25872
   1.56000   0.20845
   1.60000   0.16528
   1.64000   0.12898
   1.68000   0.09905
   1.72000   0.07486
   1.76000   0.05568
   1.80000   0.04076
   1.84000   0.02937
   1.88000   0.02082
   1.92000   0.01453
   1.96000   0.00998
   2.00000   0.00675
