   0.00000   1.00000
   0.01000   0.82900
   0.02000   0.69009
   0.03000   0.57825
   0.04000   0.48856
   0.05000   0.41699
   0.06000   0.36025
   0.07000   0.31563
   0.08000   0.28093
   0.09000   0.25435
   0.10000   0.23440
   0.11000   0.21988
   0.12000   0.20979
   0.13000   0.20334
   0.14000   0.19984
   0.15000   0.19878
   0.16000   0.19969
   0.17000   0.20221
   0.18000   0.20605
   0.19000   0.21097
   0.20000   0.21676
   0.21000   0.22326
   0.22000   0.23034
   0.23000   0.23788
   0.24000   0.24581
   0.25000   0.25404
   0.26000   0.26251
   0.27000   0.27117
   0.28000   0.27999
   0.29000   0.28892
   0.30000   0.29795
   0.31000   0.30705
   0.32000   0.31619
   0.33000   0.32537
   0.34000   0.33458
   0.35000   0.34379
   0.36000   0.35300
   0.37000   0.36221
   0.38000   0.37141
   0.39000   0.38059
   0.40000   0.38974
   0.41000   0.39888
   0.42000   0.40798
   0.43000   0.41705
   0.44000   0.42609
   0.45000   0.43509
   0.46000   0.44405
   0.47000   0.45297
   0.48000   0.46184
   0.49000   0.47068
   0.50000   0.47947
   0.51000   0.48821
   0.52000   0.49691
   0.53000   0.50556
   0.54000   0.51416
   0.55000   0.52270
   0.56000   0.53120
   0.57000   0.53964
   0.58000   0.54803
   0.59000   0.55637
   0.60000   0.56465
   0.61000   0.57287
   0.62000   0.58104
   0.63000   0.58915
   0.64000   0.59720
   0.65000   0.60519
   0.66000   0.61312
   0.67000   0.62099
   0.68000   0.62879
   0.69000   0.63654
   0.70000   0.64422
   0.71000   0.65183
   0.72000   0.65938
   0.73000   0.66687
   0.74000   0.67429
   0.75000   0.68164
   0.76000   0.68892
   0.77000   0.69614
   0.78000   0.70328
   0.79000   0.71035
   0.80000   0.71736
   0.81000   0.72429
   0.82000   0.73115
   0.83000   0.73793
   0.84000   0.74464
   0.85000   0.75128
   0.86000   0.75784
   0.87000   0.76433
   0.88000   0.77074
   0.89000   0.77707
   0.90000   0.78333
   0.91000   0.78950
   0.92000   0.79560
   0.93000   0.80162
   0.94000   0.80756
   0.95000   0.81342
   0.96000   0.81919
   0.97000   0.82489
   0.98000   0.83050
   0.99000   0.83603
   1.00000   0.84147
   1.01000   0.84683
   1.02000   0.85211
   1.03000   0.85730
   1.04000   0.86240
   1.05000   0.86742
   1.06000   0.87236
   1.07000   0.87720
   1.08000   0.88196
   1.09000   0.88663
   1.10000   0.89121
   1.11000   0.89570
   1.12000   0.90010
   1.13000   0.90441
   1.14000   0.90863
   1.15000   0.91276
   1.16000   0.91680
   1.17000   0.92075
   1.18000   0.92461
   1.19000   0.92837
   1.20000   0.93204
   1.21000   0.93562
   1.22000   0.93910
   1.23000   0.94249
   1.24000   0.94578
   1.25000   0.94898
   1.26000   0.95209
   1.27000   0.95510
   1.28000   0.95802
   1.29000   0.96083
   1.30000   0.96356
   1.31000   0.96618
   1.32000   0.96871
   1.33000   0.97115
   1.34000   0.97348
   1.35000   0.97572
   1.36000   0.97786
   1.37000   0.97991
   1.38000   0.98185
   1.39000   0.98370
   1.40000   0.98545
   1.41000   0.98710
   1.42000   0.98865
   1.43000   0.99010
   1.44000   0.99146
   1.45000   0.99271
   1.46000   0.99387
   1.47000   0.99492
   1.48000   0.99588
   1.49000   0.99674
   1.50000   0.99749
   1.51000   0.99815
   1.52000   0.99871
   1.53000   0.99917
   1.54000   0.99953
   1.55000   0.99978
   1.56000   0.99994
   1.57000   1.00000
   1.58000   0.99996
   1.59000   0.99982
   1.60000   0.99957
   1.61000   0.99923
   1.62000   0.99879
   1.63000   0.99825
   1.64000   0.99761
   1.65000   0.99687
   1.66000   0.99602
   1.67000   0.99508
   1.68000   0.99404
   1.69000   0.99290
   1.70000   0.99166
   1.71000   0.99033
   1.72000   0.98889
   1.73000   0.98735
   1.74000   0.98572
   1.75000   0.98399
   1.76000   0.98215
   1.77000   0.98022
   1.78000   0.97820
   1.79000   0.97607
   1.80000   0.97385
   1.81000   0.97153
   1.82000   0.96911
   1.83000   0.96659
   1.84000   0.96398
   1.85000   0.96128
   1.86000   0.95847
   1.87000   0.95557
   1.88000   0.95258
   1.89000   0.94949
   1.90000   0.94630
   1.91000   0.94302
   1.92000   0.93965
   1.93000   0.93618
   1.94000   0.93262
   1.95000   0.92896
   1.96000   0.92521
   1.97000   0.92137
   1.98000   0.91744
   1.99000   0.91341
   2.00000   0.90930
   2.01000   0.90509
   2.02000   0.90079
   2.03000   0.89641
   2.04000   0.89193
   2.05000   0.88736
   2.06000   0.88271
   2.07000   0.87796
   2.08000   0.87313
   2.09000   0.86821
   2.10000   0.86321
   2.11000   0.85812
   2.12000   0.85294
   2.13000   0.84768
   2.14000   0.84233
   2.15000   0.83690
   2.16000   0.83138
   2.17000   0.82579
   2.18000   0.82010
   2.19000   0.81434
   2.20000   0.80850
   2.21000   0.80257
   2.22000   0.79657
   2.23000   0.79048
   2.24000   0.78432
   2.25000   0.77807
   2.26000   0.77175
   2.27000   0.76536
   2.28000   0.75888
   2.29000   0.75233
   2.30000   0.74571
   2.31000   0.73901
   2.32000   0.73223
   2.33000   0.72538
   2.34000   0.71847
   2.35000   0.71147
   2.36000   0.70441
   2.37000   0.69728
   2.38000   0.69008
   2.39000   0.68280
   2.40000   0.67546
   2.41000   0.66806
   2.42000   0.66058
   2.43000   0.65304
   2.44000   0.64544
   2.45000   0.63777
   2.46000   0.63003
   2.47000   0.62223
   2.48000   0.61437
   2.49000   0.60645
   2.50000   0.59847
