  -2.00000   7.38906
  -1.95000   6.68710
  -1.90000   6.07265
  -1.85000   5.52850
  -1.80000   5.04575
  -1.75000   4.61671
  -1.70000   4.23475
  -1.65000   3.89414
  -1.60000   3.58991
  -1.55000   3.31775
  -1.50000   3.07392
  -1.45000   2.85515
  -1.40000   2.65860
  -1.35000   2.48179
  -1.30000   2.32254
  -1.25000   2.17897
  -1.20000   2.04939
  -1.15000   1.93236
  -1.10000   1.82657
  -1.05000   1.73090
  -1.00000   1.64436
  -0.95000   1.56606
  -0.90000   1.49522
  -0.85000   1.43116
  -0.80000   1.37329
  -0.75000   1.32105
  -0.70000   1.27399
  -0.65000   1.23168
  -0.60000   1.19376
  -0.55000   1.15990
  -0.50000   1.12983
  -0.45000   1.10329
  -0.40000   1.08008
  -0.35000   1.06001
  -0.30000   1.04291
  -0.25000   1.02866
  -0.20000   1.01714
  -0.15000   1.00828
  -0.10000   1.00199
  -0.05000   0.99824
   0.00000   0.99699
   0.05000   0.99824
   0.10000   1.00199
   0.15000   1.00828
   0.20000   1.01714
   0.25000   1.02866
   0.30000   1.04291
   0.35000   1.06001
   0.40000   1.08008
   0.45000   1.10329
   0.50000   1.12983
   0.55000   1.15990
   0.60000   1.19376
   0.65000   1.23168
   0.70000   1.27399
   0.75000   1.32105
   0.80000   1.37329
   0.85000   1.43117
   0.90000   1.49522
   0.95000   1.56606
   1.00000   1.64436
   1.05000   1.73090
   1.10000   1.82657
   1.15000   1.93236
   1.20000   2.04939
   1.25000   2.17897
   1.30000   2.32254
   1.35000   2.48179
   1.40000   2.65860
   1.45000   2.85515
   1.50000   3.07392
   1.55000   3.31775
   1.60000   3.58991
   1.65000   3.89414
   1.70000   4.23475
   1.75000   4.61671
   1.80000   5.04575
   1.85000   5.52851
   1.90000   6.07265
   1.95000   6.68710
