   0.00000   0.00674
   0.04000   0.00997
   0.08000   0.01457
   0.12000   0.02093
   0.16000   0.02959
   0.20000   0.04114
   0.24000   0.05627
   0.28000   0.07573
   0.32000   0.10028
   0.36000   0.13064
   0.40000   0.16745
   0.44000   0.21120
   0.48000   0.26211
   0.52000   0.32010
   0.56000   0.38469
   0.60000   0.45493
   0.64000   0.52945
   0.68000   0.60638
   0.72000   0.68346
   0.76000   0.75812
   0.80000   0.82762
   0.84000   0.88918
   0.88000   0.94019
   0.92000   0.97841
   0.96000   1.00208
   1.00000   1.01010
   1.04000   1.00208
   1.08000   0.97841
   1.12000   0.94019
   1.16000   0.88918
   1.20000   0.82762
   1.24000   0.75812
   1.28000   0.68346
   1.32000   0.60638
   1.36000   0.52945
   1.40000   0.45493
   1.44000   0.38469
   1.48000   0.32010
   1.52000   0.26211
   1.56000   0.21120
   1.60000   0.16745
   1.64000   0.13064
   1.68000   0.10028
   1.72000   0.07573
   1.76000   0.05627
   1.80000   0.04114
   1.84000   0.02959
   1.88000   0.02093
   1.92000   0.01457
   1.96000   0.00997
   2.00000   0.00671
