  -5.00000   0.03846
  -4.99000   0.03861
  -4.98000   0.03876
  -4.97000   0.03891
  -4.96000   0.03906
  -4.95000   0.03921
  -4.94000   0.03936
  -4.93000   0.03952
  -4.92000   0.03967
  -4.91000   0.03983
  -4.90000   0.03998
  -4.89000   0.04014
  -4.88000   0.04030
  -4.87000   0.04046
  -4.86000   0.04062
  -4.85000   0.04078
  -4.84000   0.04094
  -4.83000   0.04110
  -4.82000   0.04127
  -4.81000   0.04143
  -4.80000   0.04160
  -4.79000   0.04176
  -4.78000   0.04193
  -4.77000   0.04210
  -4.76000   0.04227
  -4.75000   0.04244
  -4.74000   0.04261
  -4.73000   0.04278
  -4.72000   0.04296
  -4.71000   0.04313
  -4.70000   0.04331
  -4.69000   0.04349
  -4.68000   0.04366
  -4.67000   0.04384
  -4.66000   0.04402
  -4.65000   0.04420
  -4.64000   0.04439
  -4.63000   0.04457
  -4.62000   0.04475
  -4.61000   0.04494
  -4.60000   0.04513
  -4.59000   0.04531
  -4.58000   0.04550
  -4.57000   0.04569
  -4.56000   0.04589
  -4.55000   0.04608
  -4.54000   0.04627
  -4.53000   0.04647
  -4.52000   0.04666
  -4.51000   0.04686
  -4.50000   0.04706
  -4.49000   0.04726
  -4.48000   0.04746
  -4.47000   0.04766
  -4.46000   0.04787
  -4.45000   0.04807
  -4.44000   0.04828
  -4.43000   0.04849
  -4.42000   0.04869
  -4.41000   0.04890
  -4.40000   0.04912
  -4.39000   0.04933
  -4.38000   0.04954
  -4.37000   0.04976
  -4.36000   0.04998
  -4.35000   0.05019
  -4.34000   0.05041
  -4.33000   0.05064
  -4.32000   0.05086
  -4.31000   0.05108
  -4.30000   0.05131
  -4.29000   0.05154
  -4.28000   0.05176
  -4.27000   0.05199
  -4.26000   0.05223
  -4.25000   0.05246
  -4.24000   0.05269
  -4.23000   0.05293
  -4.22000   0.05317
  -4.21000   0.05341
  -4.20000   0.05365
  -4.19000   0.05389
  -4.18000   0.05414
  -4.17000   0.05438
  -4.16000   0.05463
  -4.15000   0.05488
  -4.14000   0.05513
  -4.13000   0.05538
  -4.12000   0.05564
  -4.11000   0.05589
  -4.10000   0.05615
  -4.09000   0.05641
  -4.08000   0.05667
  -4.07000   0.05693
  -4.06000   0.05720
  -4.05000   0.05746
  -4.04000   0.05773
  -4.03000   0.05800
  -4.02000   0.05827
  -4.01000   0.05855
  -4.00000   0.05882
  -3.99000   0.05910
  -3.98000   0.05938
  -3.97000   0.05966
  -3.96000   0.05995
  -3.95000   0.06023
  -3.94000   0.06052
  -3.93000   0.06081
  -3.92000   0.06110
  -3.91000   0.06140
  -3.90000   0.06169
  -3.89000   0.06199
  -3.88000   0.06229
  -3.87000   0.06259
  -3.86000   0.06290
  -3.85000   0.06320
  -3.84000   0.06351
  -3.83000   0.06382
  -3.82000   0.06413
  -3.81000   0.06445
  -3.80000   0.06477
  -3.79000   0.06509
  -3.78000   0.06541
  -3.77000   0.06573
  -3.76000   0.06606
  -3.75000   0.06639
  -3.74000   0.06672
  -3.73000   0.06706
  -3.72000   0.06739
  -3.71000   0.06773
  -3.70000   0.06807
  -3.69000   0.06842
  -3.68000   0.06877
  -3.67000   0.06911
  -3.66000   0.06947
  -3.65000   0.06982
  -3.64000   0.07018
  -3.63000   0.07054
  -3.62000   0.07090
  -3.61000   0.07127
  -3.60000   0.07163
  -3.59000   0.07200
  -3.58000   0.07238
  -3.57000   0.07276
  -3.56000   0.07313
  -3.55000   0.07352
  -3.54000   0.07390
  -3.53000   0.07429
  -3.52000   0.07468
  -3.51000   0.07508
  -3.50000   0.07547
  -3.49000   0.07587
  -3.48000   0.07628
  -3.47000   0.07668
  -3.46000   0.07709
  -3.45000   0.07751
  -3.44000   0.07792
  -3.43000   0.07834
  -3.42000   0.07876
  -3.41000   0.07919
  -3.40000   0.07962
  -3.39000   0.08005
  -3.38000   0.08049
  -3.37000   0.08093
  -3.36000   0.08137
  -3.35000   0.08182
  -3.34000   0.08227
  -3.33000   0.08272
  -3.32000   0.08318
  -3.31000   0.08364
  -3.30000   0.08411
  -3.29000   0.08457
  -3.28000   0.08505
  -3.27000   0.08552
  -3.26000   0.08600
  -3.25000   0.08649
  -3.24000   0.08698
  -3.23000   0.08747
  -3.22000   0.08796
  -3.21000   0.08846
  -3.20000   0.08897
  -3.19000   0.08948
  -3.18000   0.08999
  -3.17000   0.09051
  -3.16000   0.09103
  -3.15000   0.09156
  -3.14000   0.09209
  -3.13000   0.09262
  -3.12000   0.09316
  -3.11000   0.09370
  -3.10000   0.09425
  -3.09000   0.09481
  -3.08000   0.09536
  -3.07000   0.09593
  -3.06000   0.09649
  -3.05000   0.09707
  -3.04000   0.09764
  -3.03000   0.09822
  -3.02000   0.09881
  -3.01000   0.09940
  -3.00000   0.10000
  -2.99000   0.10060
  -2.98000   0.10121
  -2.97000   0.10183
  -2.96000   0.10244
  -2.95000   0.10307
  -2.94000   0.10370
  -2.93000   0.10433
  -2.92000   0.10497
  -2.91000   0.10562
  -2.90000   0.10627
  -2.89000   0.10693
  -2.88000   0.10759
  -2.87000   0.10826
  -2.86000   0.10894
  -2.85000   0.10962
  -2.84000   0.11031
  -2.83000   0.11100
  -2.82000   0.11170
  -2.81000   0.11241
  -2.80000   0.11312
  -2.79000   0.11384
  -2.78000   0.11457
  -2.77000   0.11530
  -2.76000   0.11604
  -2.75000   0.11679
  -2.74000   0.11754
  -2.73000   0.11831
  -2.72000   0.11907
  -2.71000   0.11985
  -2.70000   0.12063
  -2.69000   0.12142
  -2.68000   0.12222
  -2.67000   0.12302
  -2.66000   0.12383
  -2.65000   0.12465
  -2.64000   0.12548
  -2.63000   0.12632
  -2.62000   0.12716
  -2.61000   0.12801
  -2.60000   0.12887
  -2.59000   0.12974
  -2.58000   0.13061
  -2.57000   0.13150
  -2.56000   0.13239
  -2.55000   0.13329
  -2.54000   0.13420
  -2.53000   0.13512
  -2.52000   0.13605
  -2.51000   0.13699
  -2.50000   0.13793
  -2.49000   0.13889
  -2.48000   0.13986
  -2.47000   0.14083
  -2.46000   0.14182
  -2.45000   0.14281
  -2.44000   0.14381
  -2.43000   0.14483
  -2.42000   0.14585
  -2.41000   0.14689
  -2.40000   0.14793
  -2.39000   0.14899
  -2.38000   0.15006
  -2.37000   0.15113
  -2.36000   0.15222
  -2.35000   0.15332
  -2.34000   0.15443
  -2.33000   0.15555
  -2.32000   0.15669
  -2.31000   0.15783
  -2.30000   0.15899
  -2.29000   0.16016
  -2.28000   0.16134
  -2.27000   0.16253
  -2.26000   0.16374
  -2.25000   0.16495
  -2.24000   0.16619
  -2.23000   0.16743
  -2.22000   0.16869
  -2.21000   0.16996
  -2.20000   0.17124
  -2.19000   0.17254
  -2.18000   0.17385
  -2.17000   0.17517
  -2.16000   0.17651
  -2.15000   0.17786
  -2.14000   0.17923
  -2.13000   0.18061
  -2.12000   0.18201
  -2.11000   0.18342
  -2.10000   0.18485
  -2.09000   0.18629
  -2.08000   0.18775
  -2.07000   0.18923
  -2.06000   0.19072
  -2.05000   0.19222
  -2.04000   0.19375
  -2.03000   0.19529
  -2.02000   0.19684
  -2.01000   0.19842
  -2.00000   0.20001
  -1.99000   0.20162
  -1.98000   0.20325
  -1.97000   0.20489
  -1.96000   0.20655
  -1.95000   0.20824
  -1.94000   0.20994
  -1.93000   0.21166
  -1.92000   0.21339
  -1.91000   0.21515
  -1.90000   0.21693
  -1.89000   0.21873
  -1.88000   0.22055
  -1.87000   0.22239
  -1.86000   0.22425
  -1.85000   0.22613
  -1.84000   0.22803
  -1.83000   0.22996
  -1.82000   0.23190
  -1.81000   0.23387
  -1.80000   0.23586
  -1.79000   0.23788
  -1.78000   0.23991
  -1.77000   0.24198
  -1.76000   0.24406
  -1.75000   0.24617
  -1.74000   0.24830
  -1.73000   0.25046
  -1.72000   0.25264
  -1.71000   0.25485
  -1.70000   0.25709
  -1.69000   0.25935
  -1.68000   0.26163
  -1.67000   0.26395
  -1.66000   0.26629
  -1.65000   0.26865
  -1.64000   0.27105
  -1.63000   0.27347
  -1.62000   0.27593
  -1.61000   0.27841
  -1.60000   0.28092
  -1.59000   0.28346
  -1.58000   0.28603
  -1.57000   0.28863
  -1.56000   0.29126
  -1.55000   0.29392
  -1.54000   0.29662
  -1.53000   0.29934
  -1.52000   0.30210
  -1.51000   0.30489
  -1.50000   0.30772
  -1.49000   0.31057
  -1.48000   0.31347
  -1.47000   0.31639
  -1.46000   0.31935
  -1.45000   0.32235
  -1.44000   0.32538
  -1.43000   0.32845
  -1.42000   0.33155
  -1.41000   0.33469
  -1.40000   0.33787
  -1.39000   0.34108
  -1.38000   0.34434
  -1.37000   0.34763
  -1.36000   0.35096
  -1.35000   0.35433
  -1.34000   0.35774
  -1.33000   0.36119
  -1.32000   0.36468
  -1.31000   0.36821
  -1.30000   0.37178
  -1.29000   0.37540
  -1.28000   0.37905
  -1.27000   0.38275
  -1.26000   0.38650
  -1.25000   0.39028
  -1.24000   0.39411
  -1.23000   0.39799
  -1.22000   0.40191
  -1.21000   0.40587
  -1.20000   0.40988
  -1.19000   0.41394
  -1.18000   0.41804
  -1.17000   0.42218
  -1.16000   0.42638
  -1.15000   0.43062
  -1.14000   0.43491
  -1.13000   0.43924
  -1.12000   0.44363
  -1.11000   0.44806
  -1.10000   0.45254
  -1.09000   0.45707
  -1.08000   0.46165
  -1.07000   0.46628
  -1.06000   0.47096
  -1.05000   0.47568
  -1.04000   0.48046
  -1.03000   0.48529
  -1.02000   0.49016
  -1.01000   0.49509
  -1.00000   0.50007
  -0.99000   0.50509
  -0.98000   0.51017
  -0.97000   0.51529
  -0.96000   0.52047
  -0.95000   0.52570
  -0.94000   0.53097
  -0.93000   0.53630
  -0.92000   0.54167
  -0.91000   0.54709
  -0.90000   0.55257
  -0.89000   0.55809
  -0.88000   0.56365
  -0.87000   0.56927
  -0.86000   0.57493
  -0.85000   0.58064
  -0.84000   0.58639
  -0.83000   0.59219
  -0.82000   0.59804
  -0.81000   0.60392
  -0.80000   0.60985
  -0.79000   0.61582
  -0.78000   0.62184
  -0.77000   0.62789
  -0.76000   0.63398
  -0.75000   0.64011
  -0.74000   0.64627
  -0.73000   0.65247
  -0.72000   0.65870
  -0.71000   0.66496
  -0.70000   0.67126
  -0.69000   0.67758
  -0.68000   0.68393
  -0.67000   0.69030
  -0.66000   0.69670
  -0.65000   0.70311
  -0.64000   0.70955
  -0.63000   0.71600
  -0.62000   0.72247
  -0.61000   0.72895
  -0.60000   0.73543
  -0.59000   0.74193
  -0.58000   0.74842
  -0.57000   0.75492
  -0.56000   0.76141
  -0.55000   0.76790
  -0.54000   0.77439
  -0.53000   0.78085
  -0.52000   0.78731
  -0.51000   0.79375
  -0.50000   0.80016
  -0.49000   0.80655
  -0.48000   0.81291
  -0.47000   0.81924
  -0.46000   0.82552
  -0.45000   0.83177
  -0.44000   0.83798
  -0.43000   0.84413
  -0.42000   0.85023
  -0.41000   0.85627
  -0.40000   0.86225
  -0.39000   0.86817
  -0.38000   0.87401
  -0.37000   0.87977
  -0.36000   0.88546
  -0.35000   0.89106
  -0.34000   0.89657
  -0.33000   0.90199
  -0.32000   0.90731
  -0.31000   0.91253
  -0.30000   0.91763
  -0.29000   0.92263
  -0.28000   0.92751
  -0.27000   0.93226
  -0.26000   0.93689
  -0.25000   0.94139
  -0.24000   0.94575
  -0.23000   0.94997
  -0.22000   0.95405
  -0.21000   0.95798
  -0.20000   0.96176
  -0.19000   0.96538
  -0.18000   0.96884
  -0.17000   0.97213
  -0.16000   0.97526
  -0.15000   0.97822
  -0.14000   0.98100
  -0.13000   0.98361
  -0.12000   0.98603
  -0.11000   0.98827
  -0.10000   0.99033
  -0.09000   0.99220
  -0.08000   0.99387
  -0.07000   0.99536
  -0.06000   0.99665
  -0.05000   0.99774
  -0.04000   0.99864
  -0.03000   0.99933
  -0.02000   0.99983
  -0.01000   1.00013
  -0.00000   1.00023
   0.01000   1.00013
   0.02000   0.99983
   0.03000   0.99933
   0.04000   0.99864
   0.05000   0.99774
   0.06000   0.99665
   0.07000   0.99536
   0.08000   0.99387
   0.09000   0.99220
   0.10000   0.99033
   0.11000   0.98827
   0.12000   0.98603
   0.13000   0.98361
   0.14000   0.98100
   0.15000   0.97822
   0.16000   0.97526
   0.17000   0.97213
   0.18000   0.96884
   0.19000   0.96538
   0.20000   0.96176
   0.21000   0.95798
   0.22000   0.95405
   0.23000   0.94997
   0.24000   0.94575
   0.25000   0.94139
   0.26000   0.93689
   0.27000   0.93226
   0.28000   0.92751
   0.29000   0.92263
   0.30000   0.91763
   0.31000   0.91253
   0.32000   0.90731
   0.33000   0.90199
   0.34000   0.89657
   0.35000   0.89106
   0.36000   0.88546
   0.37000   0.87977
   0.38000   0.87401
   0.39000   0.86817
   0.40000   0.86225
   0.41000   0.85627
   0.42000   0.85023
   0.43000   0.84413
   0.44000   0.83798
   0.45000   0.83177
   0.46000   0.82552
   0.47000   0.81924
   0.48000   0.81291
   0.49000   0.80655
   0.50000   0.80016
   0.51000   0.79375
   0.52000   0.78731
   0.53000   0.78086
   0.54000   0.77439
   0.55000   0.76790
   0.56000   0.76141
   0.57000   0.75492
   0.58000   0.74842
   0.59000   0.74193
   0.60000   0.73543
   0.61000   0.72895
   0.62000   0.72247
   0.63000   0.71600
   0.64000   0.70955
   0.65000   0.70312
   0.66000   0.69670
   0.67000   0.69030
   0.68000   0.68393
   0.69000   0.67758
   0.70000   0.67126
   0.71000   0.66496
   0.72000   0.65870
   0.73000   0.65247
   0.74000   0.64627
   0.75000   0.64011
   0.76000   0.63398
   0.77000   0.62789
   0.78000   0.62184
   0.79000   0.61582
   0.80000   0.60985
   0.81000   0.60392
   0.82000   0.59804
   0.83000   0.59219
   0.84000   0.58639
   0.85000   0.58064
   0.86000   0.57493
   0.87000   0.56927
   0.88000   0.56365
   0.89000   0.55809
   0.90000   0.55257
   0.91000   0.54710
   0.92000   0.54167
   0.93000   0.53630
   0.94000   0.53097
   0.95000   0.52570
   0.96000   0.52047
   0.97000   0.51530
   0.98000   0.51017
   0.99000   0.50509
   1.00000   0.50007
   1.01000   0.49509
   1.02000   0.49016
   1.03000   0.48529
   1.04000   0.48046
   1.05000   0.47568
   1.06000   0.47096
   1.07000   0.46628
   1.08000   0.46165
   1.09000   0.45707
   1.10000   0.45254
   1.11000   0.44806
   1.12000   0.44363
   1.13000   0.43924
   1.14000   0.43491
   1.15000   0.43062
   1.16000   0.42638
   1.17000   0.42218
   1.18000   0.41804
   1.19000   0.41394
   1.20000   0.40988
   1.21000   0.40587
   1.22000   0.40191
   1.23000   0.39799
   1.24000   0.39411
   1.25000   0.39028
   1.26000   0.38650
   1.27000   0.38275
   1.28000   0.37906
   1.29000   0.37540
   1.30000   0.37178
   1.31000   0.36821
   1.32000   0.36468
   1.33000   0.36119
   1.34000   0.35774
   1.35000   0.35433
   1.36000   0.35096
   1.37000   0.34763
   1.38000   0.34434
   1.39000   0.34108
   1.40000   0.33787
   1.41000   0.33469
   1.42000   0.33155
   1.43000   0.32845
   1.44000   0.32538
   1.45000   0.32235
   1.46000   0.31935
   1.47000   0.31639
   1.48000   0.31347
   1.49000   0.31057
   1.50000   0.30772
   1.51000   0.30489
   1.52000   0.30210
   1.53000   0.29934
   1.54000   0.29662
   1.55000   0.29392
   1.56000   0.29126
   1.57000   0.28863
   1.58000   0.28603
   1.59000   0.28346
   1.60000   0.28092
   1.61000   0.27841
   1.62000   0.27593
   1.63000   0.27347
   1.64000   0.27105
   1.65000   0.26865
   1.66000   0.26629
   1.67000   0.26395
   1.68000   0.26163
   1.69000   0.25935
   1.70000   0.25709
   1.71000   0.25485
   1.72000   0.25264
   1.73000   0.25046
   1.74000   0.24830
   1.75000   0.24617
   1.76000   0.24406
   1.77000   0.24198
   1.78000   0.23991
   1.79000   0.23788
   1.80000   0.23586
   1.81000   0.23387
   1.82000   0.23190
   1.83000   0.22996
   1.84000   0.22803
   1.85000   0.22613
   1.86000   0.22425
   1.87000   0.22239
   1.88000   0.22055
   1.89000   0.21873
   1.90000   0.21693
   1.91000   0.21515
   1.92000   0.21339
   1.93000   0.21166
   1.94000   0.20994
   1.95000   0.20824
   1.96000   0.20655
   1.97000   0.20489
   1.98000   0.20325
   1.99000   0.20162
   2.00000   0.20001
   2.01000   0.19842
   2.02000   0.19684
   2.03000   0.19529
   2.04000   0.19375
   2.05000   0.19222
   2.06000   0.19072
   2.07000   0.18923
   2.08000   0.18775
   2.09000   0.18629
   2.10000   0.18485
   2.11000   0.18342
   2.12000   0.18201
   2.13000   0.18061
   2.14000   0.17923
   2.15000   0.17786
   2.16000   0.17651
   2.17000   0.17517
   2.18000   0.17385
   2.19000   0.17254
   2.20000   0.17124
   2.21000   0.16996
   2.22000   0.16869
   2.23000   0.16743
   2.24000   0.16619
   2.25000   0.16495
   2.26000   0.16374
   2.27000   0.16253
   2.28000   0.16134
   2.29000   0.16016
   2.30000   0.15899
   2.31000   0.15783
   2.32000   0.15669
   2.33000   0.15555
   2.34000   0.15443
   2.35000   0.15332
   2.36000   0.15222
   2.37000   0.15113
   2.38000   0.15006
   2.39000   0.14899
   2.40000   0.14793
   2.41000   0.14689
   2.42000   0.14585
   2.43000   0.14483
   2.44000   0.14381
   2.45000   0.14281
   2.46000   0.14182
   2.47000   0.14083
   2.48000   0.13986
   2.49000   0.13889
   2.50000   0.13794
   2.51000   0.13699
   2.52000   0.13605
   2.53000   0.13512
   2.54000   0.13420
   2.55000   0.13329
   2.56000   0.13239
   2.57000   0.13150
   2.58000   0.13061
   2.59000   0.12974
   2.60000   0.12887
   2.61000   0.12801
   2.62000   0.12716
   2.63000   0.12632
   2.64000   0.12548
   2.65000   0.12465
   2.66000   0.12383
   2.67000   0.12302
   2.68000   0.12222
   2.69000   0.12142
   2.70000   0.12063
   2.71000   0.11985
   2.72000   0.11907
   2.73000   0.11831
   2.74000   0.11754
   2.75000   0.11679
   2.76000   0.11604
   2.77000   0.11530
   2.78000   0.11457
   2.79000   0.11384
   2.80000   0.11312
   2.81000   0.11241
   2.82000   0.11170
   2.83000   0.11100
   2.84000   0.11031
   2.85000   0.10962
   2.86000   0.10894
   2.87000   0.10826
   2.88000   0.10759
   2.89000   0.10693
   2.90000   0.10627
   2.91000   0.10562
   2.92000   0.10497
   2.93000   0.10433
   2.94000   0.10370
   2.95000   0.10307
   2.96000   0.10244
   2.97000   0.10183
   2.98000   0.10121
   2.99000   0.10060
   3.00000   0.10000
   3.01000   0.09940
   3.02000   0.09881
   3.03000   0.09822
   3.04000   0.09764
   3.05000   0.09707
   3.06000   0.09649
   3.07000   0.09593
   3.08000   0.09536
   3.09000   0.09481
   3.10000   0.09425
   3.11000   0.09370
   3.12000   0.09316
   3.13000   0.09262
   3.14000   0.09209
   3.15000   0.09156
   3.16000   0.09103
   3.17000   0.09051
   3.18000   0.08999
   3.19000   0.08948
   3.20000   0.08897
   3.21000   0.08846
   3.22000   0.08796
   3.23000   0.08747
   3.24000   0.08698
   3.25000   0.08649
   3.26000   0.08600
   3.27000   0.08552
   3.28000   0.08505
   3.29000   0.08457
   3.30000   0.08411
   3.31000   0.08364
   3.32000   0.08318
   3.33000   0.08272
   3.34000   0.08227
   3.35000   0.08182
   3.36000   0.08137
   3.37000   0.08093
   3.38000   0.08049
   3.39000   0.08005
   3.40000   0.07962
   3.41000   0.07919
   3.42000   0.07876
   3.43000   0.07834
   3.44000   0.07792
   3.45000   0.07751
   3.46000   0.07709
   3.47000   0.07668
   3.48000   0.07628
   3.49000   0.07587
   3.50000   0.07547
   3.51000   0.07508
   3.52000   0.07468
   3.53000   0.07429
   3.54000   0.07390
   3.55000   0.07352
   3.56000   0.07313
   3.57000   0.07276
   3.58000   0.07238
   3.59000   0.07200
   3.60000   0.07163
   3.61000   0.07127
   3.62000   0.07090
   3.63000   0.07054
   3.64000   0.07018
   3.65000   0.06982
   3.66000   0.06947
   3.67000   0.06911
   3.68000   0.06877
   3.69000   0.06842
   3.70000   0.06807
   3.71000   0.06773
   3.72000   0.06739
   3.73000   0.06706
   3.74000   0.06672
   3.75000   0.06639
   3.76000   0.06606
   3.77000   0.06573
   3.78000   0.06541
   3.79000   0.06509
   3.80000   0.06477
   3.81000   0.06445
   3.82000   0.06413
   3.83000   0.06382
   3.84000   0.06351
   3.85000   0.06320
   3.86000   0.06290
   3.87000   0.06259
   3.88000   0.06229
   3.89000   0.06199
   3.90000   0.06169
   3.91000   0.06140
   3.92000   0.06110
   3.93000   0.06081
   3.94000   0.06052
   3.95000   0.06023
   3.96000   0.05995
   3.97000   0.05966
   3.98000   0.05938
   3.99000   0.05910
   4.00000   0.05882
   4.01000   0.05855
   4.02000   0.05827
   4.03000   0.05800
   4.04000   0.05773
   4.05000   0.05746
   4.06000   0.05720
   4.07000   0.05693
   4.08000   0.05667
   4.09000   0.05641
   4.10000   0.05615
   4.11000   0.05589
   4.12000   0.05564
   4.13000   0.05538
   4.14000   0.05513
   4.15000   0.05488
   4.16000   0.05463
   4.17000   0.05438
   4.18000   0.05414
   4.19000   0.05389
   4.20000   0.05365
   4.21000   0.05341
   4.22000   0.05317
   4.23000   0.05293
   4.24000   0.05269
   4.25000   0.05246
   4.26000   0.05223
   4.27000   0.05199
   4.28000   0.05176
   4.29000   0.05154
   4.30000   0.05131
   4.31000   0.05108
   4.32000   0.05086
   4.33000   0.05064
   4.34000   0.05041
   4.35000   0.05019
   4.36000   0.04998
   4.37000   0.04976
   4.38000   0.04954
   4.39000   0.04933
   4.40000   0.04912
   4.41000   0.04890
   4.42000   0.04869
   4.43000   0.04849
   4.44000   0.04828
   4.45000   0.04807
   4.46000   0.04787
   4.47000   0.04766
   4.48000   0.04746
   4.49000   0.04726
   4.50000   0.04706
   4.51000   0.04686
   4.52000   0.04666
   4.53000   0.04647
   4.54000   0.04627
   4.55000   0.04608
   4.56000   0.04589
   4.57000   0.04569
   4.58000   0.04550
   4.59000   0.04531
   4.60000   0.04513
   4.61000   0.04494
   4.62000   0.04475
   4.63000   0.04457
   4.64000   0.04439
   4.65000   0.04420
   4.66000   0.04402
   4.67000   0.04384
   4.68000   0.04366
   4.69000   0.04349
   4.70000   0.04331
   4.71000   0.04313
   4.72000   0.04296
   4.73000   0.04278
   4.74000   0.04261
   4.75000   0.04244
   4.76000   0.04227
   4.77000   0.04210
   4.78000   0.04193
   4.79000   0.04176
   4.80000   0.04160
   4.81000   0.04143
   4.82000   0.04127
   4.83000   0.04110
   4.84000   0.04094
   4.85000   0.04078
   4.86000   0.04062
   4.87000   0.04046
   4.88000   0.04030
   4.89000   0.04014
   4.90000   0.03998
   4.91000   0.03983
   4.92000   0.03967
   4.93000   0.03952
   4.94000   0.03936
   4.95000   0.03921
   4.96000   0.03906
   4.97000   0.03891
   4.98000   0.03876
   4.99000   0.03861
   5.00000   0.03846
