   0.00000   0.00674
   0.04000   0.00990
   0.08000   0.01432
   0.12000   0.02052
   0.16000   0.02895
   0.20000   0.04020
   0.24000   0.05492
   0.28000   0.07384
   0.32000   0.09769
   0.36000   0.12720
   0.40000   0.16300
   0.44000   0.20555
   0.48000   0.25509
   0.52000   0.31155
   0.56000   0.37447
   0.60000   0.44295
   0.64000   0.51565
   0.68000   0.59075
   0.72000   0.66606
   0.76000   0.73905
   0.80000   0.80704
   0.84000   0.86729
   0.88000   0.91726
   0.92000   0.95472
   0.96000   0.97794
   1.00000   0.98582
   1.04000   0.97800
   1.08000   0.95483
   1.12000   0.91742
   1.16000   0.86748
   1.20000   0.80723
   1.24000   0.73923
   1.28000   0.66621
   1.32000   0.59087
   1.36000   0.51572
   1.40000   0.44298
   1.44000   0.37446
   1.48000   0.31151
   1.52000   0.25503
   1.56000   0.20547
   1.60000   0.16292
   1.64000   0.12712
   1.68000   0.09762
   1.72000   0.07378
   1.76000   0.05488
   1.80000   0.04017
   1.84000   0.02894
   1.88000   0.02052
   1.92000   0.01432
   1.96000   0.00983
   2.00000   0.00665
