  -2.00000   7.38906
  -1.95000   6.69541
  -1.90000   6.08198
  -1.85000   5.53776
  -1.80000   5.05485
  -1.75000   4.62561
  -1.70000   4.24340
  -1.65000   3.90252
  -1.60000   3.59801
  -1.55000   3.32556
  -1.50000   3.08143
  -1.45000   2.86237
  -1.40000   2.66553
  -1.35000   2.48845
  -1.30000   2.32894
  -1.25000   2.18511
  -1.20000   2.05530
  -1.15000   1.93804
  -1.10000   1.83204
  -1.05000   1.73617
  -1.00000   1.64944
  -0.95000   1.57096
  -0.90000   1.49996
  -0.85000   1.43576
  -0.80000   1.37774
  -0.75000   1.32538
  -0.70000   1.27819
  -0.65000   1.23578
  -0.60000   1.19776
  -0.55000   1.16381
  -0.50000   1.13366
  -0.45000   1.10706
  -0.40000   1.08378
  -0.35000   1.06365
  -0.30000   1.04651
  -0.25000   1.03222
  -0.20000   1.02067
  -0.15000   1.01178
  -0.10000   1.00548
  -0.05000   1.00171
   0.00000   1.00046
   0.05000   1.00172
   0.10000   1.00548
   0.15000   1.01178
   0.20000   1.02068
   0.25000   1.03223
   0.30000   1.04652
   0.35000   1.06366
   0.40000   1.08380
   0.45000   1.10707
   0.50000   1.13368
   0.55000   1.16384
   0.60000   1.19779
   0.65000   1.23581
   0.70000   1.27823
   0.75000   1.32542
   0.80000   1.37779
   0.85000   1.43582
   0.90000   1.50003
   0.95000   1.57104
   1.00000   1.64953
   1.05000   1.73627
   1.10000   1.83216
   1.15000   1.93818
   1.20000   2.05546
   1.25000   2.18530
   1.30000   2.32916
   1.35000   2.48870
   1.40000   2.66583
   1.45000   2.86272
   1.50000   3.08184
   1.55000   3.32604
   1.60000   3.59858
   1.65000   3.90319
   1.70000   4.24419
   1.75000   4.62654
   1.80000   5.05595
   1.85000   5.53906
   1.90000   6.08352
   1.95000   6.69823
