  -5.00000   0.03846
  -4.99000   0.03861
  -4.98000   0.03876
  -4.97000   0.03891
  -4.96000   0.03906
  -4.95000   0.03921
  -4.94000   0.03936
  -4.93000   0.03952
  -4.92000   0.03967
  -4.91000   0.03983
  -4.90000   0.03998
  -4.89000   0.04014
  -4.88000   0.04030
  -4.87000   0.04046
  -4.86000   0.04062
  -4.85000   0.04078
  -4.84000   0.04094
  -4.83000   0.04110
  -4.82000   0.04127
  -4.81000   0.04143
  -4.80000   0.04160
  -4.79000   0.04176
  -4.78000   0.04193
  -4.77000   0.04210
  -4.76000   0.04227
  -4.75000   0.04244
  -4.74000   0.04261
  -4.73000   0.04278
  -4.72000   0.04296
  -4.71000   0.04313
  -4.70000   0.04331
  -4.69000   0.04349
  -4.68000   0.04366
  -4.67000   0.04384
  -4.66000   0.04402
  -4.65000   0.04420
  -4.64000   0.04439
  -4.63000   0.04457
  -4.62000   0.04475
  -4.61000   0.04494
  -4.60000   0.04513
  -4.59000   0.04531
  -4.58000   0.04550
  -4.57000   0.04569
  -4.56000   0.04589
  -4.55000   0.04608
  -4.54000   0.04627
  -4.53000   0.04647
  -4.52000   0.04666
  -4.51000   0.04686
  -4.50000   0.04706
  -4.49000   0.04726
  -4.48000   0.04746
  -4.47000   0.04766
  -4.46000   0.04787
  -4.45000   0.04807
  -4.44000   0.04828
  -4.43000   0.04849
  -4.42000   0.04869
  -4.41000   0.04890
  -4.40000   0.04912
  -4.39000   0.04933
  -4.38000   0.04954
  -4.37000   0.04976
  -4.36000   0.04998
  -4.35000   0.05019
  -4.34000   0.05041
  -4.33000   0.05064
  -4.32000   0.05086
  -4.31000   0.05108
  -4.30000   0.05131
  -4.29000   0.05154
  -4.28000   0.05176
  -4.27000   0.05199
  -4.26000   0.05223
  -4.25000   0.05246
  -4.24000   0.05269
  -4.23000   0.05293
  -4.22000   0.05317
  -4.21000   0.05341
  -4.20000   0.05365
  -4.19000   0.05389
  -4.18000   0.05413
  -4.17000   0.05438
  -4.16000   0.05463
  -4.15000   0.05488
  -4.14000   0.05513
  -4.13000   0.05538
  -4.12000   0.05563
  -4.11000   0.05589
  -4.10000   0.05615
  -4.09000   0.05641
  -4.08000   0.05667
  -4.07000   0.05693
  -4.06000   0.05720
  -4.05000   0.05746
  -4.04000   0.05773
  -4.03000   0.05800
  -4.02000   0.05827
  -4.01000   0.05855
  -4.00000   0.05882
  -3.99000   0.05910
  -3.98000   0.05938
  -3.97000   0.05966
  -3.96000   0.05995
  -3.95000   0.06023
  -3.94000   0.06052
  -3.93000   0.06081
  -3.92000   0.06110
  -3.91000   0.06139
  -3.90000   0.06169
  -3.89000   0.06199
  -3.88000   0.06229
  -3.87000   0.06259
  -3.86000   0.06289
  -3.85000   0.06320
  -3.84000   0.06351
  -3.83000   0.06382
  -3.82000   0.06413
  -3.81000   0.06445
  -3.80000   0.06477
  -3.79000   0.06509
  -3.78000   0.06541
  -3.77000   0.06573
  -3.76000   0.06606
  -3.75000   0.06639
  -3.74000   0.06672
  -3.73000   0.06706
  -3.72000   0.06739
  -3.71000   0.06773
  -3.70000   0.06807
  -3.69000   0.06842
  -3.68000   0.06876
  -3.67000   0.06911
  -3.66000   0.06947
  -3.65000   0.06982
  -3.64000   0.07018
  -3.63000   0.07054
  -3.62000   0.07090
  -3.61000   0.07127
  -3.60000   0.07163
  -3.59000   0.07200
  -3.58000   0.07238
  -3.57000   0.07275
  -3.56000   0.07313
  -3.55000   0.07352
  -3.54000   0.07390
  -3.53000   0.07429
  -3.52000   0.07468
  -3.51000   0.07507
  -3.50000   0.07547
  -3.49000   0.07587
  -3.48000   0.07628
  -3.47000   0.07668
  -3.46000   0.07709
  -3.45000   0.07750
  -3.44000   0.07792
  -3.43000   0.07834
  -3.42000   0.07876
  -3.41000   0.07919
  -3.40000   0.07962
  -3.39000   0.08005
  -3.38000   0.08049
  -3.37000   0.08093
  -3.36000   0.08137
  -3.35000   0.08182
  -3.34000   0.08227
  -3.33000   0.08272
  -3.32000   0.08318
  -3.31000   0.08364
  -3.30000   0.08410
  -3.29000   0.08457
  -3.28000   0.08505
  -3.27000   0.08552
  -3.26000   0.08600
  -3.25000   0.08649
  -3.24000   0.08697
  -3.23000   0.08747
  -3.22000   0.08796
  -3.21000   0.08846
  -3.20000   0.08897
  -3.19000   0.08948
  -3.18000   0.08999
  -3.17000   0.09051
  -3.16000   0.09103
  -3.15000   0.09155
  -3.14000   0.09208
  -3.13000   0.09262
  -3.12000   0.09316
  -3.11000   0.09370
  -3.10000   0.09425
  -3.09000   0.09480
  -3.08000   0.09536
  -3.07000   0.09592
  -3.06000   0.09649
  -3.05000   0.09706
  -3.04000   0.09764
  -3.03000   0.09822
  -3.02000   0.09881
  -3.01000   0.09940
  -3.00000   0.10000
  -2.99000   0.10060
  -2.98000   0.10121
  -2.97000   0.10182
  -2.96000   0.10244
  -2.95000   0.10307
  -2.94000   0.10370
  -2.93000   0.10433
  -2.92000   0.10497
  -2.91000   0.10562
  -2.90000   0.10627
  -2.89000   0.10693
  -2.88000   0.10759
  -2.87000   0.10826
  -2.86000   0.10894
  -2.85000   0.10962
  -2.84000   0.11031
  -2.83000   0.11100
  -2.82000   0.11170
  -2.81000   0.11241
  -2.80000   0.11312
  -2.79000   0.11384
  -2.78000   0.11457
  -2.77000   0.11530
  -2.76000   0.11604
  -2.75000   0.11679
  -2.74000   0.11754
  -2.73000   0.11830
  -2.72000   0.11907
  -2.71000   0.11985
  -2.70000   0.12063
  -2.69000   0.12142
  -2.68000   0.12221
  -2.67000   0.12302
  -2.66000   0.12383
  -2.65000   0.12465
  -2.64000   0.12548
  -2.63000   0.12631
  -2.62000   0.12716
  -2.61000   0.12801
  -2.60000   0.12887
  -2.59000   0.12973
  -2.58000   0.13061
  -2.57000   0.13149
  -2.56000   0.13239
  -2.55000   0.13329
  -2.54000   0.13420
  -2.53000   0.13512
  -2.52000   0.13605
  -2.51000   0.13698
  -2.50000   0.13793
  -2.49000   0.13889
  -2.48000   0.13985
  -2.47000   0.14083
  -2.46000   0.14181
  -2.45000   0.14281
  -2.44000   0.14381
  -2.43000   0.14482
  -2.42000   0.14585
  -2.41000   0.14688
  -2.40000   0.14793
  -2.39000   0.14898
  -2.38000   0.15005
  -2.37000   0.15113
  -2.36000   0.15222
  -2.35000   0.15332
  -2.34000   0.15443
  -2.33000   0.15555
  -2.32000   0.15668
  -2.31000   0.15783
  -2.30000   0.15898
  -2.29000   0.16015
  -2.28000   0.16133
  -2.27000   0.16253
  -2.26000   0.16373
  -2.25000   0.16495
  -2.24000   0.16618
  -2.23000   0.16742
  -2.22000   0.16868
  -2.21000   0.16995
  -2.20000   0.17123
  -2.19000   0.17253
  -2.18000   0.17384
  -2.17000   0.17517
  -2.16000   0.17650
  -2.15000   0.17786
  -2.14000   0.17922
  -2.13000   0.18061
  -2.12000   0.18200
  -2.11000   0.18342
  -2.10000   0.18484
  -2.09000   0.18629
  -2.08000   0.18774
  -2.07000   0.18922
  -2.06000   0.19071
  -2.05000   0.19222
  -2.04000   0.19374
  -2.03000   0.19528
  -2.02000   0.19683
  -2.01000   0.19841
  -2.00000   0.20000
  -1.99000   0.20161
  -1.98000   0.20324
  -1.97000   0.20488
  -1.96000   0.20654
  -1.95000   0.20822
  -1.94000   0.20993
  -1.93000   0.21164
  -1.92000   0.21338
  -1.91000   0.21514
  -1.90000   0.21692
  -1.89000   0.21872
  -1.88000   0.22054
  -1.87000   0.22238
  -1.86000   0.22424
  -1.85000   0.22612
  -1.84000   0.22802
  -1.83000   0.22994
  -1.82000   0.23189
  -1.81000   0.23386
  -1.80000   0.23585
  -1.79000   0.23786
  -1.78000   0.23990
  -1.77000   0.24196
  -1.76000   0.24405
  -1.75000   0.24615
  -1.74000   0.24829
  -1.73000   0.25044
  -1.72000   0.25263
  -1.71000   0.25484
  -1.70000   0.25707
  -1.69000   0.25933
  -1.68000   0.26162
  -1.67000   0.26393
  -1.66000   0.26627
  -1.65000   0.26864
  -1.64000   0.27103
  -1.63000   0.27346
  -1.62000   0.27591
  -1.61000   0.27839
  -1.60000   0.28090
  -1.59000   0.28344
  -1.58000   0.28601
  -1.57000   0.28861
  -1.56000   0.29124
  -1.55000   0.29390
  -1.54000   0.29660
  -1.53000   0.29932
  -1.52000   0.30208
  -1.51000   0.30487
  -1.50000   0.30769
  -1.49000   0.31055
  -1.48000   0.31344
  -1.47000   0.31637
  -1.46000   0.31933
  -1.45000   0.32232
  -1.44000   0.32535
  -1.43000   0.32842
  -1.42000   0.33152
  -1.41000   0.33466
  -1.40000   0.33784
  -1.39000   0.34105
  -1.38000   0.34431
  -1.37000   0.34760
  -1.36000   0.35093
  -1.35000   0.35430
  -1.34000   0.35771
  -1.33000   0.36115
  -1.32000   0.36464
  -1.31000   0.36818
  -1.30000   0.37175
  -1.29000   0.37536
  -1.28000   0.37902
  -1.27000   0.38272
  -1.26000   0.38646
  -1.25000   0.39024
  -1.24000   0.39407
  -1.23000   0.39795
  -1.22000   0.40186
  -1.21000   0.40583
  -1.20000   0.40984
  -1.19000   0.41389
  -1.18000   0.41799
  -1.17000   0.42214
  -1.16000   0.42633
  -1.15000   0.43057
  -1.14000   0.43486
  -1.13000   0.43919
  -1.12000   0.44358
  -1.11000   0.44801
  -1.10000   0.45249
  -1.09000   0.45702
  -1.08000   0.46160
  -1.07000   0.46622
  -1.06000   0.47090
  -1.05000   0.47562
  -1.04000   0.48040
  -1.03000   0.48523
  -1.02000   0.49010
  -1.01000   0.49503
  -1.00000   0.50000
  -0.99000   0.50503
  -0.98000   0.51010
  -0.97000   0.51523
  -0.96000   0.52040
  -0.95000   0.52562
  -0.94000   0.53090
  -0.93000   0.53622
  -0.92000   0.54159
  -0.91000   0.54702
  -0.90000   0.55249
  -0.89000   0.55800
  -0.88000   0.56357
  -0.87000   0.56918
  -0.86000   0.57485
  -0.85000   0.58055
  -0.84000   0.58630
  -0.83000   0.59210
  -0.82000   0.59794
  -0.81000   0.60383
  -0.80000   0.60976
  -0.79000   0.61573
  -0.78000   0.62174
  -0.77000   0.62779
  -0.76000   0.63387
  -0.75000   0.64000
  -0.74000   0.64616
  -0.73000   0.65236
  -0.72000   0.65859
  -0.71000   0.66485
  -0.70000   0.67114
  -0.69000   0.67746
  -0.68000   0.68381
  -0.67000   0.69018
  -0.66000   0.69657
  -0.65000   0.70299
  -0.64000   0.70942
  -0.63000   0.71587
  -0.62000   0.72234
  -0.61000   0.72881
  -0.60000   0.73529
  -0.59000   0.74179
  -0.58000   0.74828
  -0.57000   0.75477
  -0.56000   0.76127
  -0.55000   0.76775
  -0.54000   0.77423
  -0.53000   0.78070
  -0.52000   0.78715
  -0.51000   0.79359
  -0.50000   0.80000
  -0.49000   0.80639
  -0.48000   0.81274
  -0.47000   0.81907
  -0.46000   0.82536
  -0.45000   0.83160
  -0.44000   0.83780
  -0.43000   0.84395
  -0.42000   0.85005
  -0.41000   0.85609
  -0.40000   0.86207
  -0.39000   0.86798
  -0.38000   0.87382
  -0.37000   0.87959
  -0.36000   0.88527
  -0.35000   0.89087
  -0.34000   0.89638
  -0.33000   0.90180
  -0.32000   0.90711
  -0.31000   0.91233
  -0.30000   0.91743
  -0.29000   0.92242
  -0.28000   0.92730
  -0.27000   0.93205
  -0.26000   0.93668
  -0.25000   0.94118
  -0.24000   0.94554
  -0.23000   0.94976
  -0.22000   0.95384
  -0.21000   0.95776
  -0.20000   0.96154
  -0.19000   0.96516
  -0.18000   0.96862
  -0.17000   0.97191
  -0.16000   0.97504
  -0.15000   0.97800
  -0.14000   0.98078
  -0.13000   0.98338
  -0.12000   0.98581
  -0.11000   0.98805
  -0.10000   0.99010
  -0.09000   0.99197
  -0.08000   0.99364
  -0.07000   0.99512
  -0.06000   0.99641
  -0.05000   0.99751
  -0.04000   0.99840
  -0.03000   0.99910
  -0.02000   0.99960
  -0.01000   0.99990
  -0.00000   1.00000
   0.01000   0.99990
   0.02000   0.99960
   0.03000   0.99910
   0.04000   0.99840
   0.05000   0.99751
   0.06000   0.99641
   0.07000   0.99512
   0.08000   0.99364
   0.09000   0.99197
   0.10000   0.99010
   0.11000   0.98805
   0.12000   0.98581
   0.13000   0.98338
   0.14000   0.98078
   0.15000   0.97800
   0.16000   0.97504
   0.17000   0.97191
   0.18000   0.96862
   0.19000   0.96516
   0.20000   0.96154
   0.21000   0.95776
   0.22000   0.95384
   0.23000   0.94976
   0.24000   0.94554
   0.25000   0.94118
   0.26000   0.93668
   0.27000   0.93205
   0.28000   0.92730
   0.29000   0.92243
   0.30000   0.91743
   0.31000   0.91233
   0.32000   0.90711
   0.33000   0.90180
   0.34000   0.89638
   0.35000   0.89087
   0.36000   0.88527
   0.37000   0.87959
   0.38000   0.87382
   0.39000   0.86798
   0.40000   0.86207
   0.41000   0.85609
   0.42000   0.85005
   0.43000   0.84395
   0.44000   0.83780
   0.45000   0.83160
   0.46000   0.82536
   0.47000   0.81907
   0.48000   0.81274
   0.49000   0.80639
   0.50000   0.80000
   0.51000   0.79359
   0.52000   0.78715
   0.53000   0.78070
   0.54000   0.77423
   0.55000   0.76775
   0.56000   0.76127
   0.57000   0.75477
   0.58000   0.74828
   0.59000   0.74179
   0.60000   0.73529
   0.61000   0.72881
   0.62000   0.72234
   0.63000   0.71587
   0.64000   0.70942
   0.65000   0.70299
   0.66000   0.69657
   0.67000   0.69018
   0.68000   0.68381
   0.69000   0.67746
   0.70000   0.67114
   0.71000   0.66485
   0.72000   0.65859
   0.73000   0.65236
   0.74000   0.64616
   0.75000   0.64000
   0.76000   0.63387
   0.77000   0.62779
   0.78000   0.62174
   0.79000   0.61573
   0.80000   0.60976
   0.81000   0.60383
   0.82000   0.59794
   0.83000   0.59210
   0.84000   0.58630
   0.85000   0.58055
   0.86000   0.57485
   0.87000   0.56918
   0.88000   0.56357
   0.89000   0.55800
   0.90000   0.55249
   0.91000   0.54702
   0.92000   0.54159
   0.93000   0.53622
   0.94000   0.53090
   0.95000   0.52562
   0.96000   0.52040
   0.97000   0.51523
   0.98000   0.51010
   0.99000   0.50503
   1.00000   0.50000
   1.01000   0.49503
   1.02000   0.49010
   1.03000   0.48523
   1.04000   0.48040
   1.05000   0.47562
   1.06000   0.47090
   1.07000   0.46622
   1.08000   0.46160
   1.09000   0.45702
   1.10000   0.45249
   1.11000   0.44801
   1.12000   0.44358
   1.13000   0.43919
   1.14000   0.43486
   1.15000   0.43057
   1.16000   0.42633
   1.17000   0.42214
   1.18000   0.41799
   1.19000   0.41389
   1.20000   0.40984
   1.21000   0.40583
   1.22000   0.40186
   1.23000   0.39795
   1.24000   0.39407
   1.25000   0.39024
   1.26000   0.38646
   1.27000   0.38272
   1.28000   0.37902
   1.29000   0.37536
   1.30000   0.37175
   1.31000   0.36818
   1.32000   0.36464
   1.33000   0.36115
   1.34000   0.35771
   1.35000   0.35430
   1.36000   0.35093
   1.37000   0.34760
   1.38000   0.34431
   1.39000   0.34105
   1.40000   0.33784
   1.41000   0.33466
   1.42000   0.33152
   1.43000   0.32842
   1.44000   0.32535
   1.45000   0.32232
   1.46000   0.31933
   1.47000   0.31637
   1.48000   0.31344
   1.49000   0.31055
   1.50000   0.30769
   1.51000   0.30487
   1.52000   0.30208
   1.53000   0.29932
   1.54000   0.29660
   1.55000   0.29390
   1.56000   0.29124
   1.57000   0.28861
   1.58000   0.28601
   1.59000   0.28344
   1.60000   0.28090
   1.61000   0.27839
   1.62000   0.27591
   1.63000   0.27346
   1.64000   0.27103
   1.65000   0.26864
   1.66000   0.26627
   1.67000   0.26393
   1.68000   0.26162
   1.69000   0.25933
   1.70000   0.25707
   1.71000   0.25484
   1.72000   0.25263
   1.73000   0.25044
   1.74000   0.24829
   1.75000   0.24615
   1.76000   0.24405
   1.77000   0.24196
   1.78000   0.23990
   1.79000   0.23786
   1.80000   0.23585
   1.81000   0.23386
   1.82000   0.23189
   1.83000   0.22994
   1.84000   0.22802
   1.85000   0.22612
   1.86000   0.22424
   1.87000   0.22238
   1.88000   0.22054
   1.89000   0.21872
   1.90000   0.21692
   1.91000   0.21514
   1.92000   0.21338
   1.93000   0.21164
   1.94000   0.20993
   1.95000   0.20822
   1.96000   0.20654
   1.97000   0.20488
   1.98000   0.20324
   1.99000   0.20161
   2.00000   0.20000
   2.01000   0.19841
   2.02000   0.19683
   2.03000   0.19528
   2.04000   0.19374
   2.05000   0.19222
   2.06000   0.19071
   2.07000   0.18922
   2.08000   0.18774
   2.09000   0.18629
   2.10000   0.18484
   2.11000   0.18342
   2.12000   0.18200
   2.13000   0.18061
   2.14000   0.17922
   2.15000   0.17786
   2.16000   0.17650
   2.17000   0.17517
   2.18000   0.17384
   2.19000   0.17253
   2.20000   0.17123
   2.21000   0.16995
   2.22000   0.16868
   2.23000   0.16742
   2.24000   0.16618
   2.25000   0.16495
   2.26000   0.16373
   2.27000   0.16253
   2.28000   0.16133
   2.29000   0.16015
   2.30000   0.15898
   2.31000   0.15783
   2.32000   0.15668
   2.33000   0.15555
   2.34000   0.15443
   2.35000   0.15332
   2.36000   0.15222
   2.37000   0.15113
   2.38000   0.15005
   2.39000   0.14898
   2.40000   0.14793
   2.41000   0.14688
   2.42000   0.14585
   2.43000   0.14482
   2.44000   0.14381
   2.45000   0.14281
   2.46000   0.14181
   2.47000   0.14083
   2.48000   0.13985
   2.49000   0.13889
   2.50000   0.13793
   2.51000   0.13698
   2.52000   0.13605
   2.53000   0.13512
   2.54000   0.13420
   2.55000   0.13329
   2.56000   0.13239
   2.57000   0.13149
   2.58000   0.13061
   2.59000   0.12973
   2.60000   0.12887
   2.61000   0.12801
   2.62000   0.12716
   2.63000   0.12631
   2.64000   0.12548
   2.65000   0.12465
   2.66000   0.12383
   2.67000   0.12302
   2.68000   0.12221
   2.69000   0.12142
   2.70000   0.12063
   2.71000   0.11985
   2.72000   0.11907
   2.73000   0.11830
   2.74000   0.11754
   2.75000   0.11679
   2.76000   0.11604
   2.77000   0.11530
   2.78000   0.11457
   2.79000   0.11384
   2.80000   0.11312
   2.81000   0.11241
   2.82000   0.11170
   2.83000   0.11100
   2.84000   0.11031
   2.85000   0.10962
   2.86000   0.10894
   2.87000   0.10826
   2.88000   0.10759
   2.89000   0.10693
   2.90000   0.10627
   2.91000   0.10562
   2.92000   0.10497
   2.93000   0.10433
   2.94000   0.10370
   2.95000   0.10307
   2.96000   0.10244
   2.97000   0.10182
   2.98000   0.10121
   2.99000   0.10060
   3.00000   0.10000
   3.01000   0.09940
   3.02000   0.09881
   3.03000   0.09822
   3.04000   0.09764
   3.05000   0.09706
   3.06000   0.09649
   3.07000   0.09592
   3.08000   0.09536
   3.09000   0.09480
   3.10000   0.09425
   3.11000   0.09370
   3.12000   0.09316
   3.13000   0.09262
   3.14000   0.09208
   3.15000   0.09155
   3.16000   0.09103
   3.17000   0.09051
   3.18000   0.08999
   3.19000   0.08948
   3.20000   0.08897
   3.21000   0.08846
   3.22000   0.08796
   3.23000   0.08747
   3.24000   0.08697
   3.25000   0.08649
   3.26000   0.08600
   3.27000   0.08552
   3.28000   0.08505
   3.29000   0.08457
   3.30000   0.08410
   3.31000   0.08364
   3.32000   0.08318
   3.33000   0.08272
   3.34000   0.08227
   3.35000   0.08182
   3.36000   0.08137
   3.37000   0.08093
   3.38000   0.08049
   3.39000   0.08005
   3.40000   0.07962
   3.41000   0.07919
   3.42000   0.07876
   3.43000   0.07834
   3.44000   0.07792
   3.45000   0.07750
   3.46000   0.07709
   3.47000   0.07668
   3.48000   0.07628
   3.49000   0.07587
   3.50000   0.07547
   3.51000   0.07507
   3.52000   0.07468
   3.53000   0.07429
   3.54000   0.07390
   3.55000   0.07352
   3.56000   0.07313
   3.57000   0.07275
   3.58000   0.07238
   3.59000   0.07200
   3.60000   0.07163
   3.61000   0.07127
   3.62000   0.07090
   3.63000   0.07054
   3.64000   0.07018
   3.65000   0.06982
   3.66000   0.06947
   3.67000   0.06911
   3.68000   0.06876
   3.69000   0.06842
   3.70000   0.06807
   3.71000   0.06773
   3.72000   0.06739
   3.73000   0.06706
   3.74000   0.06672
   3.75000   0.06639
   3.76000   0.06606
   3.77000   0.06573
   3.78000   0.06541
   3.79000   0.06509
   3.80000   0.06477
   3.81000   0.06445
   3.82000   0.06413
   3.83000   0.06382
   3.84000   0.06351
   3.85000   0.06320
   3.86000   0.06289
   3.87000   0.06259
   3.88000   0.06229
   3.89000   0.06199
   3.90000   0.06169
   3.91000   0.06139
   3.92000   0.06110
   3.93000   0.06081
   3.94000   0.06052
   3.95000   0.06023
   3.96000   0.05995
   3.97000   0.05966
   3.98000   0.05938
   3.99000   0.05910
   4.00000   0.05882
   4.01000   0.05855
   4.02000   0.05827
   4.03000   0.05800
   4.04000   0.05773
   4.05000   0.05746
   4.06000   0.05720
   4.07000   0.05693
   4.08000   0.05667
   4.09000   0.05641
   4.10000   0.05615
   4.11000   0.05589
   4.12000   0.05563
   4.13000   0.05538
   4.14000   0.05513
   4.15000   0.05488
   4.16000   0.05463
   4.17000   0.05438
   4.18000   0.05413
   4.19000   0.05389
   4.20000   0.05365
   4.21000   0.05341
   4.22000   0.05317
   4.23000   0.05293
   4.24000   0.05269
   4.25000   0.05246
   4.26000   0.05223
   4.27000   0.05199
   4.28000   0.05176
   4.29000   0.05154
   4.30000   0.05131
   4.31000   0.05108
   4.32000   0.05086
   4.33000   0.05064
   4.34000   0.05041
   4.35000   0.05019
   4.36000   0.04998
   4.37000   0.04976
   4.38000   0.04954
   4.39000   0.04933
   4.40000   0.04912
   4.41000   0.04890
   4.42000   0.04869
   4.43000   0.04849
   4.44000   0.04828
   4.45000   0.04807
   4.46000   0.04787
   4.47000   0.04766
   4.48000   0.04746
   4.49000   0.04726
   4.50000   0.04706
   4.51000   0.04686
   4.52000   0.04666
   4.53000   0.04647
   4.54000   0.04627
   4.55000   0.04608
   4.56000   0.04589
   4.57000   0.04569
   4.58000   0.04550
   4.59000   0.04531
   4.60000   0.04513
   4.61000   0.04494
   4.62000   0.04475
   4.63000   0.04457
   4.64000   0.04439
   4.65000   0.04420
   4.66000   0.04402
   4.67000   0.04384
   4.68000   0.04366
   4.69000   0.04349
   4.70000   0.04331
   4.71000   0.04313
   4.72000   0.04296
   4.73000   0.04278
   4.74000   0.04261
   4.75000   0.04244
   4.76000   0.04227
   4.77000   0.04210
   4.78000   0.04193
   4.79000   0.04176
   4.80000   0.04160
   4.81000   0.04143
   4.82000   0.04127
   4.83000   0.04110
   4.84000   0.04094
   4.85000   0.04078
   4.86000   0.04062
   4.87000   0.04046
   4.88000   0.04030
   4.89000   0.04014
   4.90000   0.03998
   4.91000   0.03983
   4.92000   0.03967
   4.93000   0.03952
   4.94000   0.03936
   4.95000   0.03921
   4.96000   0.03906
   4.97000   0.03891
   4.98000   0.03876
   4.99000   0.03861
   5.00000   0.03846
