  -2.00000   7.38906
  -1.95000   6.69426
  -1.90000   6.07997
  -1.85000   5.53588
  -1.80000   5.05309
  -1.75000   4.62395
  -1.70000   4.24184
  -1.65000   3.90105
  -1.60000   3.59662
  -1.55000   3.32425
  -1.50000   3.08020
  -1.45000   2.86121
  -1.40000   2.66444
  -1.35000   2.48741
  -1.30000   2.32796
  -1.25000   2.18418
  -1.20000   2.05442
  -1.15000   1.93720
  -1.10000   1.83124
  -1.05000   1.73540
  -1.00000   1.64871
  -0.95000   1.57026
  -0.90000   1.49929
  -0.85000   1.43511
  -0.80000   1.37711
  -0.75000   1.32477
  -0.70000   1.27761
  -0.65000   1.23521
  -0.60000   1.19720
  -0.55000   1.16327
  -0.50000   1.13314
  -0.45000   1.10654
  -0.40000   1.08328
  -0.35000   1.06315
  -0.30000   1.04602
  -0.25000   1.03173
  -0.20000   1.02019
  -0.15000   1.01130
  -0.10000   1.00500
  -0.05000   1.00124
   0.00000   0.99999
   0.05000   1.00124
   0.10000   1.00500
   0.15000   1.01130
   0.20000   1.02019
   0.25000   1.03173
   0.30000   1.04602
   0.35000   1.06315
   0.40000   1.08327
   0.45000   1.10654
   0.50000   1.13314
   0.55000   1.16327
   0.60000   1.19720
   0.65000   1.23521
   0.70000   1.27761
   0.75000   1.32477
   0.80000   1.37711
   0.85000   1.43511
   0.90000   1.49929
   0.95000   1.57026
   1.00000   1.64871
   1.05000   1.73540
   1.10000   1.83123
   1.15000   1.93719
   1.20000   2.05441
   1.25000   2.18418
   1.30000   2.32796
   1.35000   2.48741
   1.40000   2.66444
   1.45000   2.86121
   1.50000   3.08020
   1.55000   3.32425
   1.60000   3.59662
   1.65000   3.90105
   1.70000   4.24183
   1.75000   4.62394
   1.80000   5.05307
   1.85000   5.53586
   1.90000   6.07996
   1.95000   6.69425
