  -2.00000   7.38906
  -1.95000   6.69426
  -1.90000   6.07997
  -1.85000   5.53588
  -1.80000   5.05309
  -1.75000   4.62395
  -1.70000   4.24185
  -1.65000   3.90107
  -1.60000   3.59664
  -1.55000   3.32427
  -1.50000   3.08022
  -1.45000   2.86123
  -1.40000   2.66446
  -1.35000   2.48743
  -1.30000   2.32798
  -1.25000   2.18420
  -1.20000   2.05444
  -1.15000   1.93721
  -1.10000   1.83125
  -1.05000   1.73542
  -1.00000   1.64872
  -0.95000   1.57028
  -0.90000   1.49930
  -0.85000   1.43512
  -0.80000   1.37713
  -0.75000   1.32479
  -0.70000   1.27762
  -0.65000   1.23522
  -0.60000   1.19722
  -0.55000   1.16329
  -0.50000   1.13315
  -0.45000   1.10655
  -0.40000   1.08329
  -0.35000   1.06317
  -0.30000   1.04603
  -0.25000   1.03174
  -0.20000   1.02020
  -0.15000   1.01131
  -0.10000   1.00501
  -0.05000   1.00125
   0.00000   1.00000
   0.05000   1.00125
   0.10000   1.00501
   0.15000   1.01131
   0.20000   1.02020
   0.25000   1.03174
   0.30000   1.04603
   0.35000   1.06317
   0.40000   1.08329
   0.45000   1.10655
   0.50000   1.13315
   0.55000   1.16329
   0.60000   1.19722
   0.65000   1.23522
   0.70000   1.27762
   0.75000   1.32479
   0.80000   1.37713
   0.85000   1.43512
   0.90000   1.49930
   0.95000   1.57028
   1.00000   1.64872
   1.05000   1.73542
   1.10000   1.83126
   1.15000   1.93722
   1.20000   2.05444
   1.25000   2.18420
   1.30000   2.32798
   1.35000   2.48743
   1.40000   2.66446
   1.45000   2.86123
   1.50000   3.08022
   1.55000   3.32428
   1.60000   3.59665
   1.65000   3.90107
   1.70000   4.24186
   1.75000   4.62396
   1.80000   5.05310
   1.85000   5.53589
   1.90000   6.07999
   1.95000   6.69427
