  -2.00000   7.38906
  -1.92000   6.31672
  -1.84000   5.43468
  -1.76000   4.70582
  -1.68000   4.10087
  -1.60000   3.59664
  -1.52000   3.17466
  -1.44000   2.82018
  -1.36000   2.52136
  -1.28000   2.26868
  -1.20000   2.05443
  -1.12000   1.87236
  -1.04000   1.71738
  -0.96000   1.58534
  -0.88000   1.47285
  -0.80000   1.37713
  -0.72000   1.29589
  -0.64000   1.22728
  -0.56000   1.16976
  -0.48000   1.12210
  -0.40000   1.08329
  -0.32000   1.05253
  -0.24000   1.02922
  -0.16000   1.01288
  -0.08000   1.00321
  -0.00000   1.00000
   0.08000   1.00321
   0.16000   1.01288
   0.24000   1.02922
   0.32000   1.05253
   0.40000   1.08329
   0.48000   1.12210
   0.56000   1.16976
   0.64000   1.22728
   0.72000   1.29589
   0.80000   1.37713
   0.88000   1.47285
   0.96000   1.58534
   1.04000   1.71738
   1.12000   1.87236
   1.20000   2.05443
   1.28000   2.26868
   1.36000   2.52136
   1.44000   2.82018
   1.52000   3.17466
   1.60000   3.59664
   1.68000   4.10087
   1.76000   4.70582
   1.84000   5.43468
   1.92000   6.31672
   2.00000   7.38905
