        0.00000        1.00000
        0.00500        0.90984
        0.01000        0.82873
        0.01500        0.75582
        0.02000        0.69032
        0.02500        0.63153
        0.03000        0.57881
        0.03500        0.53158
        0.04000        0.48932
        0.04500        0.45155
        0.05000        0.41786
        0.05500        0.38784
        0.06000        0.36116
        0.06500        0.33749
        0.07000        0.31654
        0.07500        0.29806
        0.08000        0.28181
        0.08500        0.26758
        0.09000        0.25518
        0.09500        0.24443
        0.10000        0.23517
        0.10500        0.22726
        0.11000        0.22058
        0.11500        0.21501
        0.12000        0.21043
        0.12500        0.20676
        0.13000        0.20391
        0.13500        0.20180
        0.14000        0.20035
        0.14500        0.19952
        0.15000        0.19923
        0.15500        0.19943
        0.16000        0.20008
        0.16500        0.20114
        0.17000        0.20256
        0.17500        0.20431
        0.18000        0.20635
        0.18500        0.20867
        0.19000        0.21123
        0.19500        0.21401
        0.20000        0.21698
        0.20500        0.22014
        0.21000        0.22346
        0.21500        0.22692
        0.22000        0.23051
        0.22500        0.23422
        0.23000        0.23803
        0.23500        0.24194
        0.24000        0.24593
        0.24500        0.25000
        0.25000        0.25414
        0.25500        0.25834
        0.26000        0.26260
        0.26500        0.26690
        0.27000        0.27125
        0.27500        0.27563
        0.28000        0.28005
        0.28500        0.28450
        0.29000        0.28898
        0.29500        0.29348
        0.30000        0.29800
        0.30500        0.30254
        0.31000        0.30709
        0.31500        0.31165
        0.32000        0.31623
        0.32500        0.32081
        0.33000        0.32540
        0.33500        0.33000
        0.34000        0.33460
        0.34500        0.33920
        0.35000        0.34381
        0.35500        0.34842
        0.36000        0.35302
        0.36500        0.35762
        0.37000        0.36223
        0.37500        0.36683
        0.38000        0.37142
        0.38500        0.37601
        0.39000        0.38060
        0.39500        0.38518
        0.40000        0.38975
        0.40500        0.39432
        0.41000        0.39888
        0.41500        0.40344
        0.42000        0.40799
        0.42500        0.41252
        0.43000        0.41705
        0.43500        0.42158
        0.44000        0.42609
        0.44500        0.43059
        0.45000        0.43509
        0.45500        0.43957
        0.46000        0.44405
        0.46500        0.44851
        0.47000        0.45297
        0.47500        0.45741
        0.48000        0.46185
        0.48500        0.46627
        0.49000        0.47068
        0.49500        0.47508
        0.50000        0.47947
        0.50500        0.48385
        0.51000        0.48821
        0.51500        0.49257
        0.52000        0.49691
        0.52500        0.50124
        0.53000        0.50556
        0.53500        0.50986
        0.54000        0.51416
        0.54500        0.51844
        0.55000        0.52270
        0.55500        0.52696
        0.56000        0.53120
        0.56500        0.53543
        0.57000        0.53964
        0.57500        0.54384
        0.58000        0.54803
        0.58500        0.55221
        0.59000        0.55637
        0.59500        0.56052
        0.60000        0.56465
        0.60500        0.56877
        0.61000        0.57287
        0.61500        0.57696
        0.62000        0.58104
        0.62500        0.58510
        0.63000        0.58915
        0.63500        0.59318
        0.64000        0.59720
        0.64500        0.60120
        0.65000        0.60519
        0.65500        0.60916
        0.66000        0.61312
        0.66500        0.61706
        0.67000        0.62099
        0.67500        0.62490
        0.68000        0.62879
        0.68500        0.63267
        0.69000        0.63654
        0.69500        0.64039
        0.70000        0.64422
        0.70500        0.64803
        0.71000        0.65183
        0.71500        0.65562
        0.72000        0.65939
        0.72500        0.66314
        0.73000        0.66687
        0.73500        0.67059
        0.74000        0.67429
        0.74500        0.67797
        0.75000        0.68164
        0.75500        0.68529
        0.76000        0.68892
        0.76500        0.69254
        0.77000        0.69614
        0.77500        0.69972
        0.78000        0.70328
        0.78500        0.70683
        0.79000        0.71035
        0.79500        0.71386
        0.80000        0.71736
        0.80500        0.72083
        0.81000        0.72429
        0.81500        0.72773
        0.82000        0.73115
        0.82500        0.73455
        0.83000        0.73793
        0.83500        0.74130
        0.84000        0.74464
        0.84500        0.74797
        0.85000        0.75128
        0.85500        0.75457
        0.86000        0.75784
        0.86500        0.76110
        0.87000        0.76433
        0.87500        0.76754
        0.88000        0.77074
        0.88500        0.77391
        0.89000        0.77707
        0.89500        0.78021
        0.90000        0.78333
        0.90500        0.78643
        0.91000        0.78950
        0.91500        0.79256
        0.92000        0.79560
        0.92500        0.79862
        0.93000        0.80162
        0.93500        0.80460
        0.94000        0.80756
        0.94500        0.81050
        0.95000        0.81342
        0.95500        0.81631
        0.96000        0.81919
        0.96500        0.82205
        0.97000        0.82489
        0.97500        0.82770
        0.98000        0.83050
        0.98500        0.83327
        0.99000        0.83603
        0.99500        0.83876
        1.00000        0.84147
        1.00500        0.84416
        1.01000        0.84683
        1.01500        0.84948
        1.02000        0.85211
        1.02500        0.85471
        1.03000        0.85730
        1.03500        0.85986
        1.04000        0.86240
        1.04500        0.86492
        1.05000        0.86742
        1.05500        0.86990
        1.06000        0.87236
        1.06500        0.87479
        1.07000        0.87720
        1.07500        0.87959
        1.08000        0.88196
        1.08500        0.88430
        1.09000        0.88663
        1.09500        0.88893
        1.10000        0.89121
        1.10500        0.89346
        1.11000        0.89570
        1.11500        0.89791
        1.12000        0.90010
        1.12500        0.90227
        1.13000        0.90441
        1.13500        0.90653
        1.14000        0.90863
        1.14500        0.91071
        1.15000        0.91276
        1.15500        0.91479
        1.16000        0.91680
        1.16500        0.91879
        1.17000        0.92075
        1.17500        0.92269
        1.18000        0.92461
        1.18500        0.92650
        1.19000        0.92837
        1.19500        0.93022
        1.20000        0.93204
        1.20500        0.93384
        1.21000        0.93562
        1.21500        0.93737
        1.22000        0.93910
        1.22500        0.94081
        1.23000        0.94249
        1.23500        0.94415
        1.24000        0.94578
        1.24500        0.94740
        1.25000        0.94898
        1.25500        0.95055
        1.26000        0.95209
        1.26500        0.95361
        1.27000        0.95510
        1.27500        0.95657
        1.28000        0.95802
        1.28500        0.95944
        1.29000        0.96084
        1.29500        0.96221
        1.30000        0.96356
        1.30500        0.96488
        1.31000        0.96618
        1.31500        0.96746
        1.32000        0.96872
        1.32500        0.96994
        1.33000        0.97115
        1.33500        0.97233
        1.34000        0.97348
        1.34500        0.97462
        1.35000        0.97572
        1.35500        0.97681
        1.36000        0.97786
        1.36500        0.97890
        1.37000        0.97991
        1.37500        0.98089
        1.38000        0.98185
        1.38500        0.98279
        1.39000        0.98370
        1.39500        0.98459
        1.40000        0.98545
        1.40500        0.98629
        1.41000        0.98710
        1.41500        0.98789
        1.42000        0.98865
        1.42500        0.98939
        1.43000        0.99010
        1.43500        0.99079
        1.44000        0.99146
        1.44500        0.99210
        1.45000        0.99271
        1.45500        0.99330
        1.46000        0.99387
        1.46500        0.99441
        1.47000        0.99492
        1.47500        0.99542
        1.48000        0.99588
        1.48500        0.99632
        1.49000        0.99674
        1.49500        0.99713
        1.50000        0.99749
        1.50500        0.99784
        1.51000        0.99815
        1.51500        0.99844
        1.52000        0.99871
        1.52500        0.99895
        1.53000        0.99917
        1.53500        0.99936
        1.54000        0.99953
        1.54500        0.99967
        1.55000        0.99978
        1.55500        0.99988
        1.56000        0.99994
        1.56500        0.99998
        1.57000        1.00000
        1.57500        0.99999
        1.58000        0.99996
        1.58500        0.99990
        1.59000        0.99982
        1.59500        0.99971
        1.60000        0.99957
        1.60500        0.99942
        1.61000        0.99923
        1.61500        0.99902
        1.62000        0.99879
        1.62500        0.99853
        1.63000        0.99825
        1.63500        0.99794
        1.64000        0.99761
        1.64500        0.99725
        1.65000        0.99687
        1.65500        0.99646
        1.66000        0.99602
        1.66500        0.99557
        1.67000        0.99508
        1.67500        0.99458
        1.68000        0.99404
        1.68500        0.99349
        1.69000        0.99290
        1.69500        0.99230
        1.70000        0.99166
        1.70500        0.99101
        1.71000        0.99033
        1.71500        0.98962
        1.72000        0.98889
        1.72500        0.98813
        1.73000        0.98735
        1.73500        0.98655
        1.74000        0.98572
        1.74500        0.98486
        1.75000        0.98399
        1.75500        0.98308
        1.76000        0.98215
        1.76500        0.98120
        1.77000        0.98022
        1.77500        0.97922
        1.78000        0.97820
        1.78500        0.97715
        1.79000        0.97607
        1.79500        0.97497
        1.80000        0.97385
        1.80500        0.97270
        1.81000        0.97153
        1.81500        0.97033
        1.82000        0.96911
        1.82500        0.96786
        1.83000        0.96659
        1.83500        0.96530
        1.84000        0.96398
        1.84500        0.96264
        1.85000        0.96128
        1.85500        0.95989
        1.86000        0.95847
        1.86500        0.95703
        1.87000        0.95557
        1.87500        0.95409
        1.88000        0.95258
        1.88500        0.95104
        1.89000        0.94949
        1.89500        0.94790
        1.90000        0.94630
        1.90500        0.94467
        1.91000        0.94302
        1.91500        0.94134
        1.92000        0.93965
        1.92500        0.93792
        1.93000        0.93618
        1.93500        0.93441
        1.94000        0.93262
        1.94500        0.93080
        1.95000        0.92896
        1.95500        0.92710
        1.96000        0.92521
        1.96500        0.92330
        1.97000        0.92137
        1.97500        0.91942
        1.98000        0.91744
        1.98500        0.91544
        1.99000        0.91341
        1.99500        0.91137
        2.00000        0.90930
        2.00500        0.90721
        2.01000        0.90509
        2.01500        0.90295
        2.02000        0.90079
        2.02500        0.89861
        2.03000        0.89641
        2.03500        0.89418
        2.04000        0.89193
        2.04500        0.88966
        2.05000        0.88736
        2.05500        0.88505
        2.06000        0.88271
        2.06500        0.88035
        2.07000        0.87796
        2.07500        0.87556
        2.08000        0.87313
        2.08500        0.87068
        2.09000        0.86821
        2.09500        0.86572
        2.10000        0.86321
        2.10500        0.86067
        2.11000        0.85812
        2.11500        0.85554
        2.12000        0.85294
        2.12500        0.85032
        2.13000        0.84768
        2.13500        0.84501
        2.14000        0.84233
        2.14500        0.83963
        2.15000        0.83690
        2.15500        0.83415
        2.16000        0.83138
        2.16500        0.82859
        2.17000        0.82579
        2.17500        0.82295
        2.18000        0.82010
        2.18500        0.81723
        2.19000        0.81434
        2.19500        0.81143
        2.20000        0.80850
        2.20500        0.80554
        2.21000        0.80257
        2.21500        0.79958
        2.22000        0.79657
        2.22500        0.79353
        2.23000        0.79048
        2.23500        0.78741
        2.24000        0.78432
        2.24500        0.78120
        2.25000        0.77807
        2.25500        0.77492
        2.26000        0.77175
        2.26500        0.76856
        2.27000        0.76535
        2.27500        0.76213
        2.28000        0.75888
        2.28500        0.75562
        2.29000        0.75233
        2.29500        0.74903
        2.30000        0.74571
        2.30500        0.74236
        2.31000        0.73901
        2.31500        0.73563
        2.32000        0.73223
        2.32500        0.72882
        2.33000        0.72538
        2.33500        0.72193
        2.34000        0.71846
        2.34500        0.71498
        2.35000        0.71147
        2.35500        0.70795
        2.36000        0.70441
        2.36500        0.70085
        2.37000        0.69728
        2.37500        0.69369
        2.38000        0.69008
        2.38500        0.68645
        2.39000        0.68280
        2.39500        0.67914
        2.40000        0.67546
        2.40500        0.67177
        2.41000        0.66806
        2.41500        0.66433
        2.42000        0.66058
        2.42500        0.65682
        2.43000        0.65304
        2.43500        0.64925
        2.44000        0.64544
        2.44500        0.64161
        2.45000        0.63776
        2.45500        0.63391
        2.46000        0.63003
        2.46500        0.62614
        2.47000        0.62223
        2.47500        0.61831
        2.48000        0.61437
        2.48500        0.61042
        2.49000        0.60645
        2.49500        0.60247
        2.50000        0.59847
