  -5.00000   0.03846
  -4.92000   0.03967
  -4.84000   0.04094
  -4.76000   0.04227
  -4.68000   0.04366
  -4.60000   0.04513
  -4.52000   0.04666
  -4.44000   0.04828
  -4.36000   0.04998
  -4.28000   0.05176
  -4.20000   0.05365
  -4.12000   0.05563
  -4.04000   0.05773
  -3.96000   0.05995
  -3.88000   0.06229
  -3.80000   0.06477
  -3.72000   0.06739
  -3.64000   0.07018
  -3.56000   0.07313
  -3.48000   0.07628
  -3.40000   0.07962
  -3.32000   0.08318
  -3.24000   0.08697
  -3.16000   0.09103
  -3.08000   0.09536
  -3.00000   0.10000
  -2.92000   0.10497
  -2.84000   0.11031
  -2.76000   0.11604
  -2.68000   0.12221
  -2.60000   0.12887
  -2.52000   0.13605
  -2.44000   0.14381
  -2.36000   0.15222
  -2.28000   0.16133
  -2.20000   0.17123
  -2.12000   0.18200
  -2.04000   0.19374
  -1.96000   0.20654
  -1.88000   0.22054
  -1.80000   0.23585
  -1.72000   0.25263
  -1.64000   0.27103
  -1.56000   0.29124
  -1.48000   0.31344
  -1.40000   0.33784
  -1.32000   0.36464
  -1.24000   0.39407
  -1.16000   0.42633
  -1.08000   0.46160
  -1.00000   0.50000
  -0.92000   0.54159
  -0.84000   0.58630
  -0.76000   0.63387
  -0.68000   0.68381
  -0.60000   0.73529
  -0.52000   0.78715
  -0.44000   0.83780
  -0.36000   0.88527
  -0.28000   0.92730
  -0.20000   0.96154
  -0.12000   0.98580
  -0.04000   0.99840
   0.04000   0.99840
   0.12000   0.98580
   0.20000   0.96154
   0.28000   0.92730
   0.36000   0.88527
   0.44000   0.83780
   0.52000   0.78715
   0.60000   0.73529
   0.68000   0.68381
   0.76000   0.63387
   0.84000   0.58630
   0.92000   0.54159
   1.00000   0.50000
   1.08000   0.46160
   1.16000   0.42633
   1.24000   0.39407
   1.32000   0.36464
   1.40000   0.33784
   1.48000   0.31344
   1.56000   0.29124
   1.64000   0.27103
   1.72000   0.25263
   1.80000   0.23585
   1.88000   0.22054
   1.96000   0.20654
   2.04000   0.19374
   2.12000   0.18200
   2.20000   0.17123
   2.28000   0.16133
   2.36000   0.15222
   2.44000   0.14381
   2.52000   0.13605
   2.60000   0.12887
   2.68000   0.12221
   2.76000   0.11604
   2.84000   0.11031
   2.92000   0.10497
   3.00000   0.10000
   3.08000   0.09536
   3.16000   0.09103
   3.24000   0.08697
   3.32000   0.08318
   3.40000   0.07962
   3.48000   0.07628
   3.56000   0.07313
   3.64000   0.07018
   3.72000   0.06739
   3.80000   0.06477
   3.88000   0.06229
   3.96000   0.05995
   4.04000   0.05773
   4.12000   0.05563
   4.20000   0.05365
   4.28000   0.05176
   4.36000   0.04998
   4.44000   0.04828
   4.52000   0.04666
   4.60000   0.04513
   4.68000   0.04366
   4.76000   0.04227
   4.84000   0.04094
   4.92000   0.03967
   5.00000   0.03846
