   0.00000   0.00000
   0.00100   0.00681
   0.00200   0.00687
   0.00300   0.00694
   0.00400   0.00701
   0.00500   0.00708
   0.00600   0.00715
   0.00700   0.00722
   0.00800   0.00730
   0.00900   0.00737
   0.01000   0.00744
   0.01100   0.00752
   0.01200   0.00759
   0.01300   0.00767
   0.01400   0.00774
   0.01500   0.00782
   0.01600   0.00790
   0.01700   0.00797
   0.01800   0.00805
   0.01900   0.00813
   0.02000   0.00821
   0.02100   0.00829
   0.02200   0.00838
   0.02300   0.00846
   0.02400   0.00854
   0.02500   0.00862
   0.02600   0.00871
   0.02700   0.00879
   0.02800   0.00888
   0.02900   0.00897
   0.03000   0.00905
   0.03100   0.00914
   0.03200   0.00923
   0.03300   0.00932
   0.03400   0.00941
   0.03500   0.00950
   0.03600   0.00960
   0.03700   0.00969
   0.03800   0.00978
   0.03900   0.00988
   0.04000   0.00997
   0.04100   0.01007
   0.04200   0.01016
   0.04300   0.01026
   0.04400   0.01036
   0.04500   0.01046
   0.04600   0.01056
   0.04700   0.01066
   0.04800   0.01076
   0.04900   0.01087
   0.05000   0.01097
   0.05100   0.01108
   0.05200   0.01118
   0.05300   0.01129
   0.05400   0.01140
   0.05500   0.01150
   0.05600   0.01161
   0.05700   0.01172
   0.05800   0.01183
   0.05900   0.01195
   0.06000   0.01206
   0.06100   0.01217
   0.06200   0.01229
   0.06300   0.01240
   0.06400   0.01252
   0.06500   0.01264
   0.06600   0.01276
   0.06700   0.01288
   0.06800   0.01300
   0.06900   0.01312
   0.07000   0.01324
   0.07100   0.01336
   0.07200   0.01349
   0.07300   0.01361
   0.07400   0.01374
   0.07500   0.01387
   0.07600   0.01400
   0.07700   0.01413
   0.07800   0.01426
   0.07900   0.01439
   0.08000   0.01452
   0.08100   0.01466
   0.08200   0.01479
   0.08300   0.01493
   0.08400   0.01507
   0.08500   0.01521
   0.08600   0.01534
   0.08700   0.01549
   0.08800   0.01563
   0.08900   0.01577
   0.09000   0.01591
   0.09100   0.01606
   0.09200   0.01621
   0.09300   0.01635
   0.09400   0.01650
   0.09500   0.01665
   0.09600   0.01680
   0.09700   0.01696
   0.09800   0.01711
   0.09900   0.01727
   0.10000   0.01742
   0.10100   0.01758
   0.10200   0.01774
   0.10300   0.01790
   0.10400   0.01806
   0.10500   0.01822
   0.10600   0.01839
   0.10700   0.01855
   0.10800   0.01872
   0.10900   0.01888
   0.11000   0.01905
   0.11100   0.01922
   0.11200   0.01940
   0.11300   0.01957
   0.11400   0.01974
   0.11500   0.01992
   0.11600   0.02010
   0.11700   0.02027
   0.11800   0.02045
   0.11900   0.02063
   0.12000   0.02082
   0.12100   0.02100
   0.12200   0.02119
   0.12300   0.02137
   0.12400   0.02156
   0.12500   0.02175
   0.12600   0.02194
   0.12700   0.02213
   0.12800   0.02233
   0.12900   0.02252
   0.13000   0.02272
   0.13100   0.02292
   0.13200   0.02312
   0.13300   0.02332
   0.13400   0.02352
   0.13500   0.02373
   0.13600   0.02393
   0.13700   0.02414
   0.13800   0.02435
   0.13900   0.02456
   0.14000   0.02477
   0.14100   0.02499
   0.14200   0.02520
   0.14300   0.02542
   0.14400   0.02564
   0.14500   0.02586
   0.14600   0.02608
   0.14700   0.02630
   0.14800   0.02653
   0.14900   0.02676
   0.15000   0.02698
   0.15100   0.02721
   0.15200   0.02745
   0.15300   0.02768
   0.15400   0.02792
   0.15500   0.02815
   0.15600   0.02839
   0.15700   0.02863
   0.15800   0.02887
   0.15900   0.02912
   0.16000   0.02936
   0.16100   0.02961
   0.16200   0.02986
   0.16300   0.03011
   0.16400   0.03036
   0.16500   0.03062
   0.16600   0.03088
   0.16700   0.03113
   0.16800   0.03139
   0.16900   0.03166
   0.17000   0.03192
   0.17100   0.03219
   0.17200   0.03245
   0.17300   0.03272
   0.17400   0.03300
   0.17500   0.03327
   0.17600   0.03354
   0.17700   0.03382
   0.17800   0.03410
   0.17900   0.03438
   0.18000   0.03467
   0.18100   0.03495
   0.18200   0.03524
   0.18300   0.03553
   0.18400   0.03582
   0.18500   0.03611
   0.18600   0.03641
   0.18700   0.03670
   0.18800   0.03700
   0.18900   0.03731
   0.19000   0.03761
   0.19100   0.03792
   0.19200   0.03822
   0.19300   0.03853
   0.19400   0.03884
   0.19500   0.03916
   0.19600   0.03948
   0.19700   0.03979
   0.19800   0.04011
   0.19900   0.04044
   0.20000   0.04076
   0.20100   0.04109
   0.20200   0.04142
   0.20300   0.04175
   0.20400   0.04208
   0.20500   0.04242
   0.20600   0.04276
   0.20700   0.04310
   0.20800   0.04344
   0.20900   0.04379
   0.21000   0.04414
   0.21100   0.04448
   0.21200   0.04484
   0.21300   0.04519
   0.21400   0.04555
   0.21500   0.04591
   0.21600   0.04627
   0.21700   0.04663
   0.21800   0.04700
   0.21900   0.04737
   0.22000   0.04774
   0.22100   0.04811
   0.22200   0.04849
   0.22300   0.04887
   0.22400   0.04925
   0.22500   0.04963
   0.22600   0.05002
   0.22700   0.05041
   0.22800   0.05080
   0.22900   0.05119
   0.23000   0.05159
   0.23100   0.05198
   0.23200   0.05239
   0.23300   0.05279
   0.23400   0.05320
   0.23500   0.05360
   0.23600   0.05402
   0.23700   0.05443
   0.23800   0.05485
   0.23900   0.05527
   0.24000   0.05569
   0.24100   0.05611
   0.24200   0.05654
   0.24300   0.05697
   0.24400   0.05740
   0.24500   0.05784
   0.24600   0.05828
   0.24700   0.05872
   0.24800   0.05916
   0.24900   0.05961
   0.25000   0.06005
   0.25100   0.06051
   0.25200   0.06096
   0.25300   0.06142
   0.25400   0.06188
   0.25500   0.06234
   0.25600   0.06281
   0.25700   0.06328
   0.25800   0.06375
   0.25900   0.06422
   0.26000   0.06470
   0.26100   0.06518
   0.26200   0.06566
   0.26300   0.06615
   0.26400   0.06664
   0.26500   0.06713
   0.26600   0.06762
   0.26700   0.06812
   0.26800   0.06862
   0.26900   0.06913
   0.27000   0.06963
   0.27100   0.07014
   0.27200   0.07066
   0.27300   0.07117
   0.27400   0.07169
   0.27500   0.07221
   0.27600   0.07274
   0.27700   0.07327
   0.27800   0.07380
   0.27900   0.07433
   0.28000   0.07487
   0.28100   0.07541
   0.28200   0.07595
   0.28300   0.07650
   0.28400   0.07705
   0.28500   0.07760
   0.28600   0.07816
   0.28700   0.07872
   0.28800   0.07928
   0.28900   0.07985
   0.29000   0.08042
   0.29100   0.08099
   0.29200   0.08157
   0.29300   0.08215
   0.29400   0.08273
   0.29500   0.08332
   0.29600   0.08390
   0.29700   0.08450
   0.29800   0.08509
   0.29900   0.08569
   0.30000   0.08629
   0.30100   0.08690
   0.30200   0.08751
   0.30300   0.08812
   0.30400   0.08874
   0.30500   0.08936
   0.30600   0.08998
   0.30700   0.09061
   0.30800   0.09123
   0.30900   0.09187
   0.31000   0.09250
   0.31100   0.09314
   0.31200   0.09379
   0.31300   0.09443
   0.31400   0.09509
   0.31500   0.09574
   0.31600   0.09640
   0.31700   0.09706
   0.31800   0.09772
   0.31900   0.09839
   0.32000   0.09906
   0.32100   0.09974
   0.32200   0.10042
   0.32300   0.10110
   0.32400   0.10179
   0.32500   0.10248
   0.32600   0.10317
   0.32700   0.10387
   0.32800   0.10457
   0.32900   0.10527
   0.33000   0.10598
   0.33100   0.10669
   0.33200   0.10741
   0.33300   0.10813
   0.33400   0.10885
   0.33500   0.10958
   0.33600   0.11031
   0.33700   0.11104
   0.33800   0.11178
   0.33900   0.11252
   0.34000   0.11327
   0.34100   0.11402
   0.34200   0.11477
   0.34300   0.11553
   0.34400   0.11629
   0.34500   0.11705
   0.34600   0.11782
   0.34700   0.11859
   0.34800   0.11937
   0.34900   0.12015
   0.35000   0.12094
   0.35100   0.12172
   0.35200   0.12252
   0.35300   0.12331
   0.35400   0.12411
   0.35500   0.12491
   0.35600   0.12572
   0.35700   0.12653
   0.35800   0.12735
   0.35900   0.12817
   0.36000   0.12899
   0.36100   0.12982
   0.36200   0.13065
   0.36300   0.13149
   0.36400   0.13233
   0.36500   0.13317
   0.36600   0.13402
   0.36700   0.13487
   0.36800   0.13573
   0.36900   0.13659
   0.37000   0.13745
   0.37100   0.13832
   0.37200   0.13919
   0.37300   0.14007
   0.37400   0.14095
   0.37500   0.14183
   0.37600   0.14272
   0.37700   0.14361
   0.37800   0.14451
   0.37900   0.14541
   0.38000   0.14631
   0.38100   0.14722
   0.38200   0.14814
   0.38300   0.14905
   0.38400   0.14998
   0.38500   0.15090
   0.38600   0.15183
   0.38700   0.15277
   0.38800   0.15371
   0.38900   0.15465
   0.39000   0.15559
   0.39100   0.15655
   0.39200   0.15750
   0.39300   0.15846
   0.39400   0.15943
   0.39500   0.16039
   0.39600   0.16137
   0.39700   0.16234
   0.39800   0.16332
   0.39900   0.16431
   0.40000   0.16530
   0.40100   0.16629
   0.40200   0.16729
   0.40300   0.16829
   0.40400   0.16930
   0.40500   0.17031
   0.40600   0.17133
   0.40700   0.17235
   0.40800   0.17337
   0.40900   0.17440
   0.41000   0.17543
   0.41100   0.17647
   0.41200   0.17751
   0.41300   0.17856
   0.41400   0.17961
   0.41500   0.18066
   0.41600   0.18172
   0.41700   0.18278
   0.41800   0.18385
   0.41900   0.18493
   0.42000   0.18600
   0.42100   0.18708
   0.42200   0.18817
   0.42300   0.18926
   0.42400   0.19035
   0.42500   0.19145
   0.42600   0.19255
   0.42700   0.19366
   0.42800   0.19477
   0.42900   0.19589
   0.43000   0.19701
   0.43100   0.19814
   0.43200   0.19926
   0.43300   0.20040
   0.43400   0.20154
   0.43500   0.20268
   0.43600   0.20383
   0.43700   0.20498
   0.43800   0.20614
   0.43900   0.20730
   0.44000   0.20846
   0.44100   0.20963
   0.44200   0.21081
   0.44300   0.21198
   0.44400   0.21317
   0.44500   0.21435
   0.44600   0.21555
   0.44700   0.21674
   0.44800   0.21794
   0.44900   0.21915
   0.45000   0.22036
   0.45100   0.22157
   0.45200   0.22279
   0.45300   0.22401
   0.45400   0.22524
   0.45500   0.22647
   0.45600   0.22771
   0.45700   0.22895
   0.45800   0.23020
   0.45900   0.23145
   0.46000   0.23270
   0.46100   0.23396
   0.46200   0.23522
   0.46300   0.23649
   0.46400   0.23776
   0.46500   0.23904
   0.46600   0.24032
   0.46700   0.24161
   0.46800   0.24290
   0.46900   0.24419
   0.47000   0.24549
   0.47100   0.24679
   0.47200   0.24810
   0.47300   0.24941
   0.47400   0.25073
   0.47500   0.25205
   0.47600   0.25338
   0.47700   0.25471
   0.47800   0.25604
   0.47900   0.25738
   0.48000   0.25872
   0.48100   0.26007
   0.48200   0.26142
   0.48300   0.26278
   0.48400   0.26414
   0.48500   0.26550
   0.48600   0.26687
   0.48700   0.26825
   0.48800   0.26963
   0.48900   0.27101
   0.49000   0.27240
   0.49100   0.27379
   0.49200   0.27518
   0.49300   0.27658
   0.49400   0.27799
   0.49500   0.27940
   0.49600   0.28081
   0.49700   0.28223
   0.49800   0.28365
   0.49900   0.28507
   0.50000   0.28650
   0.50100   0.28794
   0.50200   0.28938
   0.50300   0.29082
   0.50400   0.29227
   0.50500   0.29372
   0.50600   0.29518
   0.50700   0.29664
   0.50800   0.29810
   0.50900   0.29957
   0.51000   0.30104
   0.51100   0.30252
   0.51200   0.30400
   0.51300   0.30549
   0.51400   0.30698
   0.51500   0.30847
   0.51600   0.30997
   0.51700   0.31147
   0.51800   0.31298
   0.51900   0.31449
   0.52000   0.31600
   0.52100   0.31752
   0.52200   0.31905
   0.52300   0.32057
   0.52400   0.32210
   0.52500   0.32364
   0.52600   0.32518
   0.52700   0.32672
   0.52800   0.32827
   0.52900   0.32982
   0.53000   0.33138
   0.53100   0.33294
   0.53200   0.33450
   0.53300   0.33607
   0.53400   0.33764
   0.53500   0.33921
   0.53600   0.34079
   0.53700   0.34238
   0.53800   0.34396
   0.53900   0.34555
   0.54000   0.34715
   0.54100   0.34875
   0.54200   0.35035
   0.54300   0.35196
   0.54400   0.35357
   0.54500   0.35518
   0.54600   0.35680
   0.54700   0.35842
   0.54800   0.36005
   0.54900   0.36168
   0.55000   0.36331
   0.55100   0.36495
   0.55200   0.36659
   0.55300   0.36823
   0.55400   0.36988
   0.55500   0.37153
   0.55600   0.37319
   0.55700   0.37484
   0.55800   0.37651
   0.55900   0.37817
   0.56000   0.37984
   0.56100   0.38152
   0.56200   0.38319
   0.56300   0.38487
   0.56400   0.38656
   0.56500   0.38824
   0.56600   0.38993
   0.56700   0.39163
   0.56800   0.39332
   0.56900   0.39503
   0.57000   0.39673
   0.57100   0.39844
   0.57200   0.40015
   0.57300   0.40186
   0.57400   0.40358
   0.57500   0.40530
   0.57600   0.40703
   0.57700   0.40875
   0.57800   0.41048
   0.57900   0.41222
   0.58000   0.41395
   0.58100   0.41569
   0.58200   0.41744
   0.58300   0.41918
   0.58400   0.42093
   0.58500   0.42269
   0.58600   0.42444
   0.58700   0.42620
   0.58800   0.42796
   0.58900   0.42973
   0.59000   0.43149
   0.59100   0.43327
   0.59200   0.43504
   0.59300   0.43682
   0.59400   0.43859
   0.59500   0.44038
   0.59600   0.44216
   0.59700   0.44395
   0.59800   0.44574
   0.59900   0.44753
   0.60000   0.44933
   0.60100   0.45113
   0.60200   0.45293
   0.60300   0.45473
   0.60400   0.45654
   0.60500   0.45835
   0.60600   0.46016
   0.60700   0.46197
   0.60800   0.46379
   0.60900   0.46561
   0.61000   0.46743
   0.61100   0.46926
   0.61200   0.47108
   0.61300   0.47291
   0.61400   0.47474
   0.61500   0.47658
   0.61600   0.47841
   0.61700   0.48025
   0.61800   0.48209
   0.61900   0.48393
   0.62000   0.48578
   0.62100   0.48763
   0.62200   0.48948
   0.62300   0.49133
   0.62400   0.49318
   0.62500   0.49504
   0.62600   0.49689
   0.62700   0.49875
   0.62800   0.50061
   0.62900   0.50248
   0.63000   0.50434
   0.63100   0.50621
   0.63200   0.50808
   0.63300   0.50995
   0.63400   0.51182
   0.63500   0.51370
   0.63600   0.51557
   0.63700   0.51745
   0.63800   0.51933
   0.63900   0.52121
   0.64000   0.52309
   0.64100   0.52497
   0.64200   0.52686
   0.64300   0.52875
   0.64400   0.53064
   0.64500   0.53253
   0.64600   0.53442
   0.64700   0.53631
   0.64800   0.53820
   0.64900   0.54010
   0.65000   0.54199
   0.65100   0.54389
   0.65200   0.54579
   0.65300   0.54769
   0.65400   0.54959
   0.65500   0.55149
   0.65600   0.55340
   0.65700   0.55530
   0.65800   0.55721
   0.65900   0.55911
   0.66000   0.56102
   0.66100   0.56293
   0.66200   0.56484
   0.66300   0.56675
   0.66400   0.56866
   0.66500   0.57057
   0.66600   0.57248
   0.66700   0.57439
   0.66800   0.57630
   0.66900   0.57822
   0.67000   0.58013
   0.67100   0.58205
   0.67200   0.58396
   0.67300   0.58588
   0.67400   0.58779
   0.67500   0.58971
   0.67600   0.59163
   0.67700   0.59354
   0.67800   0.59546
   0.67900   0.59738
   0.68000   0.59930
   0.68100   0.60121
   0.68200   0.60313
   0.68300   0.60505
   0.68400   0.60697
   0.68500   0.60889
   0.68600   0.61080
   0.68700   0.61272
   0.68800   0.61464
   0.68900   0.61656
   0.69000   0.61847
   0.69100   0.62039
   0.69200   0.62231
   0.69300   0.62422
   0.69400   0.62614
   0.69500   0.62806
   0.69600   0.62997
   0.69700   0.63189
   0.69800   0.63380
   0.69900   0.63572
   0.70000   0.63763
   0.70100   0.63954
   0.70200   0.64145
   0.70300   0.64336
   0.70400   0.64527
   0.70500   0.64718
   0.70600   0.64909
   0.70700   0.65100
   0.70800   0.65291
   0.70900   0.65481
   0.71000   0.65672
   0.71100   0.65862
   0.71200   0.66053
   0.71300   0.66243
   0.71400   0.66433
   0.71500   0.66623
   0.71600   0.66813
   0.71700   0.67002
   0.71800   0.67192
   0.71900   0.67381
   0.72000   0.67570
   0.72100   0.67760
   0.72200   0.67949
   0.72300   0.68137
   0.72400   0.68326
   0.72500   0.68514
   0.72600   0.68703
   0.72700   0.68891
   0.72800   0.69079
   0.72900   0.69267
   0.73000   0.69454
   0.73100   0.69642
   0.73200   0.69829
   0.73300   0.70016
   0.73400   0.70203
   0.73500   0.70390
   0.73600   0.70576
   0.73700   0.70762
   0.73800   0.70948
   0.73900   0.71134
   0.74000   0.71320
   0.74100   0.71505
   0.74200   0.71690
   0.74300   0.71875
   0.74400   0.72059
   0.74500   0.72244
   0.74600   0.72428
   0.74700   0.72612
   0.74800   0.72795
   0.74900   0.72979
   0.75000   0.73162
   0.75100   0.73344
   0.75200   0.73527
   0.75300   0.73709
   0.75400   0.73891
   0.75500   0.74073
   0.75600   0.74254
   0.75700   0.74435
   0.75800   0.74616
   0.75900   0.74796
   0.76000   0.74976
   0.76100   0.75156
   0.76200   0.75335
   0.76300   0.75515
   0.76400   0.75693
   0.76500   0.75872
   0.76600   0.76050
   0.76700   0.76228
   0.76800   0.76405
   0.76900   0.76582
   0.77000   0.76759
   0.77100   0.76935
   0.77200   0.77111
   0.77300   0.77287
   0.77400   0.77462
   0.77500   0.77637
   0.77600   0.77812
   0.77700   0.77986
   0.77800   0.78159
   0.77900   0.78333
   0.78000   0.78506
   0.78100   0.78678
   0.78200   0.78850
   0.78300   0.79022
   0.78400   0.79193
   0.78500   0.79364
   0.78600   0.79534
   0.78700   0.79704
   0.78800   0.79874
   0.78900   0.80043
   0.79000   0.80212
   0.79100   0.80380
   0.79200   0.80548
   0.79300   0.80715
   0.79400   0.80882
   0.79500   0.81048
   0.79600   0.81214
   0.79700   0.81380
   0.79800   0.81545
   0.79900   0.81709
   0.80000   0.81873
   0.80100   0.82037
   0.80200   0.82200
   0.80300   0.82362
   0.80400   0.82524
   0.80500   0.82686
   0.80600   0.82847
   0.80700   0.83007
   0.80800   0.83167
   0.80900   0.83326
   0.81000   0.83485
   0.81100   0.83644
   0.81200   0.83801
   0.81300   0.83959
   0.81400   0.84115
   0.81500   0.84272
   0.81600   0.84427
   0.81700   0.84582
   0.81800   0.84737
   0.81900   0.84891
   0.82000   0.85044
   0.82100   0.85197
   0.82200   0.85349
   0.82300   0.85501
   0.82400   0.85652
   0.82500   0.85802
   0.82600   0.85952
   0.82700   0.86101
   0.82800   0.86250
   0.82900   0.86398
   0.83000   0.86545
   0.83100   0.86692
   0.83200   0.86839
   0.83300   0.86984
   0.83400   0.87129
   0.83500   0.87273
   0.83600   0.87417
   0.83700   0.87560
   0.83800   0.87702
   0.83900   0.87844
   0.84000   0.87985
   0.84100   0.88126
   0.84200   0.88266
   0.84300   0.88405
   0.84400   0.88543
   0.84500   0.88681
   0.84600   0.88818
   0.84700   0.88955
   0.84800   0.89090
   0.84900   0.89225
   0.85000   0.89360
   0.85100   0.89493
   0.85200   0.89626
   0.85300   0.89759
   0.85400   0.89890
   0.85500   0.90021
   0.85600   0.90151
   0.85700   0.90281
   0.85800   0.90410
   0.85900   0.90538
   0.86000   0.90665
   0.86100   0.90791
   0.86200   0.90917
   0.86300   0.91042
   0.86400   0.91167
   0.86500   0.91290
   0.86600   0.91413
   0.86700   0.91535
   0.86800   0.91657
   0.86900   0.91777
   0.87000   0.91897
   0.87100   0.92016
   0.87200   0.92135
   0.87300   0.92252
   0.87400   0.92369
   0.87500   0.92485
   0.87600   0.92600
   0.87700   0.92715
   0.87800   0.92828
   0.87900   0.92941
   0.88000   0.93053
   0.88100   0.93164
   0.88200   0.93275
   0.88300   0.93384
   0.88400   0.93493
   0.88500   0.93601
   0.88600   0.93709
   0.88700   0.93815
   0.88800   0.93921
   0.88900   0.94025
   0.89000   0.94129
   0.89100   0.94233
   0.89200   0.94335
   0.89300   0.94436
   0.89400   0.94537
   0.89500   0.94637
   0.89600   0.94736
   0.89700   0.94834
   0.89800   0.94931
   0.89900   0.95027
   0.90000   0.95123
   0.90100   0.95218
   0.90200   0.95311
   0.90300   0.95404
   0.90400   0.95497
   0.90500   0.95588
   0.90600   0.95678
   0.90700   0.95768
   0.90800   0.95856
   0.90900   0.95944
   0.91000   0.96031
   0.91100   0.96117
   0.91200   0.96202
   0.91300   0.96286
   0.91400   0.96370
   0.91500   0.96452
   0.91600   0.96534
   0.91700   0.96614
   0.91800   0.96694
   0.91900   0.96773
   0.92000   0.96851
   0.92100   0.96928
   0.92200   0.97004
   0.92300   0.97079
   0.92400   0.97153
   0.92500   0.97227
   0.92600   0.97299
   0.92700   0.97371
   0.92800   0.97441
   0.92900   0.97511
   0.93000   0.97580
   0.93100   0.97648
   0.93200   0.97715
   0.93300   0.97781
   0.93400   0.97846
   0.93500   0.97910
   0.93600   0.97973
   0.93700   0.98035
   0.93800   0.98096
   0.93900   0.98157
   0.94000   0.98216
   0.94100   0.98275
   0.94200   0.98332
   0.94300   0.98389
   0.94400   0.98444
   0.94500   0.98499
   0.94600   0.98553
   0.94700   0.98605
   0.94800   0.98657
   0.94900   0.98708
   0.95000   0.98758
   0.95100   0.98807
   0.95200   0.98855
   0.95300   0.98902
   0.95400   0.98948
   0.95500   0.98993
   0.95600   0.99037
   0.95700   0.99080
   0.95800   0.99122
   0.95900   0.99163
   0.96000   0.99203
   0.96100   0.99242
   0.96200   0.99281
   0.96300   0.99318
   0.96400   0.99354
   0.96500   0.99389
   0.96600   0.99424
   0.96700   0.99457
   0.96800   0.99489
   0.96900   0.99521
   0.97000   0.99551
   0.97100   0.99580
   0.97200   0.99609
   0.97300   0.99636
   0.97400   0.99663
   0.97500   0.99688
   0.97600   0.99712
   0.97700   0.99736
   0.97800   0.99758
   0.97900   0.99780
   0.98000   0.99800
   0.98100   0.99820
   0.98200   0.99838
   0.98300   0.99856
   0.98400   0.99872
   0.98500   0.99888
   0.98600   0.99902
   0.98700   0.99916
   0.98800   0.99928
   0.98900   0.99940
   0.99000   0.99950
   0.99100   0.99960
   0.99200   0.99968
   0.99300   0.99976
   0.99400   0.99982
   0.99500   0.99988
   0.99600   0.99992
   0.99700   0.99996
   0.99800   0.99998
   0.99900   1.00000
   1.00000   1.00000
   1.00100   0.99999
   1.00200   0.99998
   1.00300   0.99995
   1.00400   0.99992
   1.00500   0.99988
   1.00600   0.99982
   1.00700   0.99976
   1.00800   0.99968
   1.00900   0.99960
   1.01000   0.99950
   1.01100   0.99940
   1.01200   0.99928
   1.01300   0.99916
   1.01400   0.99902
   1.01500   0.99888
   1.01600   0.99872
   1.01700   0.99856
   1.01800   0.99838
   1.01900   0.99820
   1.02000   0.99800
   1.02100   0.99780
   1.02200   0.99758
   1.02300   0.99736
   1.02400   0.99712
   1.02500   0.99688
   1.02600   0.99663
   1.02700   0.99636
   1.02800   0.99609
   1.02900   0.99580
   1.03000   0.99551
   1.03100   0.99521
   1.03200   0.99489
   1.03300   0.99457
   1.03400   0.99424
   1.03500   0.99389
   1.03600   0.99354
   1.03700   0.99318
   1.03800   0.99281
   1.03900   0.99242
   1.04000   0.99203
   1.04100   0.99163
   1.04200   0.99122
   1.04300   0.99080
   1.04400   0.99037
   1.04500   0.98993
   1.04600   0.98948
   1.04700   0.98902
   1.04800   0.98855
   1.04900   0.98807
   1.05000   0.98758
   1.05100   0.98708
   1.05200   0.98657
   1.05300   0.98605
   1.05400   0.98553
   1.05500   0.98499
   1.05600   0.98444
   1.05700   0.98389
   1.05800   0.98332
   1.05900   0.98275
   1.06000   0.98216
   1.06100   0.98157
   1.06200   0.98096
   1.06300   0.98035
   1.06400   0.97973
   1.06500   0.97910
   1.06600   0.97846
   1.06700   0.97780
   1.06800   0.97715
   1.06900   0.97648
   1.07000   0.97580
   1.07100   0.97511
   1.07200   0.97441
   1.07300   0.97371
   1.07400   0.97299
   1.07500   0.97227
   1.07600   0.97153
   1.07700   0.97079
   1.07800   0.97004
   1.07900   0.96928
   1.08000   0.96851
   1.08100   0.96773
   1.08200   0.96694
   1.08300   0.96614
   1.08400   0.96534
   1.08500   0.96452
   1.08600   0.96370
   1.08700   0.96286
   1.08800   0.96202
   1.08900   0.96117
   1.09000   0.96031
   1.09100   0.95944
   1.09200   0.95856
   1.09300   0.95768
   1.09400   0.95678
   1.09500   0.95588
   1.09600   0.95497
   1.09700   0.95404
   1.09800   0.95311
   1.09900   0.95218
   1.10000   0.95123
   1.10100   0.95027
   1.10200   0.94931
   1.10300   0.94834
   1.10400   0.94736
   1.10500   0.94637
   1.10600   0.94537
   1.10700   0.94436
   1.10800   0.94335
   1.10900   0.94232
   1.11000   0.94129
   1.11100   0.94025
   1.11200   0.93921
   1.11300   0.93815
   1.11400   0.93709
   1.11500   0.93601
   1.11600   0.93493
   1.11700   0.93384
   1.11800   0.93275
   1.11900   0.93164
   1.12000   0.93053
   1.12100   0.92941
   1.12200   0.92828
   1.12300   0.92715
   1.12400   0.92600
   1.12500   0.92485
   1.12600   0.92369
   1.12700   0.92252
   1.12800   0.92135
   1.12900   0.92016
   1.13000   0.91897
   1.13100   0.91777
   1.13200   0.91657
   1.13300   0.91535
   1.13400   0.91413
   1.13500   0.91290
   1.13600   0.91167
   1.13700   0.91042
   1.13800   0.90917
   1.13900   0.90791
   1.14000   0.90665
   1.14100   0.90538
   1.14200   0.90410
   1.14300   0.90281
   1.14400   0.90151
   1.14500   0.90021
   1.14600   0.89890
   1.14700   0.89759
   1.14800   0.89626
   1.14900   0.89493
   1.15000   0.89360
   1.15100   0.89225
   1.15200   0.89090
   1.15300   0.88955
   1.15400   0.88818
   1.15500   0.88681
   1.15600   0.88543
   1.15700   0.88405
   1.15800   0.88266
   1.15900   0.88126
   1.16000   0.87985
   1.16100   0.87844
   1.16200   0.87702
   1.16300   0.87560
   1.16400   0.87417
   1.16500   0.87273
   1.16600   0.87129
   1.16700   0.86984
   1.16800   0.86839
   1.16900   0.86692
   1.17000   0.86545
   1.17100   0.86398
   1.17200   0.86250
   1.17300   0.86101
   1.17400   0.85952
   1.17500   0.85802
   1.17600   0.85652
   1.17700   0.85501
   1.17800   0.85349
   1.17900   0.85197
   1.18000   0.85044
   1.18100   0.84891
   1.18200   0.84737
   1.18300   0.84582
   1.18400   0.84427
   1.18500   0.84272
   1.18600   0.84115
   1.18700   0.83959
   1.18800   0.83801
   1.18900   0.83644
   1.19000   0.83485
   1.19100   0.83326
   1.19200   0.83167
   1.19300   0.83007
   1.19400   0.82847
   1.19500   0.82686
   1.19600   0.82524
   1.19700   0.82362
   1.19800   0.82200
   1.19900   0.82037
   1.20000   0.81873
   1.20100   0.81709
   1.20200   0.81545
   1.20300   0.81380
   1.20400   0.81214
   1.20500   0.81048
   1.20600   0.80882
   1.20700   0.80715
   1.20800   0.80548
   1.20900   0.80380
   1.21000   0.80212
   1.21100   0.80043
   1.21200   0.79874
   1.21300   0.79704
   1.21400   0.79534
   1.21500   0.79364
   1.21600   0.79193
   1.21700   0.79022
   1.21800   0.78850
   1.21900   0.78678
   1.22000   0.78506
   1.22100   0.78333
   1.22200   0.78159
   1.22300   0.77986
   1.22400   0.77812
   1.22500   0.77637
   1.22600   0.77462
   1.22700   0.77287
   1.22800   0.77111
   1.22900   0.76935
   1.23000   0.76759
   1.23100   0.76582
   1.23200   0.76405
   1.23300   0.76228
   1.23400   0.76050
   1.23500   0.75872
   1.23600   0.75693
   1.23700   0.75515
   1.23800   0.75335
   1.23900   0.75156
   1.24000   0.74976
   1.24100   0.74796
   1.24200   0.74616
   1.24300   0.74435
   1.24400   0.74254
   1.24500   0.74073
   1.24600   0.73891
   1.24700   0.73709
   1.24800   0.73527
   1.24900   0.73344
   1.25000   0.73162
   1.25100   0.72979
   1.25200   0.72795
   1.25300   0.72612
   1.25400   0.72428
   1.25500   0.72244
   1.25600   0.72059
   1.25700   0.71875
   1.25800   0.71690
   1.25900   0.71505
   1.26000   0.71320
   1.26100   0.71134
   1.26200   0.70948
   1.26300   0.70762
   1.26400   0.70576
   1.26500   0.70390
   1.26600   0.70203
   1.26700   0.70016
   1.26800   0.69829
   1.26900   0.69642
   1.27000   0.69454
   1.27100   0.69267
   1.27200   0.69079
   1.27300   0.68891
   1.27400   0.68703
   1.27500   0.68514
   1.27600   0.68326
   1.27700   0.68137
   1.27800   0.67948
   1.27900   0.67760
   1.28000   0.67570
   1.28100   0.67381
   1.28200   0.67192
   1.28300   0.67002
   1.28400   0.66812
   1.28500   0.66623
   1.28600   0.66433
   1.28700   0.66243
   1.28800   0.66053
   1.28900   0.65862
   1.29000   0.65672
   1.29100   0.65481
   1.29200   0.65291
   1.29300   0.65100
   1.29400   0.64909
   1.29500   0.64718
   1.29600   0.64527
   1.29700   0.64336
   1.29800   0.64145
   1.29900   0.63954
   1.30000   0.63763
   1.30100   0.63571
   1.30200   0.63380
   1.30300   0.63189
   1.30400   0.62997
   1.30500   0.62806
   1.30600   0.62614
   1.30700   0.62422
   1.30800   0.62231
   1.30900   0.62039
   1.31000   0.61847
   1.31100   0.61656
   1.31200   0.61464
   1.31300   0.61272
   1.31400   0.61080
   1.31500   0.60889
   1.31600   0.60697
   1.31700   0.60505
   1.31800   0.60313
   1.31900   0.60121
   1.32000   0.59930
   1.32100   0.59738
   1.32200   0.59546
   1.32300   0.59354
   1.32400   0.59163
   1.32500   0.58971
   1.32600   0.58779
   1.32700   0.58588
   1.32800   0.58396
   1.32900   0.58205
   1.33000   0.58013
   1.33100   0.57822
   1.33200   0.57630
   1.33300   0.57439
   1.33400   0.57248
   1.33500   0.57057
   1.33600   0.56866
   1.33700   0.56675
   1.33800   0.56484
   1.33900   0.56293
   1.34000   0.56102
   1.34100   0.55911
   1.34200   0.55721
   1.34300   0.55530
   1.34400   0.55340
   1.34500   0.55149
   1.34600   0.54959
   1.34700   0.54769
   1.34800   0.54579
   1.34900   0.54389
   1.35000   0.54199
   1.35100   0.54010
   1.35200   0.53820
   1.35300   0.53631
   1.35400   0.53442
   1.35500   0.53253
   1.35600   0.53064
   1.35700   0.52875
   1.35800   0.52686
   1.35900   0.52497
   1.36000   0.52309
   1.36100   0.52121
   1.36200   0.51933
   1.36300   0.51745
   1.36400   0.51557
   1.36500   0.51370
   1.36600   0.51182
   1.36700   0.50995
   1.36800   0.50808
   1.36900   0.50621
   1.37000   0.50434
   1.37100   0.50248
   1.37200   0.50061
   1.37300   0.49875
   1.37400   0.49689
   1.37500   0.49504
   1.37600   0.49318
   1.37700   0.49133
   1.37800   0.48948
   1.37900   0.48763
   1.38000   0.48578
   1.38100   0.48393
   1.38200   0.48209
   1.38300   0.48025
   1.38400   0.47841
   1.38500   0.47658
   1.38600   0.47474
   1.38700   0.47291
   1.38800   0.47108
   1.38900   0.46926
   1.39000   0.46743
   1.39100   0.46561
   1.39200   0.46379
   1.39300   0.46197
   1.39400   0.46016
   1.39500   0.45835
   1.39600   0.45654
   1.39700   0.45473
   1.39800   0.45293
   1.39900   0.45113
   1.40000   0.44933
   1.40100   0.44753
   1.40200   0.44574
   1.40300   0.44395
   1.40400   0.44216
   1.40500   0.44038
   1.40600   0.43859
   1.40700   0.43682
   1.40800   0.43504
   1.40900   0.43327
   1.41000   0.43149
   1.41100   0.42973
   1.41200   0.42796
   1.41300   0.42620
   1.41400   0.42444
   1.41500   0.42269
   1.41600   0.42093
   1.41700   0.41918
   1.41800   0.41744
   1.41900   0.41569
   1.42000   0.41395
   1.42100   0.41222
   1.42200   0.41048
   1.42300   0.40875
   1.42400   0.40703
   1.42500   0.40530
   1.42600   0.40358
   1.42700   0.40186
   1.42800   0.40015
   1.42900   0.39844
   1.43000   0.39673
   1.43100   0.39503
   1.43200   0.39332
   1.43300   0.39163
   1.43400   0.38993
   1.43500   0.38824
   1.43600   0.38656
   1.43700   0.38487
   1.43800   0.38319
   1.43900   0.38151
   1.44000   0.37984
   1.44100   0.37817
   1.44200   0.37651
   1.44300   0.37484
   1.44400   0.37319
   1.44500   0.37153
   1.44600   0.36988
   1.44700   0.36823
   1.44800   0.36659
   1.44900   0.36495
   1.45000   0.36331
   1.45100   0.36168
   1.45200   0.36005
   1.45300   0.35842
   1.45400   0.35680
   1.45500   0.35518
   1.45600   0.35357
   1.45700   0.35196
   1.45800   0.35035
   1.45900   0.34875
   1.46000   0.34715
   1.46100   0.34555
   1.46200   0.34396
   1.46300   0.34238
   1.46400   0.34079
   1.46500   0.33921
   1.46600   0.33764
   1.46700   0.33607
   1.46800   0.33450
   1.46900   0.33294
   1.47000   0.33138
   1.47100   0.32982
   1.47200   0.32827
   1.47300   0.32672
   1.47400   0.32518
   1.47500   0.32364
   1.47600   0.32210
   1.47700   0.32057
   1.47800   0.31905
   1.47900   0.31752
   1.48000   0.31600
   1.48100   0.31449
   1.48200   0.31298
   1.48300   0.31147
   1.48400   0.30997
   1.48500   0.30847
   1.48600   0.30698
   1.48700   0.30549
   1.48800   0.30400
   1.48900   0.30252
   1.49000   0.30104
   1.49100   0.29957
   1.49200   0.29810
   1.49300   0.29664
   1.49400   0.29518
   1.49500   0.29372
   1.49600   0.29227
   1.49700   0.29082
   1.49800   0.28938
   1.49900   0.28794
   1.50000   0.28650
   1.50100   0.28507
   1.50200   0.28365
   1.50300   0.28223
   1.50400   0.28081
   1.50500   0.27940
   1.50600   0.27799
   1.50700   0.27658
   1.50800   0.27518
   1.50900   0.27379
   1.51000   0.27240
   1.51100   0.27101
   1.51200   0.26963
   1.51300   0.26825
   1.51400   0.26687
   1.51500   0.26550
   1.51600   0.26414
   1.51700   0.26278
   1.51800   0.26142
   1.51900   0.26007
   1.52000   0.25872
   1.52100   0.25738
   1.52200   0.25604
   1.52300   0.25471
   1.52400   0.25338
   1.52500   0.25205
   1.52600   0.25073
   1.52700   0.24941
   1.52800   0.24810
   1.52900   0.24679
   1.53000   0.24549
   1.53100   0.24419
   1.53200   0.24290
   1.53300   0.24161
   1.53400   0.24032
   1.53500   0.23904
   1.53600   0.23776
   1.53700   0.23649
   1.53800   0.23522
   1.53900   0.23396
   1.54000   0.23270
   1.54100   0.23145
   1.54200   0.23020
   1.54300   0.22895
   1.54400   0.22771
   1.54500   0.22647
   1.54600   0.22524
   1.54700   0.22401
   1.54800   0.22279
   1.54900   0.22157
   1.55000   0.22036
   1.55100   0.21915
   1.55200   0.21794
   1.55300   0.21674
   1.55400   0.21555
   1.55500   0.21435
   1.55600   0.21317
   1.55700   0.21198
   1.55800   0.21081
   1.55900   0.20963
   1.56000   0.20846
   1.56100   0.20730
   1.56200   0.20614
   1.56300   0.20498
   1.56400   0.20383
   1.56500   0.20268
   1.56600   0.20154
   1.56700   0.20040
   1.56800   0.19926
   1.56900   0.19814
   1.57000   0.19701
   1.57100   0.19589
   1.57200   0.19477
   1.57300   0.19366
   1.57400   0.19255
   1.57500   0.19145
   1.57600   0.19035
   1.57700   0.18926
   1.57800   0.18817
   1.57900   0.18708
   1.58000   0.18600
   1.58100   0.18492
   1.58200   0.18385
   1.58300   0.18278
   1.58400   0.18172
   1.58500   0.18066
   1.58600   0.17961
   1.58700   0.17856
   1.58800   0.17751
   1.58900   0.17647
   1.59000   0.17543
   1.59100   0.17440
   1.59200   0.17337
   1.59300   0.17235
   1.59400   0.17133
   1.59500   0.17031
   1.59600   0.16930
   1.59700   0.16829
   1.59800   0.16729
   1.59900   0.16629
   1.60000   0.16530
   1.60100   0.16431
   1.60200   0.16332
   1.60300   0.16234
   1.60400   0.16137
   1.60500   0.16039
   1.60600   0.15943
   1.60700   0.15846
   1.60800   0.15750
   1.60900   0.15655
   1.61000   0.15559
   1.61100   0.15465
   1.61200   0.15370
   1.61300   0.15277
   1.61400   0.15183
   1.61500   0.15090
   1.61600   0.14998
   1.61700   0.14905
   1.61800   0.14814
   1.61900   0.14722
   1.62000   0.14631
   1.62100   0.14541
   1.62200   0.14451
   1.62300   0.14361
   1.62400   0.14272
   1.62500   0.14183
   1.62600   0.14095
   1.62700   0.14007
   1.62800   0.13919
   1.62900   0.13832
   1.63000   0.13745
   1.63100   0.13659
   1.63200   0.13573
   1.63300   0.13487
   1.63400   0.13402
   1.63500   0.13317
   1.63600   0.13233
   1.63700   0.13149
   1.63800   0.13065
   1.63900   0.12982
   1.64000   0.12899
   1.64100   0.12817
   1.64200   0.12735
   1.64300   0.12653
   1.64400   0.12572
   1.64500   0.12491
   1.64600   0.12411
   1.64700   0.12331
   1.64800   0.12252
   1.64900   0.12172
   1.65000   0.12094
   1.65100   0.12015
   1.65200   0.11937
   1.65300   0.11859
   1.65400   0.11782
   1.65500   0.11705
   1.65600   0.11629
   1.65700   0.11553
   1.65800   0.11477
   1.65900   0.11402
   1.66000   0.11327
   1.66100   0.11252
   1.66200   0.11178
   1.66300   0.11104
   1.66400   0.11031
   1.66500   0.10958
   1.66600   0.10885
   1.66700   0.10813
   1.66800   0.10741
   1.66900   0.10669
   1.67000   0.10598
   1.67100   0.10527
   1.67200   0.10457
   1.67300   0.10387
   1.67400   0.10317
   1.67500   0.10248
   1.67600   0.10179
   1.67700   0.10110
   1.67800   0.10042
   1.67900   0.09974
   1.68000   0.09906
   1.68100   0.09839
   1.68200   0.09772
   1.68300   0.09706
   1.68400   0.09640
   1.68500   0.09574
   1.68600   0.09509
   1.68700   0.09443
   1.68800   0.09379
   1.68900   0.09314
   1.69000   0.09250
   1.69100   0.09187
   1.69200   0.09123
   1.69300   0.09061
   1.69400   0.08998
   1.69500   0.08936
   1.69600   0.08874
   1.69700   0.08812
   1.69800   0.08751
   1.69900   0.08690
   1.70000   0.08629
   1.70100   0.08569
   1.70200   0.08509
   1.70300   0.08450
   1.70400   0.08390
   1.70500   0.08332
   1.70600   0.08273
   1.70700   0.08215
   1.70800   0.08157
   1.70900   0.08099
   1.71000   0.08042
   1.71100   0.07985
   1.71200   0.07928
   1.71300   0.07872
   1.71400   0.07816
   1.71500   0.07760
   1.71600   0.07705
   1.71700   0.07650
   1.71800   0.07595
   1.71900   0.07541
   1.72000   0.07487
   1.72100   0.07433
   1.72200   0.07380
   1.72300   0.07327
   1.72400   0.07274
   1.72500   0.07221
   1.72600   0.07169
   1.72700   0.07117
   1.72800   0.07066
   1.72900   0.07014
   1.73000   0.06963
   1.73100   0.06913
   1.73200   0.06862
   1.73300   0.06812
   1.73400   0.06762
   1.73500   0.06713
   1.73600   0.06664
   1.73700   0.06615
   1.73800   0.06566
   1.73900   0.06518
   1.74000   0.06470
   1.74100   0.06422
   1.74200   0.06375
   1.74300   0.06328
   1.74400   0.06281
   1.74500   0.06234
   1.74600   0.06188
   1.74700   0.06142
   1.74800   0.06096
   1.74900   0.06051
   1.75000   0.06005
   1.75100   0.05961
   1.75200   0.05916
   1.75300   0.05872
   1.75400   0.05828
   1.75500   0.05784
   1.75600   0.05740
   1.75700   0.05697
   1.75800   0.05654
   1.75900   0.05611
   1.76000   0.05569
   1.76100   0.05527
   1.76200   0.05485
   1.76300   0.05443
   1.76400   0.05402
   1.76500   0.05360
   1.76600   0.05320
   1.76700   0.05279
   1.76800   0.05239
   1.76900   0.05198
   1.77000   0.05159
   1.77100   0.05119
   1.77200   0.05080
   1.77300   0.05041
   1.77400   0.05002
   1.77500   0.04963
   1.77600   0.04925
   1.77700   0.04887
   1.77800   0.04849
   1.77900   0.04811
   1.78000   0.04774
   1.78100   0.04737
   1.78200   0.04700
   1.78300   0.04663
   1.78400   0.04627
   1.78500   0.04591
   1.78600   0.04555
   1.78700   0.04519
   1.78800   0.04484
   1.78900   0.04448
   1.79000   0.04414
   1.79100   0.04379
   1.79200   0.04344
   1.79300   0.04310
   1.79400   0.04276
   1.79500   0.04242
   1.79600   0.04208
   1.79700   0.04175
   1.79800   0.04142
   1.79900   0.04109
   1.80000   0.04076
   1.80100   0.04044
   1.80200   0.04011
   1.80300   0.03979
   1.80400   0.03948
   1.80500   0.03916
   1.80600   0.03884
   1.80700   0.03853
   1.80800   0.03822
   1.80900   0.03792
   1.81000   0.03761
   1.81100   0.03731
   1.81200   0.03700
   1.81300   0.03670
   1.81400   0.03641
   1.81500   0.03611
   1.81600   0.03582
   1.81700   0.03553
   1.81800   0.03524
   1.81900   0.03495
   1.82000   0.03467
   1.82100   0.03438
   1.82200   0.03410
   1.82300   0.03382
   1.82400   0.03354
   1.82500   0.03327
   1.82600   0.03300
   1.82700   0.03272
   1.82800   0.03245
   1.82900   0.03219
   1.83000   0.03192
   1.83100   0.03166
   1.83200   0.03139
   1.83300   0.03113
   1.83400   0.03088
   1.83500   0.03062
   1.83600   0.03036
   1.83700   0.03011
   1.83800   0.02986
   1.83900   0.02961
   1.84000   0.02936
   1.84100   0.02912
   1.84200   0.02887
   1.84300   0.02863
   1.84400   0.02839
   1.84500   0.02815
   1.84600   0.02792
   1.84700   0.02768
   1.84800   0.02745
   1.84900   0.02721
   1.85000   0.02698
   1.85100   0.02676
   1.85200   0.02653
   1.85300   0.02630
   1.85400   0.02608
   1.85500   0.02586
   1.85600   0.02564
   1.85700   0.02542
   1.85800   0.02520
   1.85900   0.02499
   1.86000   0.02477
   1.86100   0.02456
   1.86200   0.02435
   1.86300   0.02414
   1.86400   0.02393
   1.86500   0.02373
   1.86600   0.02352
   1.86700   0.02332
   1.86800   0.02312
   1.86900   0.02292
   1.87000   0.02272
   1.87100   0.02252
   1.87200   0.02233
   1.87300   0.02213
   1.87400   0.02194
   1.87500   0.02175
   1.87600   0.02156
   1.87700   0.02137
   1.87800   0.02119
   1.87900   0.02100
   1.88000   0.02082
   1.88100   0.02063
   1.88200   0.02045
   1.88300   0.02027
   1.88400   0.02010
   1.88500   0.01992
   1.88600   0.01974
   1.88700   0.01957
   1.88800   0.01940
   1.88900   0.01922
   1.89000   0.01905
   1.89100   0.01888
   1.89200   0.01872
   1.89300   0.01855
   1.89400   0.01839
   1.89500   0.01822
   1.89600   0.01806
   1.89700   0.01790
   1.89800   0.01774
   1.89900   0.01758
   1.90000   0.01742
   1.90100   0.01727
   1.90200   0.01711
   1.90300   0.01696
   1.90400   0.01680
   1.90500   0.01665
   1.90600   0.01650
   1.90700   0.01635
   1.90800   0.01621
   1.90900   0.01606
   1.91000   0.01591
   1.91100   0.01577
   1.91200   0.01563
   1.91300   0.01549
   1.91400   0.01534
   1.91500   0.01521
   1.91600   0.01507
   1.91700   0.01493
   1.91800   0.01479
   1.91900   0.01466
   1.92000   0.01452
   1.92100   0.01439
   1.92200   0.01426
   1.92300   0.01413
   1.92400   0.01400
   1.92500   0.01387
   1.92600   0.01374
   1.92700   0.01361
   1.92800   0.01349
   1.92900   0.01336
   1.93000   0.01324
   1.93100   0.01312
   1.93200   0.01300
   1.93300   0.01288
   1.93400   0.01276
   1.93500   0.01264
   1.93600   0.01252
   1.93700   0.01240
   1.93800   0.01229
   1.93900   0.01217
   1.94000   0.01206
   1.94100   0.01195
   1.94200   0.01183
   1.94300   0.01172
   1.94400   0.01161
   1.94500   0.01150
   1.94600   0.01139
   1.94700   0.01129
   1.94800   0.01118
   1.94900   0.01108
   1.95000   0.01097
   1.95100   0.01087
   1.95200   0.01076
   1.95300   0.01066
   1.95400   0.01056
   1.95500   0.01046
   1.95600   0.01036
   1.95700   0.01026
   1.95800   0.01016
   1.95900   0.01007
   1.96000   0.00997
   1.96100   0.00988
   1.96200   0.00978
   1.96300   0.00969
   1.96400   0.00960
   1.96500   0.00950
   1.96600   0.00941
   1.96700   0.00932
   1.96800   0.00923
   1.96900   0.00914
   1.97000   0.00905
   1.97100   0.00897
   1.97200   0.00888
   1.97300   0.00879
   1.97400   0.00871
   1.97500   0.00862
   1.97600   0.00854
   1.97700   0.00846
   1.97800   0.00838
   1.97900   0.00829
   1.98000   0.00821
   1.98100   0.00813
   1.98200   0.00805
   1.98300   0.00797
   1.98400   0.00790
   1.98500   0.00782
   1.98600   0.00774
   1.98700   0.00767
   1.98800   0.00759
   1.98900   0.00752
   1.99000   0.00744
   1.99100   0.00737
   1.99200   0.00730
   1.99300   0.00722
   1.99400   0.00715
   1.99500   0.00708
   1.99600   0.00701
   1.99700   0.00694
   1.99800   0.00687
   1.99900   0.00681
