  -5.00000   0.03846
  -4.99000   0.03861
  -4.98000   0.03876
  -4.97000   0.03891
  -4.96000   0.03906
  -4.95000   0.03921
  -4.94000   0.03936
  -4.93000   0.03952
  -4.92000   0.03967
  -4.91000   0.03983
  -4.90000   0.03998
  -4.89000   0.04014
  -4.88000   0.04030
  -4.87000   0.04046
  -4.86000   0.04062
  -4.85000   0.04078
  -4.84000   0.04094
  -4.83000   0.04110
  -4.82000   0.04127
  -4.81000   0.04143
  -4.80000   0.04160
  -4.79000   0.04176
  -4.78000   0.04193
  -4.77000   0.04210
  -4.76000   0.04227
  -4.75000   0.04244
  -4.74000   0.04261
  -4.73000   0.04278
  -4.72000   0.04296
  -4.71000   0.04313
  -4.70000   0.04331
  -4.69000   0.04349
  -4.68000   0.04366
  -4.67000   0.04384
  -4.66000   0.04402
  -4.65000   0.04420
  -4.64000   0.04439
  -4.63000   0.04457
  -4.62000   0.04475
  -4.61000   0.04494
  -4.60000   0.04513
  -4.59000   0.04531
  -4.58000   0.04550
  -4.57000   0.04569
  -4.56000   0.04588
  -4.55000   0.04608
  -4.54000   0.04627
  -4.53000   0.04647
  -4.52000   0.04666
  -4.51000   0.04686
  -4.50000   0.04706
  -4.49000   0.04726
  -4.48000   0.04746
  -4.47000   0.04766
  -4.46000   0.04787
  -4.45000   0.04807
  -4.44000   0.04828
  -4.43000   0.04848
  -4.42000   0.04869
  -4.41000   0.04890
  -4.40000   0.04912
  -4.39000   0.04933
  -4.38000   0.04954
  -4.37000   0.04976
  -4.36000   0.04998
  -4.35000   0.05019
  -4.34000   0.05041
  -4.33000   0.05064
  -4.32000   0.05086
  -4.31000   0.05108
  -4.30000   0.05131
  -4.29000   0.05154
  -4.28000   0.05176
  -4.27000   0.05199
  -4.26000   0.05223
  -4.25000   0.05246
  -4.24000   0.05269
  -4.23000   0.05293
  -4.22000   0.05317
  -4.21000   0.05341
  -4.20000   0.05365
  -4.19000   0.05389
  -4.18000   0.05413
  -4.17000   0.05438
  -4.16000   0.05463
  -4.15000   0.05488
  -4.14000   0.05513
  -4.13000   0.05538
  -4.12000   0.05563
  -4.11000   0.05589
  -4.10000   0.05615
  -4.09000   0.05641
  -4.08000   0.05667
  -4.07000   0.05693
  -4.06000   0.05720
  -4.05000   0.05746
  -4.04000   0.05773
  -4.03000   0.05800
  -4.02000   0.05827
  -4.01000   0.05855
  -4.00000   0.05882
  -3.99000   0.05910
  -3.98000   0.05938
  -3.97000   0.05966
  -3.96000   0.05995
  -3.95000   0.06023
  -3.94000   0.06052
  -3.93000   0.06081
  -3.92000   0.06110
  -3.91000   0.06139
  -3.90000   0.06169
  -3.89000   0.06199
  -3.88000   0.06229
  -3.87000   0.06259
  -3.86000   0.06289
  -3.85000   0.06320
  -3.84000   0.06351
  -3.83000   0.06382
  -3.82000   0.06413
  -3.81000   0.06445
  -3.80000   0.06477
  -3.79000   0.06509
  -3.78000   0.06541
  -3.77000   0.06573
  -3.76000   0.06606
  -3.75000   0.06639
  -3.74000   0.06672
  -3.73000   0.06706
  -3.72000   0.06739
  -3.71000   0.06773
  -3.70000   0.06807
  -3.69000   0.06842
  -3.68000   0.06876
  -3.67000   0.06911
  -3.66000   0.06947
  -3.65000   0.06982
  -3.64000   0.07018
  -3.63000   0.07054
  -3.62000   0.07090
  -3.61000   0.07126
  -3.60000   0.07163
  -3.59000   0.07200
  -3.58000   0.07238
  -3.57000   0.07275
  -3.56000   0.07313
  -3.55000   0.07352
  -3.54000   0.07390
  -3.53000   0.07429
  -3.52000   0.07468
  -3.51000   0.07507
  -3.50000   0.07547
  -3.49000   0.07587
  -3.48000   0.07627
  -3.47000   0.07668
  -3.46000   0.07709
  -3.45000   0.07750
  -3.44000   0.07792
  -3.43000   0.07834
  -3.42000   0.07876
  -3.41000   0.07919
  -3.40000   0.07962
  -3.39000   0.08005
  -3.38000   0.08049
  -3.37000   0.08093
  -3.36000   0.08137
  -3.35000   0.08182
  -3.34000   0.08227
  -3.33000   0.08272
  -3.32000   0.08318
  -3.31000   0.08364
  -3.30000   0.08410
  -3.29000   0.08457
  -3.28000   0.08504
  -3.27000   0.08552
  -3.26000   0.08600
  -3.25000   0.08649
  -3.24000   0.08697
  -3.23000   0.08747
  -3.22000   0.08796
  -3.21000   0.08846
  -3.20000   0.08897
  -3.19000   0.08948
  -3.18000   0.08999
  -3.17000   0.09051
  -3.16000   0.09103
  -3.15000   0.09155
  -3.14000   0.09208
  -3.13000   0.09262
  -3.12000   0.09316
  -3.11000   0.09370
  -3.10000   0.09425
  -3.09000   0.09480
  -3.08000   0.09536
  -3.07000   0.09592
  -3.06000   0.09649
  -3.05000   0.09706
  -3.04000   0.09764
  -3.03000   0.09822
  -3.02000   0.09881
  -3.01000   0.09940
  -3.00000   0.10000
  -2.99000   0.10060
  -2.98000   0.10121
  -2.97000   0.10182
  -2.96000   0.10244
  -2.95000   0.10306
  -2.94000   0.10369
  -2.93000   0.10433
  -2.92000   0.10497
  -2.91000   0.10562
  -2.90000   0.10627
  -2.89000   0.10693
  -2.88000   0.10759
  -2.87000   0.10826
  -2.86000   0.10894
  -2.85000   0.10962
  -2.84000   0.11030
  -2.83000   0.11100
  -2.82000   0.11170
  -2.81000   0.11241
  -2.80000   0.11312
  -2.79000   0.11384
  -2.78000   0.11457
  -2.77000   0.11530
  -2.76000   0.11604
  -2.75000   0.11679
  -2.74000   0.11754
  -2.73000   0.11830
  -2.72000   0.11907
  -2.71000   0.11984
  -2.70000   0.12062
  -2.69000   0.12141
  -2.68000   0.12221
  -2.67000   0.12301
  -2.66000   0.12383
  -2.65000   0.12465
  -2.64000   0.12547
  -2.63000   0.12631
  -2.62000   0.12715
  -2.61000   0.12800
  -2.60000   0.12886
  -2.59000   0.12973
  -2.58000   0.13061
  -2.57000   0.13149
  -2.56000   0.13238
  -2.55000   0.13329
  -2.54000   0.13420
  -2.53000   0.13511
  -2.52000   0.13604
  -2.51000   0.13698
  -2.50000   0.13793
  -2.49000   0.13888
  -2.48000   0.13985
  -2.47000   0.14082
  -2.46000   0.14181
  -2.45000   0.14280
  -2.44000   0.14381
  -2.43000   0.14482
  -2.42000   0.14584
  -2.41000   0.14688
  -2.40000   0.14792
  -2.39000   0.14898
  -2.38000   0.15005
  -2.37000   0.15112
  -2.36000   0.15221
  -2.35000   0.15331
  -2.34000   0.15442
  -2.33000   0.15554
  -2.32000   0.15668
  -2.31000   0.15782
  -2.30000   0.15898
  -2.29000   0.16015
  -2.28000   0.16133
  -2.27000   0.16252
  -2.26000   0.16372
  -2.25000   0.16494
  -2.24000   0.16617
  -2.23000   0.16742
  -2.22000   0.16867
  -2.21000   0.16994
  -2.20000   0.17123
  -2.19000   0.17252
  -2.18000   0.17383
  -2.17000   0.17516
  -2.16000   0.17650
  -2.15000   0.17785
  -2.14000   0.17922
  -2.13000   0.18060
  -2.12000   0.18200
  -2.11000   0.18341
  -2.10000   0.18483
  -2.09000   0.18628
  -2.08000   0.18774
  -2.07000   0.18921
  -2.06000   0.19070
  -2.05000   0.19221
  -2.04000   0.19373
  -2.03000   0.19527
  -2.02000   0.19682
  -2.01000   0.19840
  -2.00000   0.19999
  -1.99000   0.20160
  -1.98000   0.20322
  -1.97000   0.20487
  -1.96000   0.20653
  -1.95000   0.20821
  -1.94000   0.20991
  -1.93000   0.21163
  -1.92000   0.21337
  -1.91000   0.21513
  -1.90000   0.21691
  -1.89000   0.21870
  -1.88000   0.22052
  -1.87000   0.22236
  -1.86000   0.22422
  -1.85000   0.22610
  -1.84000   0.22800
  -1.83000   0.22993
  -1.82000   0.23187
  -1.81000   0.23384
  -1.80000   0.23583
  -1.79000   0.23785
  -1.78000   0.23988
  -1.77000   0.24194
  -1.76000   0.24403
  -1.75000   0.24614
  -1.74000   0.24827
  -1.73000   0.25043
  -1.72000   0.25261
  -1.71000   0.25482
  -1.70000   0.25705
  -1.69000   0.25931
  -1.68000   0.26160
  -1.67000   0.26391
  -1.66000   0.26625
  -1.65000   0.26862
  -1.64000   0.27101
  -1.63000   0.27343
  -1.62000   0.27589
  -1.61000   0.27837
  -1.60000   0.28088
  -1.59000   0.28341
  -1.58000   0.28598
  -1.57000   0.28858
  -1.56000   0.29121
  -1.55000   0.29388
  -1.54000   0.29657
  -1.53000   0.29929
  -1.52000   0.30205
  -1.51000   0.30484
  -1.50000   0.30766
  -1.49000   0.31052
  -1.48000   0.31341
  -1.47000   0.31633
  -1.46000   0.31929
  -1.45000   0.32229
  -1.44000   0.32532
  -1.43000   0.32838
  -1.42000   0.33149
  -1.41000   0.33463
  -1.40000   0.33780
  -1.39000   0.34102
  -1.38000   0.34427
  -1.37000   0.34756
  -1.36000   0.35089
  -1.35000   0.35426
  -1.34000   0.35766
  -1.33000   0.36111
  -1.32000   0.36460
  -1.31000   0.36813
  -1.30000   0.37170
  -1.29000   0.37532
  -1.28000   0.37897
  -1.27000   0.38267
  -1.26000   0.38641
  -1.25000   0.39019
  -1.24000   0.39402
  -1.23000   0.39790
  -1.22000   0.40181
  -1.21000   0.40577
  -1.20000   0.40978
  -1.19000   0.41383
  -1.18000   0.41793
  -1.17000   0.42208
  -1.16000   0.42627
  -1.15000   0.43051
  -1.14000   0.43480
  -1.13000   0.43913
  -1.12000   0.44351
  -1.11000   0.44794
  -1.10000   0.45242
  -1.09000   0.45695
  -1.08000   0.46153
  -1.07000   0.46615
  -1.06000   0.47083
  -1.05000   0.47555
  -1.04000   0.48032
  -1.03000   0.48515
  -1.02000   0.49002
  -1.01000   0.49494
  -1.00000   0.49992
  -0.99000   0.50494
  -0.98000   0.51001
  -0.97000   0.51514
  -0.96000   0.52031
  -0.95000   0.52553
  -0.94000   0.53081
  -0.93000   0.53613
  -0.92000   0.54150
  -0.91000   0.54692
  -0.90000   0.55239
  -0.89000   0.55790
  -0.88000   0.56347
  -0.87000   0.56908
  -0.86000   0.57474
  -0.85000   0.58044
  -0.84000   0.58619
  -0.83000   0.59199
  -0.82000   0.59783
  -0.81000   0.60371
  -0.80000   0.60964
  -0.79000   0.61560
  -0.78000   0.62161
  -0.77000   0.62766
  -0.76000   0.63375
  -0.75000   0.63987
  -0.74000   0.64603
  -0.73000   0.65222
  -0.72000   0.65845
  -0.71000   0.66471
  -0.70000   0.67100
  -0.69000   0.67732
  -0.68000   0.68366
  -0.67000   0.69003
  -0.66000   0.69642
  -0.65000   0.70283
  -0.64000   0.70926
  -0.63000   0.71571
  -0.62000   0.72217
  -0.61000   0.72864
  -0.60000   0.73513
  -0.59000   0.74161
  -0.58000   0.74811
  -0.57000   0.75460
  -0.56000   0.76109
  -0.55000   0.76757
  -0.54000   0.77405
  -0.53000   0.78052
  -0.52000   0.78697
  -0.51000   0.79340
  -0.50000   0.79981
  -0.49000   0.80619
  -0.48000   0.81255
  -0.47000   0.81887
  -0.46000   0.82515
  -0.45000   0.83140
  -0.44000   0.83759
  -0.43000   0.84374
  -0.42000   0.84984
  -0.41000   0.85588
  -0.40000   0.86185
  -0.39000   0.86776
  -0.38000   0.87360
  -0.37000   0.87936
  -0.36000   0.88504
  -0.35000   0.89064
  -0.34000   0.89615
  -0.33000   0.90156
  -0.32000   0.90688
  -0.31000   0.91209
  -0.30000   0.91719
  -0.29000   0.92219
  -0.28000   0.92706
  -0.27000   0.93181
  -0.26000   0.93644
  -0.25000   0.94093
  -0.24000   0.94529
  -0.23000   0.94951
  -0.22000   0.95358
  -0.21000   0.95751
  -0.20000   0.96129
  -0.19000   0.96490
  -0.18000   0.96836
  -0.17000   0.97166
  -0.16000   0.97478
  -0.15000   0.97774
  -0.14000   0.98052
  -0.13000   0.98312
  -0.12000   0.98554
  -0.11000   0.98778
  -0.10000   0.98984
  -0.09000   0.99170
  -0.08000   0.99338
  -0.07000   0.99486
  -0.06000   0.99615
  -0.05000   0.99724
  -0.04000   0.99814
  -0.03000   0.99884
  -0.02000   0.99933
  -0.01000   0.99963
  -0.00000   0.99973
   0.01000   0.99963
   0.02000   0.99933
   0.03000   0.99884
   0.04000   0.99814
   0.05000   0.99724
   0.06000   0.99615
   0.07000   0.99486
   0.08000   0.99338
   0.09000   0.99170
   0.10000   0.98984
   0.11000   0.98778
   0.12000   0.98554
   0.13000   0.98312
   0.14000   0.98052
   0.15000   0.97774
   0.16000   0.97478
   0.17000   0.97166
   0.18000   0.96836
   0.19000   0.96490
   0.20000   0.96129
   0.21000   0.95751
   0.22000   0.95358
   0.23000   0.94951
   0.24000   0.94529
   0.25000   0.94093
   0.26000   0.93644
   0.27000   0.93181
   0.28000   0.92706
   0.29000   0.92219
   0.30000   0.91719
   0.31000   0.91209
   0.32000   0.90688
   0.33000   0.90156
   0.34000   0.89615
   0.35000   0.89064
   0.36000   0.88504
   0.37000   0.87936
   0.38000   0.87360
   0.39000   0.86776
   0.40000   0.86185
   0.41000   0.85588
   0.42000   0.84984
   0.43000   0.84374
   0.44000   0.83759
   0.45000   0.83140
   0.46000   0.82515
   0.47000   0.81887
   0.48000   0.81255
   0.49000   0.80619
   0.50000   0.79981
   0.51000   0.79340
   0.52000   0.78697
   0.53000   0.78052
   0.54000   0.77405
   0.55000   0.76757
   0.56000   0.76109
   0.57000   0.75460
   0.58000   0.74811
   0.59000   0.74161
   0.60000   0.73513
   0.61000   0.72864
   0.62000   0.72217
   0.63000   0.71571
   0.64000   0.70926
   0.65000   0.70283
   0.66000   0.69642
   0.67000   0.69003
   0.68000   0.68366
   0.69000   0.67732
   0.70000   0.67100
   0.71000   0.66471
   0.72000   0.65845
   0.73000   0.65222
   0.74000   0.64603
   0.75000   0.63987
   0.76000   0.63375
   0.77000   0.62766
   0.78000   0.62161
   0.79000   0.61560
   0.80000   0.60964
   0.81000   0.60371
   0.82000   0.59783
   0.83000   0.59199
   0.84000   0.58619
   0.85000   0.58044
   0.86000   0.57474
   0.87000   0.56908
   0.88000   0.56347
   0.89000   0.55790
   0.90000   0.55239
   0.91000   0.54692
   0.92000   0.54150
   0.93000   0.53613
   0.94000   0.53081
   0.95000   0.52553
   0.96000   0.52031
   0.97000   0.51514
   0.98000   0.51001
   0.99000   0.50494
   1.00000   0.49992
   1.01000   0.49494
   1.02000   0.49002
   1.03000   0.48515
   1.04000   0.48032
   1.05000   0.47555
   1.06000   0.47083
   1.07000   0.46615
   1.08000   0.46153
   1.09000   0.45695
   1.10000   0.45242
   1.11000   0.44794
   1.12000   0.44351
   1.13000   0.43913
   1.14000   0.43480
   1.15000   0.43051
   1.16000   0.42627
   1.17000   0.42208
   1.18000   0.41793
   1.19000   0.41383
   1.20000   0.40978
   1.21000   0.40577
   1.22000   0.40181
   1.23000   0.39790
   1.24000   0.39402
   1.25000   0.39019
   1.26000   0.38641
   1.27000   0.38267
   1.28000   0.37897
   1.29000   0.37532
   1.30000   0.37170
   1.31000   0.36813
   1.32000   0.36460
   1.33000   0.36111
   1.34000   0.35766
   1.35000   0.35426
   1.36000   0.35089
   1.37000   0.34756
   1.38000   0.34427
   1.39000   0.34102
   1.40000   0.33780
   1.41000   0.33463
   1.42000   0.33149
   1.43000   0.32838
   1.44000   0.32532
   1.45000   0.32229
   1.46000   0.31929
   1.47000   0.31633
   1.48000   0.31341
   1.49000   0.31052
   1.50000   0.30766
   1.51000   0.30484
   1.52000   0.30205
   1.53000   0.29929
   1.54000   0.29657
   1.55000   0.29388
   1.56000   0.29121
   1.57000   0.28858
   1.58000   0.28598
   1.59000   0.28341
   1.60000   0.28088
   1.61000   0.27837
   1.62000   0.27589
   1.63000   0.27343
   1.64000   0.27101
   1.65000   0.26862
   1.66000   0.26625
   1.67000   0.26391
   1.68000   0.26160
   1.69000   0.25931
   1.70000   0.25705
   1.71000   0.25482
   1.72000   0.25261
   1.73000   0.25043
   1.74000   0.24827
   1.75000   0.24614
   1.76000   0.24403
   1.77000   0.24194
   1.78000   0.23988
   1.79000   0.23785
   1.80000   0.23583
   1.81000   0.23384
   1.82000   0.23187
   1.83000   0.22993
   1.84000   0.22800
   1.85000   0.22610
   1.86000   0.22422
   1.87000   0.22236
   1.88000   0.22052
   1.89000   0.21870
   1.90000   0.21691
   1.91000   0.21513
   1.92000   0.21337
   1.93000   0.21163
   1.94000   0.20991
   1.95000   0.20821
   1.96000   0.20653
   1.97000   0.20487
   1.98000   0.20322
   1.99000   0.20160
   2.00000   0.19999
   2.01000   0.19840
   2.02000   0.19682
   2.03000   0.19527
   2.04000   0.19373
   2.05000   0.19221
   2.06000   0.19070
   2.07000   0.18921
   2.08000   0.18774
   2.09000   0.18628
   2.10000   0.18483
   2.11000   0.18341
   2.12000   0.18200
   2.13000   0.18060
   2.14000   0.17922
   2.15000   0.17785
   2.16000   0.17650
   2.17000   0.17516
   2.18000   0.17383
   2.19000   0.17252
   2.20000   0.17123
   2.21000   0.16994
   2.22000   0.16867
   2.23000   0.16742
   2.24000   0.16617
   2.25000   0.16494
   2.26000   0.16372
   2.27000   0.16252
   2.28000   0.16133
   2.29000   0.16015
   2.30000   0.15898
   2.31000   0.15782
   2.32000   0.15668
   2.33000   0.15554
   2.34000   0.15442
   2.35000   0.15331
   2.36000   0.15221
   2.37000   0.15112
   2.38000   0.15005
   2.39000   0.14898
   2.40000   0.14792
   2.41000   0.14688
   2.42000   0.14584
   2.43000   0.14482
   2.44000   0.14381
   2.45000   0.14280
   2.46000   0.14181
   2.47000   0.14082
   2.48000   0.13985
   2.49000   0.13888
   2.50000   0.13793
   2.51000   0.13698
   2.52000   0.13604
   2.53000   0.13511
   2.54000   0.13420
   2.55000   0.13329
   2.56000   0.13238
   2.57000   0.13149
   2.58000   0.13061
   2.59000   0.12973
   2.60000   0.12886
   2.61000   0.12800
   2.62000   0.12715
   2.63000   0.12631
   2.64000   0.12547
   2.65000   0.12465
   2.66000   0.12383
   2.67000   0.12301
   2.68000   0.12221
   2.69000   0.12141
   2.70000   0.12062
   2.71000   0.11984
   2.72000   0.11907
   2.73000   0.11830
   2.74000   0.11754
   2.75000   0.11679
   2.76000   0.11604
   2.77000   0.11530
   2.78000   0.11457
   2.79000   0.11384
   2.80000   0.11312
   2.81000   0.11241
   2.82000   0.11170
   2.83000   0.11100
   2.84000   0.11030
   2.85000   0.10962
   2.86000   0.10894
   2.87000   0.10826
   2.88000   0.10759
   2.89000   0.10693
   2.90000   0.10627
   2.91000   0.10562
   2.92000   0.10497
   2.93000   0.10433
   2.94000   0.10369
   2.95000   0.10306
   2.96000   0.10244
   2.97000   0.10182
   2.98000   0.10121
   2.99000   0.10060
   3.00000   0.10000
   3.01000   0.09940
   3.02000   0.09881
   3.03000   0.09822
   3.04000   0.09764
   3.05000   0.09706
   3.06000   0.09649
   3.07000   0.09592
   3.08000   0.09536
   3.09000   0.09480
   3.10000   0.09425
   3.11000   0.09370
   3.12000   0.09316
   3.13000   0.09262
   3.14000   0.09208
   3.15000   0.09155
   3.16000   0.09103
   3.17000   0.09051
   3.18000   0.08999
   3.19000   0.08948
   3.20000   0.08897
   3.21000   0.08846
   3.22000   0.08796
   3.23000   0.08747
   3.24000   0.08697
   3.25000   0.08649
   3.26000   0.08600
   3.27000   0.08552
   3.28000   0.08504
   3.29000   0.08457
   3.30000   0.08410
   3.31000   0.08364
   3.32000   0.08318
   3.33000   0.08272
   3.34000   0.08227
   3.35000   0.08182
   3.36000   0.08137
   3.37000   0.08093
   3.38000   0.08049
   3.39000   0.08005
   3.40000   0.07962
   3.41000   0.07919
   3.42000   0.07876
   3.43000   0.07834
   3.44000   0.07792
   3.45000   0.07750
   3.46000   0.07709
   3.47000   0.07668
   3.48000   0.07627
   3.49000   0.07587
   3.50000   0.07547
   3.51000   0.07507
   3.52000   0.07468
   3.53000   0.07429
   3.54000   0.07390
   3.55000   0.07352
   3.56000   0.07313
   3.57000   0.07275
   3.58000   0.07238
   3.59000   0.07200
   3.60000   0.07163
   3.61000   0.07126
   3.62000   0.07090
   3.63000   0.07054
   3.64000   0.07018
   3.65000   0.06982
   3.66000   0.06947
   3.67000   0.06911
   3.68000   0.06876
   3.69000   0.06842
   3.70000   0.06807
   3.71000   0.06773
   3.72000   0.06739
   3.73000   0.06706
   3.74000   0.06672
   3.75000   0.06639
   3.76000   0.06606
   3.77000   0.06573
   3.78000   0.06541
   3.79000   0.06509
   3.80000   0.06477
   3.81000   0.06445
   3.82000   0.06413
   3.83000   0.06382
   3.84000   0.06351
   3.85000   0.06320
   3.86000   0.06289
   3.87000   0.06259
   3.88000   0.06229
   3.89000   0.06199
   3.90000   0.06169
   3.91000   0.06139
   3.92000   0.06110
   3.93000   0.06081
   3.94000   0.06052
   3.95000   0.06023
   3.96000   0.05995
   3.97000   0.05966
   3.98000   0.05938
   3.99000   0.05910
   4.00000   0.05882
   4.01000   0.05855
   4.02000   0.05827
   4.03000   0.05800
   4.04000   0.05773
   4.05000   0.05746
   4.06000   0.05720
   4.07000   0.05693
   4.08000   0.05667
   4.09000   0.05641
   4.10000   0.05615
   4.11000   0.05589
   4.12000   0.05563
   4.13000   0.05538
   4.14000   0.05513
   4.15000   0.05488
   4.16000   0.05463
   4.17000   0.05438
   4.18000   0.05413
   4.19000   0.05389
   4.20000   0.05365
   4.21000   0.05341
   4.22000   0.05317
   4.23000   0.05293
   4.24000   0.05269
   4.25000   0.05246
   4.26000   0.05223
   4.27000   0.05199
   4.28000   0.05176
   4.29000   0.05154
   4.30000   0.05131
   4.31000   0.05108
   4.32000   0.05086
   4.33000   0.05064
   4.34000   0.05041
   4.35000   0.05019
   4.36000   0.04998
   4.37000   0.04976
   4.38000   0.04954
   4.39000   0.04933
   4.40000   0.04912
   4.41000   0.04890
   4.42000   0.04869
   4.43000   0.04848
   4.44000   0.04828
   4.45000   0.04807
   4.46000   0.04787
   4.47000   0.04766
   4.48000   0.04746
   4.49000   0.04726
   4.50000   0.04706
   4.51000   0.04686
   4.52000   0.04666
   4.53000   0.04647
   4.54000   0.04627
   4.55000   0.04608
   4.56000   0.04588
   4.57000   0.04569
   4.58000   0.04550
   4.59000   0.04531
   4.60000   0.04513
   4.61000   0.04494
   4.62000   0.04475
   4.63000   0.04457
   4.64000   0.04439
   4.65000   0.04420
   4.66000   0.04402
   4.67000   0.04384
   4.68000   0.04366
   4.69000   0.04349
   4.70000   0.04331
   4.71000   0.04313
   4.72000   0.04296
   4.73000   0.04278
   4.74000   0.04261
   4.75000   0.04244
   4.76000   0.04227
   4.77000   0.04210
   4.78000   0.04193
   4.79000   0.04176
   4.80000   0.04160
   4.81000   0.04143
   4.82000   0.04127
   4.83000   0.04110
   4.84000   0.04094
   4.85000   0.04078
   4.86000   0.04062
   4.87000   0.04046
   4.88000   0.04030
   4.89000   0.04014
   4.90000   0.03998
   4.91000   0.03983
   4.92000   0.03967
   4.93000   0.03952
   4.94000   0.03936
   4.95000   0.03921
   4.96000   0.03906
   4.97000   0.03891
   4.98000   0.03876
   4.99000   0.03861
   5.00000   0.03846
