   0.00000   1.00000
   0.01000   0.83000
   0.02000   0.69200
   0.03000   0.58120
   0.04000   0.49151
   0.05000   0.42057
   0.06000   0.36325
   0.07000   0.31922
   0.08000   0.28349
   0.09000   0.25773
   0.10000   0.23627
   0.11000   0.22306
   0.12000   0.21083
   0.13000   0.20646
   0.14000   0.19993
   0.15000   0.20211
   0.16000   0.19864
   0.17000   0.20613
   0.18000   0.20357
   0.19000   0.21599
   0.20000   0.21236
   0.21000   0.23011
   0.22000   0.22326
   0.23000   0.24761
   0.24000   0.23488
   0.25000   0.26817
   0.26000   0.24595
   0.27000   0.29195
   0.28000   0.25514
   0.29000   0.31965
   0.30000   0.26083
   0.31000   0.35264
   0.32000   0.26084
   0.33000   0.39311
   0.34000   0.25214
   0.35000   0.44451
   0.36000   0.23028
   0.37000   0.51202
   0.38000   0.18877
   0.39000   0.60346
   0.40000   0.11796
   0.41000   0.73046
   0.42000   0.00356
   0.43000   0.91041
   0.44000  -0.17568
   0.45000   1.16915
   0.46000  -0.45134
   0.47000   1.54518
   0.48000  -0.87043
   0.49000   2.09581
   0.50000  -1.50286
   0.51000   2.90627
   0.52000  -2.45264
   0.53000   4.10344
   0.54000  -3.87454
   0.55000   5.87606
   0.56000  -5.99884
   0.57000   8.50502
   0.58000  -9.16816
   0.59000  12.40822
   0.60000 -13.89229
   0.61000  18.20750
   0.62000 -20.92975
   0.63000  26.82809
   0.64000 -31.40917
   0.65000  39.64668
   0.66000 -47.00984
   0.67000  58.71166
   0.68000 -70.23043
   0.69000  87.07090
   0.70000-104.78875
   0.71000 129.25939
   0.72000-156.21660
   0.73000 192.02482
   0.74000-232.74488
   0.75000 285.40725
   0.76000-346.62049
   0.77000 424.34551
   0.78000-516.06587
   0.79000 631.06738
   0.80000-768.19460
   0.81000 938.64609
   0.82000**********
   0.830001396.29199
   0.84000**********
   0.850002077.22624
   0.86000**********
   0.870003090.39617
   0.88000**********
   0.890004597.90686
   0.90000**********
   0.910006840.95797
   0.92000**********
   0.93000**********
   0.94000**********
   0.95000**********
   0.96000**********
   0.97000**********
   0.98000**********
   0.99000**********
   1.00000**********
   1.01000**********
   1.02000**********
   1.03000**********
   1.04000**********
   1.05000**********
   1.06000**********
   1.07000**********
   1.08000**********
   1.09000**********
   1.10000**********
   1.11000**********
   1.12000**********
   1.13000**********
   1.14000**********
   1.15000**********
   1.16000**********
   1.17000**********
   1.18000**********
   1.19000**********
   1.20000**********
   1.21000**********
   1.22000**********
   1.23000**********
   1.24000**********
   1.25000**********
   1.26000**********
   1.27000**********
   1.28000**********
   1.29000**********
   1.30000**********
   1.31000**********
   1.32000**********
   1.33000**********
   1.34000**********
   1.35000**********
   1.36000**********
   1.37000**********
   1.38000**********
   1.39000**********
   1.40000**********
   1.41000**********
   1.42000**********
   1.43000**********
   1.44000**********
   1.45000**********
   1.46000**********
   1.47000**********
   1.48000**********
   1.49000**********
   1.50000**********
   1.51000**********
   1.52000**********
   1.53000**********
   1.54000**********
   1.55000**********
   1.56000**********
   1.57000**********
   1.58000**********
   1.59000**********
   1.60000**********
   1.61000**********
   1.62000**********
   1.63000**********
   1.64000**********
   1.65000**********
   1.66000**********
   1.67000**********
   1.68000**********
   1.69000**********
   1.70000**********
   1.71000**********
   1.72000**********
   1.73000**********
   1.74000**********
   1.75000**********
   1.76000**********
   1.77000**********
   1.78000**********
   1.79000**********
   1.80000**********
   1.81000**********
   1.82000**********
   1.83000**********
   1.84000**********
   1.85000**********
   1.86000**********
   1.87000**********
   1.88000**********
   1.89000**********
   1.90000**********
   1.91000**********
   1.92000**********
   1.93000**********
   1.94000**********
   1.95000**********
   1.96000**********
   1.97000**********
   1.98000**********
   1.99000**********
   2.00000**********
   2.01000**********
   2.02000**********
   2.03000**********
   2.04000**********
   2.05000**********
   2.06000**********
   2.07000**********
   2.08000**********
   2.09000**********
   2.10000**********
   2.11000**********
   2.12000**********
   2.13000**********
   2.14000**********
   2.15000**********
   2.16000**********
   2.17000**********
   2.18000**********
   2.19000**********
   2.20000**********
   2.21000**********
   2.22000**********
   2.23000**********
   2.24000**********
   2.25000**********
   2.26000**********
   2.27000**********
   2.28000**********
   2.29000**********
   2.30000**********
   2.31000**********
   2.32000**********
   2.33000**********
   2.34000**********
   2.35000**********
   2.36000**********
   2.37000**********
   2.38000**********
   2.39000**********
   2.40000**********
   2.41000**********
   2.42000**********
   2.43000**********
   2.44000**********
   2.45000**********
   2.46000**********
   2.47000**********
   2.48000**********
   2.49000**********
   2.50000**********
