   0.00000   0.00674
   0.04000   0.00991
   0.08000   0.01435
   0.12000   0.02047
   0.16000   0.02876
   0.20000   0.03979
   0.24000   0.05422
   0.28000   0.07276
   0.32000   0.09613
   0.36000   0.12505
   0.40000   0.16016
   0.44000   0.20193
   0.48000   0.25062
   0.52000   0.30618
   0.56000   0.36819
   0.60000   0.43579
   0.64000   0.50765
   0.68000   0.58199
   0.72000   0.65664
   0.76000   0.72908
   0.80000   0.79662
   0.84000   0.85654
   0.88000   0.90625
   0.92000   0.94354
   0.96000   0.96664
   1.00000   0.97447
   1.04000   0.96664
   1.08000   0.94354
   1.12000   0.90625
   1.16000   0.85654
   1.20000   0.79662
   1.24000   0.72908
   1.28000   0.65664
   1.32000   0.58199
   1.36000   0.50765
   1.40000   0.43579
   1.44000   0.36819
   1.48000   0.30618
   1.52000   0.25062
   1.56000   0.20193
   1.60000   0.16016
   1.64000   0.12505
   1.68000   0.09613
   1.72000   0.07276
   1.76000   0.05422
   1.80000   0.03979
   1.84000   0.02876
   1.88000   0.02047
   1.92000   0.01435
   1.96000   0.00991
   2.00000   0.00674
