  -2.00000   7.38906
  -1.95000   6.69587
  -1.90000   6.08336
  -1.85000   5.54003
  -1.80000   5.05846
  -1.75000   4.62951
  -1.70000   4.24829
  -1.65000   3.90730
  -1.60000   3.60359
  -1.55000   3.33073
  -1.50000   3.08732
  -1.45000   2.86763
  -1.40000   2.67152
  -1.35000   2.49361
  -1.30000   2.33488
  -1.25000   2.19008
  -1.20000   2.06112
  -1.15000   1.94275
  -1.10000   1.83770
  -1.05000   1.74060
  -1.00000   1.65494
  -0.95000   1.57510
  -0.90000   1.50531
  -0.85000   1.43963
  -0.80000   1.38294
  -0.75000   1.32899
  -0.70000   1.28326
  -0.65000   1.23916
  -0.60000   1.20272
  -0.55000   1.16700
  -0.50000   1.13853
  -0.45000   1.11007
  -0.40000   1.08858
  -0.35000   1.06653
  -0.30000   1.05125
  -0.25000   1.03499
  -0.20000   1.02538
  -0.15000   1.01449
  -0.10000   1.01016
  -0.05000   1.00438
   0.00000   1.00514
   0.05000   1.00438
   0.10000   1.01016
   0.15000   1.01449
   0.20000   1.02538
   0.25000   1.03499
   0.30000   1.05125
   0.35000   1.06653
   0.40000   1.08858
   0.45000   1.11007
   0.50000   1.13853
   0.55000   1.16700
   0.60000   1.20272
   0.65000   1.23916
   0.70000   1.28326
   0.75000   1.32899
   0.80000   1.38294
   0.85000   1.43963
   0.90000   1.50531
   0.95000   1.57510
   1.00000   1.65494
   1.05000   1.74060
   1.10000   1.83770
   1.15000   1.94275
   1.20000   2.06112
   1.25000   2.19008
   1.30000   2.33488
   1.35000   2.49362
   1.40000   2.67152
   1.45000   2.86763
   1.50000   3.08732
   1.55000   3.33073
   1.60000   3.60359
   1.65000   3.90730
   1.70000   4.24829
   1.75000   4.62951
   1.80000   5.05846
   1.85000   5.54003
   1.90000   6.08336
   1.95000   6.69587
