   0.00000   0.00674
   0.04000   0.00990
   0.08000   0.01432
   0.12000   0.02040
   0.16000   0.02862
   0.20000   0.03955
   0.24000   0.05381
   0.28000   0.07210
   0.32000   0.09511
   0.36000   0.12353
   0.40000   0.15795
   0.44000   0.19885
   0.48000   0.24643
   0.52000   0.30063
   0.56000   0.36103
   0.60000   0.42677
   0.64000   0.49655
   0.68000   0.56866
   0.72000   0.64097
   0.76000   0.71108
   0.80000   0.77639
   0.84000   0.83427
   0.88000   0.88228
   0.92000   0.91824
   0.96000   0.94052
   1.00000   0.94804
   1.04000   0.94046
   1.08000   0.91813
   1.12000   0.88211
   1.16000   0.83406
   1.20000   0.77615
   1.24000   0.71083
   1.28000   0.64072
   1.32000   0.56843
   1.36000   0.49636
   1.40000   0.42663
   1.44000   0.36096
   1.48000   0.30065
   1.52000   0.24652
   1.56000   0.19901
   1.60000   0.15819
   1.64000   0.12382
   1.68000   0.09544
   1.72000   0.07246
   1.76000   0.05418
   1.80000   0.03991
   1.84000   0.02897
   1.88000   0.02072
   1.92000   0.01460
   1.96000   0.01014
   2.00000   0.00694
