  -2.00000   7.38906
  -1.95000   6.69541
  -1.90000   6.08198
  -1.85000   5.53852
  -1.80000   5.05618
  -1.75000   4.62736
  -1.70000   4.24546
  -1.65000   3.90478
  -1.60000   3.60041
  -1.55000   3.32804
  -1.50000   3.08394
  -1.45000   2.86489
  -1.40000   2.66803
  -1.35000   2.49091
  -1.30000   2.33135
  -1.25000   2.18746
  -1.20000   2.05758
  -1.15000   1.94025
  -1.10000   1.83418
  -1.05000   1.73824
  -1.00000   1.65144
  -0.95000   1.57289
  -0.90000   1.50182
  -0.85000   1.43756
  -0.80000   1.37948
  -0.75000   1.32706
  -0.70000   1.27982
  -0.65000   1.23736
  -0.60000   1.19929
  -0.55000   1.16531
  -0.50000   1.13512
  -0.45000   1.10848
  -0.40000   1.08517
  -0.35000   1.06502
  -0.30000   1.04785
  -0.25000   1.03354
  -0.20000   1.02198
  -0.15000   1.01307
  -0.10000   1.00676
  -0.05000   1.00299
   0.00000   1.00174
   0.05000   1.00299
   0.10000   1.00676
   0.15000   1.01307
   0.20000   1.02197
   0.25000   1.03353
   0.30000   1.04784
   0.35000   1.06501
   0.40000   1.08516
   0.45000   1.10846
   0.50000   1.13510
   0.55000   1.16529
   0.60000   1.19927
   0.65000   1.23733
   0.70000   1.27980
   0.75000   1.32703
   0.80000   1.37945
   0.85000   1.43752
   0.90000   1.50179
   0.95000   1.57285
   1.00000   1.65139
   1.05000   1.73820
   1.10000   1.83413
   1.15000   1.94020
   1.20000   2.05754
   1.25000   2.18742
   1.30000   2.33131
   1.35000   2.49088
   1.40000   2.66801
   1.45000   2.86487
   1.50000   3.08395
   1.55000   3.32806
   1.60000   3.60046
   1.65000   3.90488
   1.70000   4.24561
   1.75000   4.62758
   1.80000   5.05650
   1.85000   5.53895
   1.90000   6.08256
   1.95000   6.69618
