   0.00000   1.00000
   0.01000   0.83000
   0.02000   0.69240
   0.03000   0.58136
   0.04000   0.49211
   0.05000   0.42072
   0.06000   0.36397
   0.07000   0.31923
   0.08000   0.28433
   0.09000   0.25750
   0.10000   0.23728
   0.11000   0.22248
   0.12000   0.21213
   0.13000   0.20542
   0.14000   0.20168
   0.15000   0.20039
   0.16000   0.20110
   0.17000   0.20344
   0.18000   0.20712
   0.19000   0.21189
   0.20000   0.21756
   0.21000   0.22395
   0.22000   0.23093
   0.23000   0.23839
   0.24000   0.24624
   0.25000   0.25440
   0.26000   0.26282
   0.27000   0.27143
   0.28000   0.28021
   0.29000   0.28911
   0.30000   0.29811
   0.31000   0.30718
   0.32000   0.31630
   0.33000   0.32547
   0.34000   0.33465
   0.35000   0.34385
   0.36000   0.35305
   0.37000   0.36225
   0.38000   0.37144
   0.39000   0.38061
   0.40000   0.38977
   0.41000   0.39889
   0.42000   0.40799
   0.43000   0.41706
   0.44000   0.42609
   0.45000   0.43509
   0.46000   0.44405
   0.47000   0.45296
   0.48000   0.46184
   0.49000   0.47067
   0.50000   0.47946
   0.51000   0.48820
   0.52000   0.49690
   0.53000   0.50555
   0.54000   0.51414
   0.55000   0.52269
   0.56000   0.53119
   0.57000   0.53963
   0.58000   0.54802
   0.59000   0.55635
   0.60000   0.56463
   0.61000   0.57286
   0.62000   0.58102
   0.63000   0.58913
   0.64000   0.59718
   0.65000   0.60517
   0.66000   0.61310
   0.67000   0.62097
   0.68000   0.62878
   0.69000   0.63652
   0.70000   0.64420
   0.71000   0.65182
   0.72000   0.65937
   0.73000   0.66685
   0.74000   0.67427
   0.75000   0.68162
   0.76000   0.68890
   0.77000   0.69612
   0.78000   0.70326
   0.79000   0.71033
   0.80000   0.71734
   0.81000   0.72427
   0.82000   0.73113
   0.83000   0.73791
   0.84000   0.74462
   0.85000   0.75126
   0.86000   0.75782
   0.87000   0.76431
   0.88000   0.77072
   0.89000   0.77705
   0.90000   0.78331
   0.91000   0.78948
   0.92000   0.79558
   0.93000   0.80160
   0.94000   0.80754
   0.95000   0.81339
   0.96000   0.81917
   0.97000   0.82486
   0.98000   0.83047
   0.99000   0.83600
   1.00000   0.84145
   1.01000   0.84681
   1.02000   0.85208
   1.03000   0.85728
   1.04000   0.86238
   1.05000   0.86740
   1.06000   0.87233
   1.07000   0.87718
   1.08000   0.88193
   1.09000   0.88660
   1.10000   0.89118
   1.11000   0.89567
   1.12000   0.90008
   1.13000   0.90439
   1.14000   0.90861
   1.15000   0.91274
   1.16000   0.91678
   1.17000   0.92073
   1.18000   0.92458
   1.19000   0.92834
   1.20000   0.93201
   1.21000   0.93559
   1.22000   0.93907
   1.23000   0.94246
   1.24000   0.94576
   1.25000   0.94896
   1.26000   0.95206
   1.27000   0.95507
   1.28000   0.95799
   1.29000   0.96081
   1.30000   0.96353
   1.31000   0.96616
   1.32000   0.96869
   1.33000   0.97112
   1.34000   0.97346
   1.35000   0.97570
   1.36000   0.97784
   1.37000   0.97988
   1.38000   0.98183
   1.39000   0.98367
   1.40000   0.98542
   1.41000   0.98707
   1.42000   0.98862
   1.43000   0.99008
   1.44000   0.99143
   1.45000   0.99269
   1.46000   0.99384
   1.47000   0.99490
   1.48000   0.99585
   1.49000   0.99671
   1.50000   0.99747
   1.51000   0.99812
   1.52000   0.99868
   1.53000   0.99914
   1.54000   0.99950
   1.55000   0.99976
   1.56000   0.99991
   1.57000   0.99997
   1.58000   0.99993
   1.59000   0.99979
   1.60000   0.99955
   1.61000   0.99920
   1.62000   0.99876
   1.63000   0.99822
   1.64000   0.99758
   1.65000   0.99684
   1.66000   0.99600
   1.67000   0.99506
   1.68000   0.99402
   1.69000   0.99288
   1.70000   0.99164
   1.71000   0.99030
   1.72000   0.98886
   1.73000   0.98733
   1.74000   0.98569
   1.75000   0.98396
   1.76000   0.98213
   1.77000   0.98020
   1.78000   0.97817
   1.79000   0.97604
   1.80000   0.97382
   1.81000   0.97150
   1.82000   0.96908
   1.83000   0.96657
   1.84000   0.96396
   1.85000   0.96125
   1.86000   0.95844
   1.87000   0.95554
   1.88000   0.95255
   1.89000   0.94946
   1.90000   0.94627
   1.91000   0.94299
   1.92000   0.93962
   1.93000   0.93615
   1.94000   0.93259
   1.95000   0.92893
   1.96000   0.92519
   1.97000   0.92134
   1.98000   0.91741
   1.99000   0.91339
   2.00000   0.90927
   2.01000   0.90507
   2.02000   0.90077
   2.03000   0.89638
   2.04000   0.89190
   2.05000   0.88734
   2.06000   0.88268
   2.07000   0.87794
   2.08000   0.87311
   2.09000   0.86819
   2.10000   0.86318
   2.11000   0.85809
   2.12000   0.85292
   2.13000   0.84765
   2.14000   0.84231
   2.15000   0.83688
   2.16000   0.83136
   2.17000   0.82576
   2.18000   0.82008
   2.19000   0.81432
   2.20000   0.80847
   2.21000   0.80255
   2.22000   0.79654
   2.23000   0.79046
   2.24000   0.78429
   2.25000   0.77805
   2.26000   0.77173
   2.27000   0.76533
   2.28000   0.75886
   2.29000   0.75231
   2.30000   0.74568
   2.31000   0.73898
   2.32000   0.73221
   2.33000   0.72536
   2.34000   0.71844
   2.35000   0.71145
   2.36000   0.70439
   2.37000   0.69726
   2.38000   0.69006
   2.39000   0.68278
   2.40000   0.67544
   2.41000   0.66804
   2.42000   0.66056
   2.43000   0.65302
   2.44000   0.64542
   2.45000   0.63775
   2.46000   0.63001
   2.47000   0.62222
   2.48000   0.61436
   2.49000   0.60644
   2.50000   0.59845
