  -2.00000   7.38906
  -1.95000   6.69587
  -1.90000   6.08281
  -1.85000   5.53963
  -1.80000   5.05752
  -1.75000   4.62887
  -1.70000   4.24709
  -1.65000   3.90652
  -1.60000   3.60220
  -1.55000   3.32988
  -1.50000   3.08581
  -1.45000   2.86677
  -1.40000   2.66992
  -1.35000   2.49278
  -1.30000   2.33321
  -1.25000   2.18930
  -1.20000   2.05940
  -1.15000   1.94204
  -1.10000   1.83594
  -1.05000   1.73997
  -1.00000   1.65314
  -0.95000   1.57456
  -0.90000   1.50347
  -0.85000   1.43917
  -0.80000   1.38107
  -0.75000   1.32862
  -0.70000   1.28136
  -0.65000   1.23887
  -0.60000   1.20079
  -0.55000   1.16678
  -0.50000   1.13658
  -0.45000   1.10992
  -0.40000   1.08660
  -0.35000   1.06643
  -0.30000   1.04925
  -0.25000   1.03493
  -0.20000   1.02336
  -0.15000   1.01445
  -0.10000   1.00814
  -0.05000   1.00436
   0.00000   1.00311
   0.05000   1.00436
   0.10000   1.00814
   0.15000   1.01445
   0.20000   1.02336
   0.25000   1.03493
   0.30000   1.04925
   0.35000   1.06643
   0.40000   1.08660
   0.45000   1.10992
   0.50000   1.13658
   0.55000   1.16679
   0.60000   1.20079
   0.65000   1.23888
   0.70000   1.28137
   0.75000   1.32864
   0.80000   1.38109
   0.85000   1.43919
   0.90000   1.50350
   0.95000   1.57460
   1.00000   1.65318
   1.05000   1.74003
   1.10000   1.83601
   1.15000   1.94212
   1.20000   2.05950
   1.25000   2.18943
   1.30000   2.33337
   1.35000   2.49298
   1.40000   2.67016
   1.45000   2.86707
   1.50000   3.08618
   1.55000   3.33032
   1.60000   3.60275
   1.65000   3.90718
   1.70000   4.24790
   1.75000   4.62986
   1.80000   5.05873
   1.85000   5.54112
   1.90000   6.08462
   1.95000   6.69808
