   0.00000   1.00000
   0.01000   0.83000
   0.02000   0.69240
   0.03000   0.58136
   0.04000   0.49211
   0.05000   0.42072
   0.06000   0.36397
   0.07000   0.31923
   0.08000   0.28433
   0.09000   0.25750
   0.10000   0.23728
   0.11000   0.22249
   0.12000   0.21213
   0.13000   0.20542
   0.14000   0.20169
   0.15000   0.20039
   0.16000   0.20110
   0.17000   0.20344
   0.18000   0.20712
   0.19000   0.21190
   0.20000   0.21756
   0.21000   0.22395
   0.22000   0.23093
   0.23000   0.23839
   0.24000   0.24624
   0.25000   0.25441
   0.26000   0.26282
   0.27000   0.27144
   0.28000   0.28021
   0.29000   0.28912
   0.30000   0.29811
   0.31000   0.30718
   0.32000   0.31631
   0.33000   0.32547
   0.34000   0.33466
   0.35000   0.34386
   0.36000   0.35306
   0.37000   0.36226
   0.38000   0.37145
   0.39000   0.38062
   0.40000   0.38977
   0.41000   0.39890
   0.42000   0.40800
   0.43000   0.41706
   0.44000   0.42610
   0.45000   0.43509
   0.46000   0.44405
   0.47000   0.45297
   0.48000   0.46185
   0.49000   0.47068
   0.50000   0.47947
   0.51000   0.48821
   0.52000   0.49691
   0.53000   0.50555
   0.54000   0.51415
   0.55000   0.52270
   0.56000   0.53119
   0.57000   0.53964
   0.58000   0.54803
   0.59000   0.55636
   0.60000   0.56464
   0.61000   0.57287
   0.62000   0.58103
   0.63000   0.58914
   0.64000   0.59719
   0.65000   0.60518
   0.66000   0.61311
   0.67000   0.62098
   0.68000   0.62879
   0.69000   0.63653
   0.70000   0.64421
   0.71000   0.65183
   0.72000   0.65938
   0.73000   0.66686
   0.74000   0.67428
   0.75000   0.68163
   0.76000   0.68891
   0.77000   0.69613
   0.78000   0.70327
   0.79000   0.71034
   0.80000   0.71735
   0.81000   0.72428
   0.82000   0.73114
   0.83000   0.73792
   0.84000   0.74463
   0.85000   0.75127
   0.86000   0.75783
   0.87000   0.76432
   0.88000   0.77073
   0.89000   0.77706
   0.90000   0.78332
   0.91000   0.78949
   0.92000   0.79559
   0.93000   0.80161
   0.94000   0.80755
   0.95000   0.81340
   0.96000   0.81918
   0.97000   0.82487
   0.98000   0.83049
   0.99000   0.83601
   1.00000   0.84146
   1.01000   0.84682
   1.02000   0.85210
   1.03000   0.85729
   1.04000   0.86239
   1.05000   0.86741
   1.06000   0.87234
   1.07000   0.87719
   1.08000   0.88195
   1.09000   0.88662
   1.10000   0.89120
   1.11000   0.89569
   1.12000   0.90009
   1.13000   0.90440
   1.14000   0.90862
   1.15000   0.91275
   1.16000   0.91679
   1.17000   0.92074
   1.18000   0.92459
   1.19000   0.92836
   1.20000   0.93203
   1.21000   0.93560
   1.22000   0.93909
   1.23000   0.94248
   1.24000   0.94577
   1.25000   0.94897
   1.26000   0.95208
   1.27000   0.95509
   1.28000   0.95800
   1.29000   0.96082
   1.30000   0.96355
   1.31000   0.96617
   1.32000   0.96870
   1.33000   0.97114
   1.34000   0.97347
   1.35000   0.97571
   1.36000   0.97785
   1.37000   0.97989
   1.38000   0.98184
   1.39000   0.98369
   1.40000   0.98544
   1.41000   0.98709
   1.42000   0.98864
   1.43000   0.99009
   1.44000   0.99144
   1.45000   0.99270
   1.46000   0.99385
   1.47000   0.99491
   1.48000   0.99587
   1.49000   0.99672
   1.50000   0.99748
   1.51000   0.99814
   1.52000   0.99870
   1.53000   0.99915
   1.54000   0.99951
   1.55000   0.99977
   1.56000   0.99993
   1.57000   0.99999
   1.58000   0.99994
   1.59000   0.99980
   1.60000   0.99956
   1.61000   0.99922
   1.62000   0.99878
   1.63000   0.99823
   1.64000   0.99759
   1.65000   0.99685
   1.66000   0.99601
   1.67000   0.99507
   1.68000   0.99403
   1.69000   0.99289
   1.70000   0.99165
   1.71000   0.99031
   1.72000   0.98888
   1.73000   0.98734
   1.74000   0.98571
   1.75000   0.98397
   1.76000   0.98214
   1.77000   0.98021
   1.78000   0.97818
   1.79000   0.97606
   1.80000   0.97383
   1.81000   0.97151
   1.82000   0.96910
   1.83000   0.96658
   1.84000   0.96397
   1.85000   0.96126
   1.86000   0.95846
   1.87000   0.95556
   1.88000   0.95256
   1.89000   0.94947
   1.90000   0.94629
   1.91000   0.94301
   1.92000   0.93963
   1.93000   0.93616
   1.94000   0.93260
   1.95000   0.92895
   1.96000   0.92520
   1.97000   0.92136
   1.98000   0.91742
   1.99000   0.91340
   2.00000   0.90928
   2.01000   0.90508
   2.02000   0.90078
   2.03000   0.89639
   2.04000   0.89192
   2.05000   0.88735
   2.06000   0.88269
   2.07000   0.87795
   2.08000   0.87312
   2.09000   0.86820
   2.10000   0.86320
   2.11000   0.85811
   2.12000   0.85293
   2.13000   0.84767
   2.14000   0.84232
   2.15000   0.83689
   2.16000   0.83137
   2.17000   0.82577
   2.18000   0.82009
   2.19000   0.81433
   2.20000   0.80848
   2.21000   0.80256
   2.22000   0.79655
   2.23000   0.79047
   2.24000   0.78430
   2.25000   0.77806
   2.26000   0.77174
   2.27000   0.76534
   2.28000   0.75887
   2.29000   0.75232
   2.30000   0.74569
   2.31000   0.73899
   2.32000   0.73222
   2.33000   0.72537
   2.34000   0.71845
   2.35000   0.71146
   2.36000   0.70440
   2.37000   0.69727
   2.38000   0.69006
   2.39000   0.68279
   2.40000   0.67545
   2.41000   0.66805
   2.42000   0.66057
   2.43000   0.65303
   2.44000   0.64543
   2.45000   0.63776
   2.46000   0.63002
   2.47000   0.62222
   2.48000   0.61437
   2.49000   0.60644
   2.50000   0.59846
