   0.00000   0.00674
   0.04000   0.00991
   0.08000   0.01435
   0.12000   0.02046
   0.16000   0.02874
   0.20000   0.03975
   0.24000   0.05414
   0.28000   0.07260
   0.32000   0.09586
   0.36000   0.12461
   0.40000   0.15946
   0.44000   0.20090
   0.48000   0.24915
   0.52000   0.30417
   0.56000   0.36551
   0.60000   0.43232
   0.64000   0.50328
   0.68000   0.57666
   0.72000   0.65029
   0.76000   0.72170
   0.80000   0.78826
   0.84000   0.84729
   0.88000   0.89625
   0.92000   0.93296
   0.96000   0.95571
   1.00000   0.96342
   1.04000   0.95571
   1.08000   0.93296
   1.12000   0.89624
   1.16000   0.84725
   1.20000   0.78820
   1.24000   0.72162
   1.28000   0.65017
   1.32000   0.57652
   1.36000   0.50313
   1.40000   0.43216
   1.44000   0.36537
   1.48000   0.30405
   1.52000   0.24908
   1.56000   0.20088
   1.60000   0.15949
   1.64000   0.12468
   1.68000   0.09598
   1.72000   0.07276
   1.76000   0.05433
   1.80000   0.03995
   1.84000   0.02894
   1.88000   0.02066
   1.92000   0.01453
   1.96000   0.01007
   2.00000   0.00688
