   0.00000   0.00674
   0.04000   0.00997
   0.08000   0.01452
   0.12000   0.02081
   0.16000   0.02936
   0.20000   0.04075
   0.24000   0.05568
   0.28000   0.07485
   0.32000   0.09904
   0.36000   0.12896
   0.40000   0.16526
   0.44000   0.20841
   0.48000   0.25865
   0.52000   0.31592
   0.56000   0.37974
   0.60000   0.44921
   0.64000   0.52295
   0.68000   0.59913
   0.72000   0.67552
   0.76000   0.74956
   0.80000   0.81851
   0.84000   0.87962
   0.88000   0.93028
   0.92000   0.96825
   0.96000   0.99176
   1.00000   0.99973
   1.04000   0.99176
   1.08000   0.96825
   1.12000   0.93028
   1.16000   0.87962
   1.20000   0.81851
   1.24000   0.74956
   1.28000   0.67552
   1.32000   0.59913
   1.36000   0.52295
   1.40000   0.44921
   1.44000   0.37974
   1.48000   0.31592
   1.52000   0.25865
   1.56000   0.20841
   1.60000   0.16526
   1.64000   0.12896
   1.68000   0.09904
   1.72000   0.07485
   1.76000   0.05568
   1.80000   0.04076
   1.84000   0.02936
   1.88000   0.02082
   1.92000   0.01452
   1.96000   0.00997
   2.00000   0.00674
