   0.00000   0.00674
   0.04000   0.00997
   0.08000   0.01452
   0.12000   0.02082
   0.16000   0.02936
   0.20000   0.04076
   0.24000   0.05569
   0.28000   0.07487
   0.32000   0.09906
   0.36000   0.12899
   0.40000   0.16529
   0.44000   0.20846
   0.48000   0.25872
   0.52000   0.31600
   0.56000   0.37983
   0.60000   0.44932
   0.64000   0.52308
   0.68000   0.59928
   0.72000   0.67569
   0.76000   0.74975
   0.80000   0.81871
   0.84000   0.87983
   0.88000   0.93051
   0.92000   0.96849
   0.96000   0.99201
   1.00000   0.99998
   1.04000   0.99201
   1.08000   0.96849
   1.12000   0.93051
   1.16000   0.87983
   1.20000   0.81871
   1.24000   0.74975
   1.28000   0.67569
   1.32000   0.59928
   1.36000   0.52308
   1.40000   0.44932
   1.44000   0.37983
   1.48000   0.31600
   1.52000   0.25872
   1.56000   0.20846
   1.60000   0.16529
   1.64000   0.12899
   1.68000   0.09906
   1.72000   0.07487
   1.76000   0.05569
   1.80000   0.04076
   1.84000   0.02936
   1.88000   0.02082
   1.92000   0.01452
   1.96000   0.00997
   2.00000   0.00674
