   0.00000   1.00000
   0.01000   0.84333
   0.02000   0.71444
   0.03000   0.60870
   0.04000   0.52224
   0.05000   0.45185
   0.06000   0.39486
   0.07000   0.34902
   0.08000   0.31247
   0.09000   0.28367
   0.10000   0.26133
   0.11000   0.24435
   0.12000   0.23185
   0.13000   0.22308
   0.14000   0.21741
   0.15000   0.21432
   0.16000   0.21338
   0.17000   0.21423
   0.18000   0.21656
   0.19000   0.22013
   0.20000   0.22472
   0.21000   0.23016
   0.22000   0.23630
   0.23000   0.24303
   0.24000   0.25024
   0.25000   0.25784
   0.26000   0.26576
   0.27000   0.27396
   0.28000   0.28237
   0.29000   0.29095
   0.30000   0.29967
   0.31000   0.30851
   0.32000   0.31743
   0.33000   0.32641
   0.34000   0.33545
   0.35000   0.34452
   0.36000   0.35361
   0.37000   0.36271
   0.38000   0.37182
   0.39000   0.38092
   0.40000   0.39001
   0.41000   0.39909
   0.42000   0.40814
   0.43000   0.41717
   0.44000   0.42617
   0.45000   0.43514
   0.46000   0.44408
   0.47000   0.45298
   0.48000   0.46183
   0.49000   0.47065
   0.50000   0.47943
   0.51000   0.48816
   0.52000   0.49684
   0.53000   0.50548
   0.54000   0.51407
   0.55000   0.52261
   0.56000   0.53110
   0.57000   0.53954
   0.58000   0.54792
   0.59000   0.55625
   0.60000   0.56453
   0.61000   0.57275
   0.62000   0.58091
   0.63000   0.58902
   0.64000   0.59707
   0.65000   0.60505
   0.66000   0.61298
   0.67000   0.62085
   0.68000   0.62865
   0.69000   0.63639
   0.70000   0.64407
   0.71000   0.65168
   0.72000   0.65923
   0.73000   0.66671
   0.74000   0.67413
   0.75000   0.68148
   0.76000   0.68876
   0.77000   0.69597
   0.78000   0.70311
   0.79000   0.71019
   0.80000   0.71719
   0.81000   0.72412
   0.82000   0.73097
   0.83000   0.73776
   0.84000   0.74447
   0.85000   0.75110
   0.86000   0.75766
   0.87000   0.76415
   0.88000   0.77056
   0.89000   0.77689
   0.90000   0.78314
   0.91000   0.78932
   0.92000   0.79541
   0.93000   0.80143
   0.94000   0.80736
   0.95000   0.81322
   0.96000   0.81900
   0.97000   0.82469
   0.98000   0.83030
   0.99000   0.83582
   1.00000   0.84127
   1.01000   0.84663
   1.02000   0.85190
   1.03000   0.85709
   1.04000   0.86220
   1.05000   0.86721
   1.06000   0.87214
   1.07000   0.87699
   1.08000   0.88174
   1.09000   0.88641
   1.10000   0.89099
   1.11000   0.89548
   1.12000   0.89988
   1.13000   0.90419
   1.14000   0.90841
   1.15000   0.91254
   1.16000   0.91658
   1.17000   0.92053
   1.18000   0.92438
   1.19000   0.92814
   1.20000   0.93181
   1.21000   0.93539
   1.22000   0.93887
   1.23000   0.94226
   1.24000   0.94555
   1.25000   0.94875
   1.26000   0.95186
   1.27000   0.95487
   1.28000   0.95778
   1.29000   0.96060
   1.30000   0.96332
   1.31000   0.96595
   1.32000   0.96848
   1.33000   0.97091
   1.34000   0.97324
   1.35000   0.97548
   1.36000   0.97762
   1.37000   0.97967
   1.38000   0.98161
   1.39000   0.98346
   1.40000   0.98521
   1.41000   0.98686
   1.42000   0.98841
   1.43000   0.98986
   1.44000   0.99121
   1.45000   0.99247
   1.46000   0.99362
   1.47000   0.99468
   1.48000   0.99563
   1.49000   0.99649
   1.50000   0.99725
   1.51000   0.99790
   1.52000   0.99846
   1.53000   0.99892
   1.54000   0.99928
   1.55000   0.99953
   1.56000   0.99969
   1.57000   0.99975
   1.58000   0.99971
   1.59000   0.99957
   1.60000   0.99932
   1.61000   0.99898
   1.62000   0.99854
   1.63000   0.99800
   1.64000   0.99736
   1.65000   0.99662
   1.66000   0.99577
   1.67000   0.99483
   1.68000   0.99379
   1.69000   0.99265
   1.70000   0.99142
   1.71000   0.99008
   1.72000   0.98864
   1.73000   0.98711
   1.74000   0.98547
   1.75000   0.98374
   1.76000   0.98191
   1.77000   0.97998
   1.78000   0.97795
   1.79000   0.97582
   1.80000   0.97360
   1.81000   0.97128
   1.82000   0.96886
   1.83000   0.96635
   1.84000   0.96374
   1.85000   0.96103
   1.86000   0.95823
   1.87000   0.95533
   1.88000   0.95233
   1.89000   0.94924
   1.90000   0.94606
   1.91000   0.94278
   1.92000   0.93941
   1.93000   0.93594
   1.94000   0.93238
   1.95000   0.92872
   1.96000   0.92498
   1.97000   0.92114
   1.98000   0.91720
   1.99000   0.91318
   2.00000   0.90907
   2.01000   0.90486
   2.02000   0.90056
   2.03000   0.89618
   2.04000   0.89170
   2.05000   0.88714
   2.06000   0.88248
   2.07000   0.87774
   2.08000   0.87291
   2.09000   0.86799
   2.10000   0.86299
   2.11000   0.85790
   2.12000   0.85272
   2.13000   0.84746
   2.14000   0.84211
   2.15000   0.83668
   2.16000   0.83117
   2.17000   0.82557
   2.18000   0.81989
   2.19000   0.81413
   2.20000   0.80829
   2.21000   0.80236
   2.22000   0.79636
   2.23000   0.79028
   2.24000   0.78411
   2.25000   0.77787
   2.26000   0.77155
   2.27000   0.76516
   2.28000   0.75868
   2.29000   0.75213
   2.30000   0.74551
   2.31000   0.73881
   2.32000   0.73204
   2.33000   0.72519
   2.34000   0.71828
   2.35000   0.71129
   2.36000   0.70423
   2.37000   0.69709
   2.38000   0.68989
   2.39000   0.68262
   2.40000   0.67529
   2.41000   0.66788
   2.42000   0.66041
   2.43000   0.65287
   2.44000   0.64526
   2.45000   0.63760
   2.46000   0.62986
   2.47000   0.62207
   2.48000   0.61421
   2.49000   0.60629
   2.50000   0.59831
