  -2.00000   7.38906
  -1.95000   6.73263
  -1.90000   6.14852
  -1.85000   5.62793
  -1.80000   5.16324
  -1.75000   4.74781
  -1.70000   4.37586
  -1.65000   4.04236
  -1.60000   3.74293
  -1.55000   3.47372
  -1.50000   3.23136
  -1.45000   3.01293
  -1.40000   2.81582
  -1.35000   2.63777
  -1.30000   2.47678
  -1.25000   2.33109
  -1.20000   2.19914
  -1.15000   2.07956
  -1.10000   1.97115
  -1.05000   1.87283
  -1.00000   1.78364
  -0.95000   1.70276
  -0.90000   1.62944
  -0.85000   1.56301
  -0.80000   1.50289
  -0.75000   1.44857
  -0.70000   1.39959
  -0.65000   1.35553
  -0.60000   1.31605
  -0.55000   1.28083
  -0.50000   1.24959
  -0.45000   1.22209
  -0.40000   1.19813
  -0.35000   1.17752
  -0.30000   1.16012
  -0.25000   1.14580
  -0.20000   1.13445
  -0.15000   1.12601
  -0.10000   1.12041
  -0.05000   1.11761
   0.00000   1.11761
   0.05000   1.12041
   0.10000   1.12604
   0.15000   1.13455
   0.20000   1.14601
   0.25000   1.16052
   0.30000   1.17819
   0.35000   1.19918
   0.40000   1.22365
   0.45000   1.25182
   0.50000   1.28392
   0.55000   1.32022
   0.60000   1.36105
   0.65000   1.40677
   0.70000   1.45780
   0.75000   1.51459
   0.80000   1.57770
   0.85000   1.64773
   0.90000   1.72537
   0.95000   1.81141
   1.00000   1.90675
   1.05000   2.01240
   1.10000   2.12953
   1.15000   2.25944
   1.20000   2.40366
   1.25000   2.56391
   1.30000   2.74215
   1.35000   2.94064
   1.40000   3.16198
   1.45000   3.40914
   1.50000   3.68556
   1.55000   3.99519
   1.60000   4.34259
   1.65000   4.73307
   1.70000   5.17276
   1.75000   5.66877
   1.80000   6.22942
   1.85000   6.86438
   1.90000   7.58495
   1.95000   8.40437
