   0.00000   0.00674
   0.04000   0.01094
   0.08000   0.01731
   0.12000   0.02671
   0.16000   0.04022
   0.20000   0.05915
   0.24000   0.08499
   0.28000   0.11937
   0.32000   0.16397
   0.36000   0.22039
   0.40000   0.28998
   0.44000   0.37369
   0.48000   0.47183
   0.52000   0.58395
   0.56000   0.70867
   0.60000   0.84366
   0.64000   0.98558
   0.68000   1.13025
   0.72000   1.27281
   0.76000   1.40797
   0.80000   1.53041
   0.84000   1.63505
   0.88000   1.71749
   0.92000   1.77426
   0.96000   1.80311
   1.00000   1.80311
   1.04000   1.77472
   1.08000   1.71969
   1.12000   1.64092
   1.16000   1.54222
   1.20000   1.42798
   1.24000   1.30290
   1.28000   1.17168
   1.32000   1.03872
   1.36000   0.90797
   1.40000   0.78273
   1.44000   0.66559
   1.48000   0.55838
   1.52000   0.46224
   1.56000   0.37764
   1.60000   0.30455
   1.64000   0.24248
   1.68000   0.19063
   1.72000   0.14800
   1.76000   0.11350
   1.80000   0.08598
   1.84000   0.06436
   1.88000   0.04760
   1.92000   0.03480
   1.96000   0.02514
   2.00000   0.01796
