  -5.00000   0.03846
  -4.99000   0.03861
  -4.98000   0.03876
  -4.97000   0.03891
  -4.96000   0.03906
  -4.95000   0.03921
  -4.94000   0.03937
  -4.93000   0.03952
  -4.92000   0.03968
  -4.91000   0.03983
  -4.90000   0.03999
  -4.89000   0.04015
  -4.88000   0.04030
  -4.87000   0.04046
  -4.86000   0.04062
  -4.85000   0.04079
  -4.84000   0.04095
  -4.83000   0.04111
  -4.82000   0.04128
  -4.81000   0.04144
  -4.80000   0.04161
  -4.79000   0.04177
  -4.78000   0.04194
  -4.77000   0.04211
  -4.76000   0.04228
  -4.75000   0.04245
  -4.74000   0.04263
  -4.73000   0.04280
  -4.72000   0.04297
  -4.71000   0.04315
  -4.70000   0.04332
  -4.69000   0.04350
  -4.68000   0.04368
  -4.67000   0.04386
  -4.66000   0.04404
  -4.65000   0.04422
  -4.64000   0.04441
  -4.63000   0.04459
  -4.62000   0.04478
  -4.61000   0.04496
  -4.60000   0.04515
  -4.59000   0.04534
  -4.58000   0.04553
  -4.57000   0.04572
  -4.56000   0.04591
  -4.55000   0.04610
  -4.54000   0.04630
  -4.53000   0.04650
  -4.52000   0.04669
  -4.51000   0.04689
  -4.50000   0.04709
  -4.49000   0.04729
  -4.48000   0.04749
  -4.47000   0.04770
  -4.46000   0.04790
  -4.45000   0.04811
  -4.44000   0.04831
  -4.43000   0.04852
  -4.42000   0.04873
  -4.41000   0.04894
  -4.40000   0.04916
  -4.39000   0.04937
  -4.38000   0.04959
  -4.37000   0.04980
  -4.36000   0.05002
  -4.35000   0.05024
  -4.34000   0.05046
  -4.33000   0.05068
  -4.32000   0.05091
  -4.31000   0.05113
  -4.30000   0.05136
  -4.29000   0.05159
  -4.28000   0.05182
  -4.27000   0.05205
  -4.26000   0.05228
  -4.25000   0.05252
  -4.24000   0.05275
  -4.23000   0.05299
  -4.22000   0.05323
  -4.21000   0.05347
  -4.20000   0.05371
  -4.19000   0.05396
  -4.18000   0.05420
  -4.17000   0.05445
  -4.16000   0.05470
  -4.15000   0.05495
  -4.14000   0.05520
  -4.13000   0.05546
  -4.12000   0.05571
  -4.11000   0.05597
  -4.10000   0.05623
  -4.09000   0.05649
  -4.08000   0.05675
  -4.07000   0.05702
  -4.06000   0.05728
  -4.05000   0.05755
  -4.04000   0.05782
  -4.03000   0.05809
  -4.02000   0.05837
  -4.01000   0.05864
  -4.00000   0.05892
  -3.99000   0.05920
  -3.98000   0.05948
  -3.97000   0.05977
  -3.96000   0.06005
  -3.95000   0.06034
  -3.94000   0.06063
  -3.93000   0.06092
  -3.92000   0.06121
  -3.91000   0.06151
  -3.90000   0.06181
  -3.89000   0.06211
  -3.88000   0.06241
  -3.87000   0.06272
  -3.86000   0.06302
  -3.85000   0.06333
  -3.84000   0.06364
  -3.83000   0.06396
  -3.82000   0.06427
  -3.81000   0.06459
  -3.80000   0.06491
  -3.79000   0.06523
  -3.78000   0.06556
  -3.77000   0.06588
  -3.76000   0.06621
  -3.75000   0.06655
  -3.74000   0.06688
  -3.73000   0.06722
  -3.72000   0.06756
  -3.71000   0.06790
  -3.70000   0.06824
  -3.69000   0.06859
  -3.68000   0.06894
  -3.67000   0.06929
  -3.66000   0.06965
  -3.65000   0.07001
  -3.64000   0.07037
  -3.63000   0.07073
  -3.62000   0.07110
  -3.61000   0.07146
  -3.60000   0.07184
  -3.59000   0.07221
  -3.58000   0.07259
  -3.57000   0.07297
  -3.56000   0.07335
  -3.55000   0.07374
  -3.54000   0.07413
  -3.53000   0.07452
  -3.52000   0.07491
  -3.51000   0.07531
  -3.50000   0.07571
  -3.49000   0.07612
  -3.48000   0.07652
  -3.47000   0.07693
  -3.46000   0.07735
  -3.45000   0.07777
  -3.44000   0.07819
  -3.43000   0.07861
  -3.42000   0.07904
  -3.41000   0.07947
  -3.40000   0.07990
  -3.39000   0.08034
  -3.38000   0.08078
  -3.37000   0.08123
  -3.36000   0.08167
  -3.35000   0.08213
  -3.34000   0.08258
  -3.33000   0.08304
  -3.32000   0.08350
  -3.31000   0.08397
  -3.30000   0.08444
  -3.29000   0.08492
  -3.28000   0.08539
  -3.27000   0.08588
  -3.26000   0.08636
  -3.25000   0.08685
  -3.24000   0.08735
  -3.23000   0.08785
  -3.22000   0.08835
  -3.21000   0.08886
  -3.20000   0.08937
  -3.19000   0.08988
  -3.18000   0.09040
  -3.17000   0.09093
  -3.16000   0.09146
  -3.15000   0.09199
  -3.14000   0.09253
  -3.13000   0.09307
  -3.12000   0.09361
  -3.11000   0.09417
  -3.10000   0.09472
  -3.09000   0.09528
  -3.08000   0.09585
  -3.07000   0.09642
  -3.06000   0.09700
  -3.05000   0.09758
  -3.04000   0.09816
  -3.03000   0.09875
  -3.02000   0.09935
  -3.01000   0.09995
  -3.00000   0.10056
  -2.99000   0.10117
  -2.98000   0.10179
  -2.97000   0.10241
  -2.96000   0.10304
  -2.95000   0.10367
  -2.94000   0.10431
  -2.93000   0.10496
  -2.92000   0.10561
  -2.91000   0.10627
  -2.90000   0.10693
  -2.89000   0.10760
  -2.88000   0.10828
  -2.87000   0.10896
  -2.86000   0.10964
  -2.85000   0.11034
  -2.84000   0.11104
  -2.83000   0.11175
  -2.82000   0.11246
  -2.81000   0.11318
  -2.80000   0.11391
  -2.79000   0.11464
  -2.78000   0.11538
  -2.77000   0.11613
  -2.76000   0.11688
  -2.75000   0.11764
  -2.74000   0.11841
  -2.73000   0.11918
  -2.72000   0.11997
  -2.71000   0.12076
  -2.70000   0.12156
  -2.69000   0.12236
  -2.68000   0.12317
  -2.67000   0.12400
  -2.66000   0.12482
  -2.65000   0.12566
  -2.64000   0.12651
  -2.63000   0.12736
  -2.62000   0.12822
  -2.61000   0.12909
  -2.60000   0.12997
  -2.59000   0.13086
  -2.58000   0.13175
  -2.57000   0.13266
  -2.56000   0.13357
  -2.55000   0.13449
  -2.54000   0.13542
  -2.53000   0.13637
  -2.52000   0.13732
  -2.51000   0.13828
  -2.50000   0.13925
  -2.49000   0.14022
  -2.48000   0.14121
  -2.47000   0.14221
  -2.46000   0.14322
  -2.45000   0.14424
  -2.44000   0.14527
  -2.43000   0.14631
  -2.42000   0.14736
  -2.41000   0.14842
  -2.40000   0.14950
  -2.39000   0.15058
  -2.38000   0.15168
  -2.37000   0.15278
  -2.36000   0.15390
  -2.35000   0.15503
  -2.34000   0.15617
  -2.33000   0.15732
  -2.32000   0.15849
  -2.31000   0.15967
  -2.30000   0.16086
  -2.29000   0.16206
  -2.28000   0.16328
  -2.27000   0.16451
  -2.26000   0.16575
  -2.25000   0.16700
  -2.24000   0.16827
  -2.23000   0.16955
  -2.22000   0.17085
  -2.21000   0.17216
  -2.20000   0.17348
  -2.19000   0.17482
  -2.18000   0.17618
  -2.17000   0.17754
  -2.16000   0.17893
  -2.15000   0.18032
  -2.14000   0.18174
  -2.13000   0.18317
  -2.12000   0.18461
  -2.11000   0.18607
  -2.10000   0.18755
  -2.09000   0.18904
  -2.08000   0.19056
  -2.07000   0.19208
  -2.06000   0.19363
  -2.05000   0.19519
  -2.04000   0.19677
  -2.03000   0.19837
  -2.02000   0.19998
  -2.01000   0.20162
  -2.00000   0.20327
  -1.99000   0.20494
  -1.98000   0.20663
  -1.97000   0.20834
  -1.96000   0.21007
  -1.95000   0.21182
  -1.94000   0.21359
  -1.93000   0.21538
  -1.92000   0.21719
  -1.91000   0.21903
  -1.90000   0.22088
  -1.89000   0.22276
  -1.88000   0.22465
  -1.87000   0.22657
  -1.86000   0.22852
  -1.85000   0.23048
  -1.84000   0.23247
  -1.83000   0.23448
  -1.82000   0.23652
  -1.81000   0.23858
  -1.80000   0.24066
  -1.79000   0.24277
  -1.78000   0.24491
  -1.77000   0.24707
  -1.76000   0.24926
  -1.75000   0.25147
  -1.74000   0.25371
  -1.73000   0.25598
  -1.72000   0.25827
  -1.71000   0.26060
  -1.70000   0.26295
  -1.69000   0.26533
  -1.68000   0.26773
  -1.67000   0.27017
  -1.66000   0.27264
  -1.65000   0.27514
  -1.64000   0.27767
  -1.63000   0.28023
  -1.62000   0.28282
  -1.61000   0.28544
  -1.60000   0.28810
  -1.59000   0.29079
  -1.58000   0.29351
  -1.57000   0.29627
  -1.56000   0.29906
  -1.55000   0.30188
  -1.54000   0.30474
  -1.53000   0.30764
  -1.52000   0.31057
  -1.51000   0.31354
  -1.50000   0.31654
  -1.49000   0.31959
  -1.48000   0.32267
  -1.47000   0.32579
  -1.46000   0.32895
  -1.45000   0.33215
  -1.44000   0.33539
  -1.43000   0.33867
  -1.42000   0.34199
  -1.41000   0.34535
  -1.40000   0.34876
  -1.39000   0.35221
  -1.38000   0.35570
  -1.37000   0.35924
  -1.36000   0.36282
  -1.35000   0.36644
  -1.34000   0.37011
  -1.33000   0.37383
  -1.32000   0.37760
  -1.31000   0.38141
  -1.30000   0.38527
  -1.29000   0.38917
  -1.28000   0.39313
  -1.27000   0.39714
  -1.26000   0.40119
  -1.25000   0.40530
  -1.24000   0.40946
  -1.23000   0.41367
  -1.22000   0.41793
  -1.21000   0.42224
  -1.20000   0.42661
  -1.19000   0.43103
  -1.18000   0.43551
  -1.17000   0.44004
  -1.16000   0.44463
  -1.15000   0.44927
  -1.14000   0.45397
  -1.13000   0.45872
  -1.12000   0.46354
  -1.11000   0.46841
  -1.10000   0.47334
  -1.09000   0.47832
  -1.08000   0.48337
  -1.07000   0.48848
  -1.06000   0.49364
  -1.05000   0.49887
  -1.04000   0.50416
  -1.03000   0.50950
  -1.02000   0.51491
  -1.01000   0.52038
  -1.00000   0.52591
  -0.99000   0.53151
  -0.98000   0.53716
  -0.97000   0.54288
  -0.96000   0.54866
  -0.95000   0.55450
  -0.94000   0.56041
  -0.93000   0.56637
  -0.92000   0.57240
  -0.91000   0.57849
  -0.90000   0.58464
  -0.89000   0.59086
  -0.88000   0.59713
  -0.87000   0.60347
  -0.86000   0.60987
  -0.85000   0.61633
  -0.84000   0.62284
  -0.83000   0.62942
  -0.82000   0.63605
  -0.81000   0.64275
  -0.80000   0.64950
  -0.79000   0.65630
  -0.78000   0.66316
  -0.77000   0.67008
  -0.76000   0.67704
  -0.75000   0.68406
  -0.74000   0.69113
  -0.73000   0.69825
  -0.72000   0.70542
  -0.71000   0.71263
  -0.70000   0.71988
  -0.69000   0.72718
  -0.68000   0.73452
  -0.67000   0.74189
  -0.66000   0.74930
  -0.65000   0.75675
  -0.64000   0.76423
  -0.63000   0.77173
  -0.62000   0.77926
  -0.61000   0.78681
  -0.60000   0.79438
  -0.59000   0.80197
  -0.58000   0.80958
  -0.57000   0.81719
  -0.56000   0.82481
  -0.55000   0.83243
  -0.54000   0.84005
  -0.53000   0.84767
  -0.52000   0.85528
  -0.51000   0.86287
  -0.50000   0.87045
  -0.49000   0.87800
  -0.48000   0.88553
  -0.47000   0.89303
  -0.46000   0.90049
  -0.45000   0.90791
  -0.44000   0.91528
  -0.43000   0.92260
  -0.42000   0.92986
  -0.41000   0.93706
  -0.40000   0.94419
  -0.39000   0.95125
  -0.38000   0.95823
  -0.37000   0.96512
  -0.36000   0.97192
  -0.35000   0.97863
  -0.34000   0.98523
  -0.33000   0.99172
  -0.32000   0.99810
  -0.31000   1.00435
  -0.30000   1.01048
  -0.29000   1.01647
  -0.28000   1.02232
  -0.27000   1.02803
  -0.26000   1.03358
  -0.25000   1.03898
  -0.24000   1.04422
  -0.23000   1.04928
  -0.22000   1.05417
  -0.21000   1.05888
  -0.20000   1.06340
  -0.19000   1.06773
  -0.18000   1.07187
  -0.17000   1.07580
  -0.16000   1.07953
  -0.15000   1.08305
  -0.14000   1.08636
  -0.13000   1.08944
  -0.12000   1.09231
  -0.11000   1.09494
  -0.10000   1.09735
  -0.09000   1.09953
  -0.08000   1.10147
  -0.07000   1.10317
  -0.06000   1.10464
  -0.05000   1.10586
  -0.04000   1.10684
  -0.03000   1.10758
  -0.02000   1.10807
  -0.01000   1.10831
  -0.00000   1.10831
   0.01000   1.10807
   0.02000   1.10758
   0.03000   1.10684
   0.04000   1.10586
   0.05000   1.10464
   0.06000   1.10318
   0.07000   1.10149
   0.08000   1.09955
   0.09000   1.09738
   0.10000   1.09499
   0.11000   1.09236
   0.12000   1.08951
   0.13000   1.08644
   0.14000   1.08316
   0.15000   1.07966
   0.16000   1.07596
   0.17000   1.07205
   0.18000   1.06794
   0.19000   1.06364
   0.20000   1.05916
   0.21000   1.05449
   0.22000   1.04964
   0.23000   1.04462
   0.24000   1.03943
   0.25000   1.03409
   0.26000   1.02858
   0.27000   1.02293
   0.28000   1.01714
   0.29000   1.01121
   0.30000   1.00515
   0.31000   0.99896
   0.32000   0.99265
   0.33000   0.98623
   0.34000   0.97971
   0.35000   0.97308
   0.36000   0.96636
   0.37000   0.95954
   0.38000   0.95265
   0.39000   0.94567
   0.40000   0.93862
   0.41000   0.93151
   0.42000   0.92433
   0.43000   0.91710
   0.44000   0.90981
   0.45000   0.90248
   0.46000   0.89511
   0.47000   0.88770
   0.48000   0.88026
   0.49000   0.87280
   0.50000   0.86531
   0.51000   0.85781
   0.52000   0.85029
   0.53000   0.84276
   0.54000   0.83522
   0.55000   0.82769
   0.56000   0.82016
   0.57000   0.81263
   0.58000   0.80511
   0.59000   0.79760
   0.60000   0.79011
   0.61000   0.78264
   0.62000   0.77519
   0.63000   0.76776
   0.64000   0.76036
   0.65000   0.75299
   0.66000   0.74565
   0.67000   0.73834
   0.68000   0.73107
   0.69000   0.72384
   0.70000   0.71665
   0.71000   0.70951
   0.72000   0.70240
   0.73000   0.69534
   0.74000   0.68833
   0.75000   0.68137
   0.76000   0.67445
   0.77000   0.66759
   0.78000   0.66078
   0.79000   0.65402
   0.80000   0.64731
   0.81000   0.64066
   0.82000   0.63407
   0.83000   0.62753
   0.84000   0.62105
   0.85000   0.61463
   0.86000   0.60827
   0.87000   0.60196
   0.88000   0.59572
   0.89000   0.58953
   0.90000   0.58340
   0.91000   0.57734
   0.92000   0.57133
   0.93000   0.56539
   0.94000   0.55950
   0.95000   0.55368
   0.96000   0.54791
   0.97000   0.54221
   0.98000   0.53657
   0.99000   0.53098
   1.00000   0.52546
   1.01000   0.52000
   1.02000   0.51460
   1.03000   0.50926
   1.04000   0.50397
   1.05000   0.49875
   1.06000   0.49358
   1.07000   0.48848
   1.08000   0.48343
   1.09000   0.47844
   1.10000   0.47351
   1.11000   0.46863
   1.12000   0.46381
   1.13000   0.45905
   1.14000   0.45434
   1.15000   0.44969
   1.16000   0.44510
   1.17000   0.44055
   1.18000   0.43607
   1.19000   0.43163
   1.20000   0.42725
   1.21000   0.42292
   1.22000   0.41865
   1.23000   0.41442
   1.24000   0.41025
   1.25000   0.40612
   1.26000   0.40205
   1.27000   0.39803
   1.28000   0.39405
   1.29000   0.39013
   1.30000   0.38625
   1.31000   0.38241
   1.32000   0.37863
   1.33000   0.37489
   1.34000   0.37120
   1.35000   0.36755
   1.36000   0.36395
   1.37000   0.36039
   1.38000   0.35687
   1.39000   0.35340
   1.40000   0.34997
   1.41000   0.34659
   1.42000   0.34324
   1.43000   0.33993
   1.44000   0.33667
   1.45000   0.33345
   1.46000   0.33026
   1.47000   0.32712
   1.48000   0.32401
   1.49000   0.32094
   1.50000   0.31791
   1.51000   0.31491
   1.52000   0.31195
   1.53000   0.30903
   1.54000   0.30614
   1.55000   0.30329
   1.56000   0.30048
   1.57000   0.29769
   1.58000   0.29494
   1.59000   0.29223
   1.60000   0.28955
   1.61000   0.28690
   1.62000   0.28428
   1.63000   0.28169
   1.64000   0.27913
   1.65000   0.27661
   1.66000   0.27411
   1.67000   0.27165
   1.68000   0.26921
   1.69000   0.26681
   1.70000   0.26443
   1.71000   0.26208
   1.72000   0.25976
   1.73000   0.25747
   1.74000   0.25520
   1.75000   0.25296
   1.76000   0.25075
   1.77000   0.24856
   1.78000   0.24640
   1.79000   0.24426
   1.80000   0.24215
   1.81000   0.24007
   1.82000   0.23800
   1.83000   0.23597
   1.84000   0.23395
   1.85000   0.23196
   1.86000   0.22999
   1.87000   0.22805
   1.88000   0.22613
   1.89000   0.22423
   1.90000   0.22235
   1.91000   0.22049
   1.92000   0.21865
   1.93000   0.21684
   1.94000   0.21504
   1.95000   0.21327
   1.96000   0.21152
   1.97000   0.20978
   1.98000   0.20807
   1.99000   0.20637
   2.00000   0.20470
   2.01000   0.20304
   2.02000   0.20140
   2.03000   0.19978
   2.04000   0.19818
   2.05000   0.19659
   2.06000   0.19503
   2.07000   0.19348
   2.08000   0.19194
   2.09000   0.19043
   2.10000   0.18893
   2.11000   0.18745
   2.12000   0.18598
   2.13000   0.18453
   2.14000   0.18310
   2.15000   0.18168
   2.16000   0.18027
   2.17000   0.17888
   2.18000   0.17751
   2.19000   0.17615
   2.20000   0.17481
   2.21000   0.17348
   2.22000   0.17216
   2.23000   0.17086
   2.24000   0.16957
   2.25000   0.16829
   2.26000   0.16703
   2.27000   0.16579
   2.28000   0.16455
   2.29000   0.16333
   2.30000   0.16212
   2.31000   0.16092
   2.32000   0.15974
   2.33000   0.15857
   2.34000   0.15741
   2.35000   0.15626
   2.36000   0.15513
   2.37000   0.15400
   2.38000   0.15289
   2.39000   0.15179
   2.40000   0.15070
   2.41000   0.14962
   2.42000   0.14855
   2.43000   0.14749
   2.44000   0.14645
   2.45000   0.14541
   2.46000   0.14438
   2.47000   0.14337
   2.48000   0.14236
   2.49000   0.14137
   2.50000   0.14038
   2.51000   0.13941
   2.52000   0.13844
   2.53000   0.13749
   2.54000   0.13654
   2.55000   0.13560
   2.56000   0.13467
   2.57000   0.13375
   2.58000   0.13284
   2.59000   0.13194
   2.60000   0.13105
   2.61000   0.13016
   2.62000   0.12929
   2.63000   0.12842
   2.64000   0.12756
   2.65000   0.12671
   2.66000   0.12587
   2.67000   0.12503
   2.68000   0.12420
   2.69000   0.12339
   2.70000   0.12257
   2.71000   0.12177
   2.72000   0.12097
   2.73000   0.12019
   2.74000   0.11940
   2.75000   0.11863
   2.76000   0.11786
   2.77000   0.11710
   2.78000   0.11635
   2.79000   0.11561
   2.80000   0.11487
   2.81000   0.11413
   2.82000   0.11341
   2.83000   0.11269
   2.84000   0.11198
   2.85000   0.11127
   2.86000   0.11057
   2.87000   0.10988
   2.88000   0.10919
   2.89000   0.10851
   2.90000   0.10784
   2.91000   0.10717
   2.92000   0.10651
   2.93000   0.10585
   2.94000   0.10520
   2.95000   0.10455
   2.96000   0.10392
   2.97000   0.10328
   2.98000   0.10265
   2.99000   0.10203
   3.00000   0.10141
   3.01000   0.10080
   3.02000   0.10020
   3.03000   0.09960
   3.04000   0.09900
   3.05000   0.09841
   3.06000   0.09782
   3.07000   0.09724
   3.08000   0.09667
   3.09000   0.09610
   3.10000   0.09553
   3.11000   0.09497
   3.12000   0.09441
   3.13000   0.09386
   3.14000   0.09331
   3.15000   0.09277
   3.16000   0.09223
   3.17000   0.09170
   3.18000   0.09117
   3.19000   0.09065
   3.20000   0.09013
   3.21000   0.08961
   3.22000   0.08910
   3.23000   0.08859
   3.24000   0.08809
   3.25000   0.08759
   3.26000   0.08710
   3.27000   0.08661
   3.28000   0.08612
   3.29000   0.08564
   3.30000   0.08516
   3.31000   0.08469
   3.32000   0.08421
   3.33000   0.08375
   3.34000   0.08328
   3.35000   0.08282
   3.36000   0.08237
   3.37000   0.08192
   3.38000   0.08147
   3.39000   0.08102
   3.40000   0.08058
   3.41000   0.08014
   3.42000   0.07971
   3.43000   0.07928
   3.44000   0.07885
   3.45000   0.07843
   3.46000   0.07800
   3.47000   0.07759
   3.48000   0.07717
   3.49000   0.07676
   3.50000   0.07635
   3.51000   0.07595
   3.52000   0.07555
   3.53000   0.07515
   3.54000   0.07475
   3.55000   0.07436
   3.56000   0.07397
   3.57000   0.07358
   3.58000   0.07320
   3.59000   0.07282
   3.60000   0.07244
   3.61000   0.07207
   3.62000   0.07169
   3.63000   0.07132
   3.64000   0.07096
   3.65000   0.07059
   3.66000   0.07023
   3.67000   0.06987
   3.68000   0.06952
   3.69000   0.06917
   3.70000   0.06882
   3.71000   0.06847
   3.72000   0.06812
   3.73000   0.06778
   3.74000   0.06744
   3.75000   0.06710
   3.76000   0.06677
   3.77000   0.06643
   3.78000   0.06610
   3.79000   0.06578
   3.80000   0.06545
   3.81000   0.06513
   3.82000   0.06481
   3.83000   0.06449
   3.84000   0.06417
   3.85000   0.06386
   3.86000   0.06355
   3.87000   0.06324
   3.88000   0.06293
   3.89000   0.06262
   3.90000   0.06232
   3.91000   0.06202
   3.92000   0.06172
   3.93000   0.06142
   3.94000   0.06113
   3.95000   0.06084
   3.96000   0.06055
   3.97000   0.06026
   3.98000   0.05997
   3.99000   0.05969
   4.00000   0.05941
   4.01000   0.05913
   4.02000   0.05885
   4.03000   0.05857
   4.04000   0.05830
   4.05000   0.05802
   4.06000   0.05775
   4.07000   0.05748
   4.08000   0.05722
   4.09000   0.05695
   4.10000   0.05669
   4.11000   0.05643
   4.12000   0.05617
   4.13000   0.05591
   4.14000   0.05565
   4.15000   0.05540
   4.16000   0.05514
   4.17000   0.05489
   4.18000   0.05464
   4.19000   0.05439
   4.20000   0.05415
   4.21000   0.05390
   4.22000   0.05366
   4.23000   0.05342
   4.24000   0.05318
   4.25000   0.05294
   4.26000   0.05270
   4.27000   0.05247
   4.28000   0.05224
   4.29000   0.05200
   4.30000   0.05177
   4.31000   0.05154
   4.32000   0.05132
   4.33000   0.05109
   4.34000   0.05087
   4.35000   0.05064
   4.36000   0.05042
   4.37000   0.05020
   4.38000   0.04998
   4.39000   0.04976
   4.40000   0.04955
   4.41000   0.04933
   4.42000   0.04912
   4.43000   0.04891
   4.44000   0.04870
   4.45000   0.04849
   4.46000   0.04828
   4.47000   0.04807
   4.48000   0.04787
   4.49000   0.04767
   4.50000   0.04746
   4.51000   0.04726
   4.52000   0.04706
   4.53000   0.04686
   4.54000   0.04666
   4.55000   0.04647
   4.56000   0.04627
   4.57000   0.04608
   4.58000   0.04589
   4.59000   0.04569
   4.60000   0.04550
   4.61000   0.04531
   4.62000   0.04513
   4.63000   0.04494
   4.64000   0.04475
   4.65000   0.04457
   4.66000   0.04438
   4.67000   0.04420
   4.68000   0.04402
   4.69000   0.04384
   4.70000   0.04366
   4.71000   0.04348
   4.72000   0.04331
   4.73000   0.04313
   4.74000   0.04296
   4.75000   0.04278
   4.76000   0.04261
   4.77000   0.04244
   4.78000   0.04227
   4.79000   0.04210
   4.80000   0.04193
   4.81000   0.04176
   4.82000   0.04159
   4.83000   0.04143
   4.84000   0.04126
   4.85000   0.04110
   4.86000   0.04094
   4.87000   0.04077
   4.88000   0.04061
   4.89000   0.04045
   4.90000   0.04029
   4.91000   0.04014
   4.92000   0.03998
   4.93000   0.03982
   4.94000   0.03967
   4.95000   0.03951
   4.96000   0.03936
   4.97000   0.03921
   4.98000   0.03905
   4.99000   0.03890
   5.00000   0.03875
