  -5.00000   0.03846
  -4.99000   0.03861
  -4.98000   0.03876
  -4.97000   0.03891
  -4.96000   0.03906
  -4.95000   0.03921
  -4.94000   0.03936
  -4.93000   0.03951
  -4.92000   0.03967
  -4.91000   0.03982
  -4.90000   0.03998
  -4.89000   0.04014
  -4.88000   0.04029
  -4.87000   0.04045
  -4.86000   0.04061
  -4.85000   0.04077
  -4.84000   0.04093
  -4.83000   0.04110
  -4.82000   0.04126
  -4.81000   0.04142
  -4.80000   0.04159
  -4.79000   0.04175
  -4.78000   0.04192
  -4.77000   0.04209
  -4.76000   0.04226
  -4.75000   0.04243
  -4.74000   0.04260
  -4.73000   0.04277
  -4.72000   0.04294
  -4.71000   0.04312
  -4.70000   0.04329
  -4.69000   0.04347
  -4.68000   0.04365
  -4.67000   0.04382
  -4.66000   0.04400
  -4.65000   0.04418
  -4.64000   0.04437
  -4.63000   0.04455
  -4.62000   0.04473
  -4.61000   0.04492
  -4.60000   0.04510
  -4.59000   0.04529
  -4.58000   0.04548
  -4.57000   0.04567
  -4.56000   0.04586
  -4.55000   0.04605
  -4.54000   0.04624
  -4.53000   0.04644
  -4.52000   0.04663
  -4.51000   0.04683
  -4.50000   0.04703
  -4.49000   0.04723
  -4.48000   0.04743
  -4.47000   0.04763
  -4.46000   0.04783
  -4.45000   0.04804
  -4.44000   0.04824
  -4.43000   0.04845
  -4.42000   0.04866
  -4.41000   0.04886
  -4.40000   0.04908
  -4.39000   0.04929
  -4.38000   0.04950
  -4.37000   0.04972
  -4.36000   0.04993
  -4.35000   0.05015
  -4.34000   0.05037
  -4.33000   0.05059
  -4.32000   0.05081
  -4.31000   0.05103
  -4.30000   0.05126
  -4.29000   0.05148
  -4.28000   0.05171
  -4.27000   0.05194
  -4.26000   0.05217
  -4.25000   0.05240
  -4.24000   0.05263
  -4.23000   0.05287
  -4.22000   0.05311
  -4.21000   0.05334
  -4.20000   0.05358
  -4.19000   0.05382
  -4.18000   0.05407
  -4.17000   0.05431
  -4.16000   0.05456
  -4.15000   0.05481
  -4.14000   0.05505
  -4.13000   0.05531
  -4.12000   0.05556
  -4.11000   0.05581
  -4.10000   0.05607
  -4.09000   0.05633
  -4.08000   0.05659
  -4.07000   0.05685
  -4.06000   0.05711
  -4.05000   0.05738
  -4.04000   0.05764
  -4.03000   0.05791
  -4.02000   0.05818
  -4.01000   0.05845
  -4.00000   0.05873
  -3.99000   0.05900
  -3.98000   0.05928
  -3.97000   0.05956
  -3.96000   0.05984
  -3.95000   0.06013
  -3.94000   0.06041
  -3.93000   0.06070
  -3.92000   0.06099
  -3.91000   0.06128
  -3.90000   0.06157
  -3.89000   0.06187
  -3.88000   0.06217
  -3.87000   0.06247
  -3.86000   0.06277
  -3.85000   0.06307
  -3.84000   0.06338
  -3.83000   0.06369
  -3.82000   0.06400
  -3.81000   0.06431
  -3.80000   0.06463
  -3.79000   0.06494
  -3.78000   0.06526
  -3.77000   0.06559
  -3.76000   0.06591
  -3.75000   0.06624
  -3.74000   0.06657
  -3.73000   0.06690
  -3.72000   0.06723
  -3.71000   0.06757
  -3.70000   0.06791
  -3.69000   0.06825
  -3.68000   0.06859
  -3.67000   0.06894
  -3.66000   0.06929
  -3.65000   0.06964
  -3.64000   0.06999
  -3.63000   0.07035
  -3.62000   0.07071
  -3.61000   0.07107
  -3.60000   0.07143
  -3.59000   0.07180
  -3.58000   0.07217
  -3.57000   0.07255
  -3.56000   0.07292
  -3.55000   0.07330
  -3.54000   0.07368
  -3.53000   0.07407
  -3.52000   0.07445
  -3.51000   0.07484
  -3.50000   0.07524
  -3.49000   0.07563
  -3.48000   0.07603
  -3.47000   0.07643
  -3.46000   0.07684
  -3.45000   0.07725
  -3.44000   0.07766
  -3.43000   0.07807
  -3.42000   0.07849
  -3.41000   0.07891
  -3.40000   0.07934
  -3.39000   0.07977
  -3.38000   0.08020
  -3.37000   0.08063
  -3.36000   0.08107
  -3.35000   0.08151
  -3.34000   0.08196
  -3.33000   0.08241
  -3.32000   0.08286
  -3.31000   0.08332
  -3.30000   0.08377
  -3.29000   0.08424
  -3.28000   0.08471
  -3.27000   0.08518
  -3.26000   0.08565
  -3.25000   0.08613
  -3.24000   0.08661
  -3.23000   0.08710
  -3.22000   0.08759
  -3.21000   0.08808
  -3.20000   0.08858
  -3.19000   0.08908
  -3.18000   0.08959
  -3.17000   0.09010
  -3.16000   0.09061
  -3.15000   0.09113
  -3.14000   0.09165
  -3.13000   0.09218
  -3.12000   0.09271
  -3.11000   0.09325
  -3.10000   0.09379
  -3.09000   0.09434
  -3.08000   0.09489
  -3.07000   0.09544
  -3.06000   0.09600
  -3.05000   0.09656
  -3.04000   0.09713
  -3.03000   0.09771
  -3.02000   0.09829
  -3.01000   0.09887
  -3.00000   0.09946
  -2.99000   0.10005
  -2.98000   0.10065
  -2.97000   0.10125
  -2.96000   0.10186
  -2.95000   0.10248
  -2.94000   0.10310
  -2.93000   0.10372
  -2.92000   0.10435
  -2.91000   0.10499
  -2.90000   0.10563
  -2.89000   0.10628
  -2.88000   0.10693
  -2.87000   0.10759
  -2.86000   0.10825
  -2.85000   0.10892
  -2.84000   0.10960
  -2.83000   0.11028
  -2.82000   0.11097
  -2.81000   0.11166
  -2.80000   0.11236
  -2.79000   0.11307
  -2.78000   0.11379
  -2.77000   0.11450
  -2.76000   0.11523
  -2.75000   0.11596
  -2.74000   0.11670
  -2.73000   0.11745
  -2.72000   0.11820
  -2.71000   0.11896
  -2.70000   0.11973
  -2.69000   0.12050
  -2.68000   0.12129
  -2.67000   0.12207
  -2.66000   0.12287
  -2.65000   0.12367
  -2.64000   0.12448
  -2.63000   0.12530
  -2.62000   0.12613
  -2.61000   0.12696
  -2.60000   0.12780
  -2.59000   0.12865
  -2.58000   0.12951
  -2.57000   0.13038
  -2.56000   0.13125
  -2.55000   0.13213
  -2.54000   0.13302
  -2.53000   0.13392
  -2.52000   0.13483
  -2.51000   0.13574
  -2.50000   0.13667
  -2.49000   0.13760
  -2.48000   0.13855
  -2.47000   0.13950
  -2.46000   0.14046
  -2.45000   0.14143
  -2.44000   0.14241
  -2.43000   0.14340
  -2.42000   0.14440
  -2.41000   0.14541
  -2.40000   0.14643
  -2.39000   0.14746
  -2.38000   0.14850
  -2.37000   0.14955
  -2.36000   0.15061
  -2.35000   0.15168
  -2.34000   0.15276
  -2.33000   0.15385
  -2.32000   0.15495
  -2.31000   0.15607
  -2.30000   0.15719
  -2.29000   0.15833
  -2.28000   0.15948
  -2.27000   0.16064
  -2.26000   0.16181
  -2.25000   0.16299
  -2.24000   0.16419
  -2.23000   0.16539
  -2.22000   0.16661
  -2.21000   0.16785
  -2.20000   0.16909
  -2.19000   0.17035
  -2.18000   0.17162
  -2.17000   0.17291
  -2.16000   0.17420
  -2.15000   0.17551
  -2.14000   0.17684
  -2.13000   0.17818
  -2.12000   0.17953
  -2.11000   0.18090
  -2.10000   0.18228
  -2.09000   0.18367
  -2.08000   0.18508
  -2.07000   0.18651
  -2.06000   0.18795
  -2.05000   0.18940
  -2.04000   0.19087
  -2.03000   0.19236
  -2.02000   0.19386
  -2.01000   0.19538
  -2.00000   0.19692
  -1.99000   0.19847
  -1.98000   0.20003
  -1.97000   0.20162
  -1.96000   0.20322
  -1.95000   0.20484
  -1.94000   0.20648
  -1.93000   0.20813
  -1.92000   0.20980
  -1.91000   0.21149
  -1.90000   0.21320
  -1.89000   0.21493
  -1.88000   0.21667
  -1.87000   0.21844
  -1.86000   0.22022
  -1.85000   0.22203
  -1.84000   0.22385
  -1.83000   0.22570
  -1.82000   0.22756
  -1.81000   0.22945
  -1.80000   0.23135
  -1.79000   0.23328
  -1.78000   0.23523
  -1.77000   0.23720
  -1.76000   0.23919
  -1.75000   0.24120
  -1.74000   0.24324
  -1.73000   0.24530
  -1.72000   0.24738
  -1.71000   0.24948
  -1.70000   0.25161
  -1.69000   0.25376
  -1.68000   0.25594
  -1.67000   0.25814
  -1.66000   0.26037
  -1.65000   0.26262
  -1.64000   0.26489
  -1.63000   0.26720
  -1.62000   0.26952
  -1.61000   0.27188
  -1.60000   0.27426
  -1.59000   0.27666
  -1.58000   0.27910
  -1.57000   0.28156
  -1.56000   0.28405
  -1.55000   0.28657
  -1.54000   0.28911
  -1.53000   0.29169
  -1.52000   0.29429
  -1.51000   0.29692
  -1.50000   0.29959
  -1.49000   0.30228
  -1.48000   0.30500
  -1.47000   0.30775
  -1.46000   0.31054
  -1.45000   0.31335
  -1.44000   0.31620
  -1.43000   0.31908
  -1.42000   0.32199
  -1.41000   0.32494
  -1.40000   0.32792
  -1.39000   0.33093
  -1.38000   0.33397
  -1.37000   0.33705
  -1.36000   0.34016
  -1.35000   0.34331
  -1.34000   0.34649
  -1.33000   0.34971
  -1.32000   0.35296
  -1.31000   0.35625
  -1.30000   0.35958
  -1.29000   0.36294
  -1.28000   0.36634
  -1.27000   0.36977
  -1.26000   0.37324
  -1.25000   0.37676
  -1.24000   0.38030
  -1.23000   0.38389
  -1.22000   0.38752
  -1.21000   0.39118
  -1.20000   0.39488
  -1.19000   0.39863
  -1.18000   0.40241
  -1.17000   0.40623
  -1.16000   0.41009
  -1.15000   0.41399
  -1.14000   0.41793
  -1.13000   0.42192
  -1.12000   0.42594
  -1.11000   0.43000
  -1.10000   0.43411
  -1.09000   0.43825
  -1.08000   0.44244
  -1.07000   0.44667
  -1.06000   0.45094
  -1.05000   0.45525
  -1.04000   0.45960
  -1.03000   0.46400
  -1.02000   0.46843
  -1.01000   0.47291
  -1.00000   0.47743
  -0.99000   0.48198
  -0.98000   0.48658
  -0.97000   0.49122
  -0.96000   0.49591
  -0.95000   0.50063
  -0.94000   0.50539
  -0.93000   0.51019
  -0.92000   0.51503
  -0.91000   0.51991
  -0.90000   0.52483
  -0.89000   0.52979
  -0.88000   0.53479
  -0.87000   0.53982
  -0.86000   0.54489
  -0.85000   0.55000
  -0.84000   0.55514
  -0.83000   0.56032
  -0.82000   0.56553
  -0.81000   0.57078
  -0.80000   0.57605
  -0.79000   0.58136
  -0.78000   0.58670
  -0.77000   0.59207
  -0.76000   0.59747
  -0.75000   0.60290
  -0.74000   0.60835
  -0.73000   0.61383
  -0.72000   0.61933
  -0.71000   0.62485
  -0.70000   0.63040
  -0.69000   0.63596
  -0.68000   0.64154
  -0.67000   0.64714
  -0.66000   0.65275
  -0.65000   0.65837
  -0.64000   0.66401
  -0.63000   0.66965
  -0.62000   0.67530
  -0.61000   0.68096
  -0.60000   0.68661
  -0.59000   0.69227
  -0.58000   0.69793
  -0.57000   0.70358
  -0.56000   0.70922
  -0.55000   0.71485
  -0.54000   0.72047
  -0.53000   0.72608
  -0.52000   0.73167
  -0.51000   0.73724
  -0.50000   0.74278
  -0.49000   0.74830
  -0.48000   0.75379
  -0.47000   0.75924
  -0.46000   0.76466
  -0.45000   0.77004
  -0.44000   0.77537
  -0.43000   0.78067
  -0.42000   0.78591
  -0.41000   0.79109
  -0.40000   0.79623
  -0.39000   0.80130
  -0.38000   0.80631
  -0.37000   0.81125
  -0.36000   0.81612
  -0.35000   0.82091
  -0.34000   0.82563
  -0.33000   0.83027
  -0.32000   0.83482
  -0.31000   0.83928
  -0.30000   0.84364
  -0.29000   0.84791
  -0.28000   0.85208
  -0.27000   0.85615
  -0.26000   0.86011
  -0.25000   0.86395
  -0.24000   0.86769
  -0.23000   0.87130
  -0.22000   0.87479
  -0.21000   0.87816
  -0.20000   0.88140
  -0.19000   0.88451
  -0.18000   0.88748
  -0.17000   0.89031
  -0.16000   0.89301
  -0.15000   0.89556
  -0.14000   0.89797
  -0.13000   0.90022
  -0.12000   0.90233
  -0.11000   0.90429
  -0.10000   0.90608
  -0.09000   0.90773
  -0.08000   0.90921
  -0.07000   0.91053
  -0.06000   0.91169
  -0.05000   0.91269
  -0.04000   0.91352
  -0.03000   0.91419
  -0.02000   0.91469
  -0.01000   0.91503
  -0.00000   0.91519
   0.01000   0.91519
   0.02000   0.91503
   0.03000   0.91469
   0.04000   0.91419
   0.05000   0.91352
   0.06000   0.91269
   0.07000   0.91169
   0.08000   0.91052
   0.09000   0.90920
   0.10000   0.90771
   0.11000   0.90606
   0.12000   0.90426
   0.13000   0.90229
   0.14000   0.90018
   0.15000   0.89791
   0.16000   0.89549
   0.17000   0.89292
   0.18000   0.89021
   0.19000   0.88736
   0.20000   0.88437
   0.21000   0.88124
   0.22000   0.87798
   0.23000   0.87459
   0.24000   0.87107
   0.25000   0.86742
   0.26000   0.86366
   0.27000   0.85978
   0.28000   0.85579
   0.29000   0.85169
   0.30000   0.84748
   0.31000   0.84317
   0.32000   0.83877
   0.33000   0.83426
   0.34000   0.82967
   0.35000   0.82499
   0.36000   0.82023
   0.37000   0.81538
   0.38000   0.81046
   0.39000   0.80547
   0.40000   0.80041
   0.41000   0.79528
   0.42000   0.79010
   0.43000   0.78485
   0.44000   0.77956
   0.45000   0.77421
   0.46000   0.76881
   0.47000   0.76338
   0.48000   0.75790
   0.49000   0.75238
   0.50000   0.74684
   0.51000   0.74126
   0.52000   0.73565
   0.53000   0.73003
   0.54000   0.72438
   0.55000   0.71871
   0.56000   0.71303
   0.57000   0.70733
   0.58000   0.70163
   0.59000   0.69592
   0.60000   0.69020
   0.61000   0.68449
   0.62000   0.67877
   0.63000   0.67306
   0.64000   0.66735
   0.65000   0.66165
   0.66000   0.65596
   0.67000   0.65028
   0.68000   0.64461
   0.69000   0.63896
   0.70000   0.63333
   0.71000   0.62771
   0.72000   0.62212
   0.73000   0.61654
   0.74000   0.61099
   0.75000   0.60547
   0.76000   0.59997
   0.77000   0.59450
   0.78000   0.58906
   0.79000   0.58364
   0.80000   0.57826
   0.81000   0.57291
   0.82000   0.56759
   0.83000   0.56231
   0.84000   0.55706
   0.85000   0.55185
   0.86000   0.54667
   0.87000   0.54153
   0.88000   0.53643
   0.89000   0.53136
   0.90000   0.52634
   0.91000   0.52135
   0.92000   0.51640
   0.93000   0.51150
   0.94000   0.50663
   0.95000   0.50181
   0.96000   0.49702
   0.97000   0.49228
   0.98000   0.48758
   0.99000   0.48292
   1.00000   0.47830
   1.01000   0.47372
   1.02000   0.46919
   1.03000   0.46470
   1.04000   0.46025
   1.05000   0.45585
   1.06000   0.45148
   1.07000   0.44716
   1.08000   0.44288
   1.09000   0.43864
   1.10000   0.43445
   1.11000   0.43030
   1.12000   0.42619
   1.13000   0.42212
   1.14000   0.41809
   1.15000   0.41411
   1.16000   0.41016
   1.17000   0.40626
   1.18000   0.40240
   1.19000   0.39858
   1.20000   0.39479
   1.21000   0.39105
   1.22000   0.38735
   1.23000   0.38369
   1.24000   0.38007
   1.25000   0.37649
   1.26000   0.37294
   1.27000   0.36944
   1.28000   0.36597
   1.29000   0.36254
   1.30000   0.35915
   1.31000   0.35580
   1.32000   0.35248
   1.33000   0.34920
   1.34000   0.34596
   1.35000   0.34275
   1.36000   0.33958
   1.37000   0.33644
   1.38000   0.33334
   1.39000   0.33027
   1.40000   0.32724
   1.41000   0.32424
   1.42000   0.32128
   1.43000   0.31835
   1.44000   0.31545
   1.45000   0.31258
   1.46000   0.30975
   1.47000   0.30695
   1.48000   0.30418
   1.49000   0.30144
   1.50000   0.29873
   1.51000   0.29605
   1.52000   0.29341
   1.53000   0.29079
   1.54000   0.28820
   1.55000   0.28564
   1.56000   0.28312
   1.57000   0.28061
   1.58000   0.27814
   1.59000   0.27570
   1.60000   0.27328
   1.61000   0.27089
   1.62000   0.26853
   1.63000   0.26619
   1.64000   0.26388
   1.65000   0.26160
   1.66000   0.25934
   1.67000   0.25711
   1.68000   0.25490
   1.69000   0.25271
   1.70000   0.25056
   1.71000   0.24842
   1.72000   0.24631
   1.73000   0.24422
   1.74000   0.24216
   1.75000   0.24012
   1.76000   0.23810
   1.77000   0.23611
   1.78000   0.23413
   1.79000   0.23218
   1.80000   0.23025
   1.81000   0.22834
   1.82000   0.22646
   1.83000   0.22459
   1.84000   0.22274
   1.85000   0.22092
   1.86000   0.21911
   1.87000   0.21732
   1.88000   0.21556
   1.89000   0.21381
   1.90000   0.21208
   1.91000   0.21037
   1.92000   0.20868
   1.93000   0.20701
   1.94000   0.20536
   1.95000   0.20372
   1.96000   0.20210
   1.97000   0.20050
   1.98000   0.19892
   1.99000   0.19735
   2.00000   0.19580
   2.01000   0.19427
   2.02000   0.19275
   2.03000   0.19125
   2.04000   0.18976
   2.05000   0.18829
   2.06000   0.18684
   2.07000   0.18540
   2.08000   0.18398
   2.09000   0.18257
   2.10000   0.18118
   2.11000   0.17980
   2.12000   0.17844
   2.13000   0.17709
   2.14000   0.17575
   2.15000   0.17443
   2.16000   0.17312
   2.17000   0.17182
   2.18000   0.17054
   2.19000   0.16927
   2.20000   0.16802
   2.21000   0.16678
   2.22000   0.16555
   2.23000   0.16433
   2.24000   0.16313
   2.25000   0.16193
   2.26000   0.16075
   2.27000   0.15959
   2.28000   0.15843
   2.29000   0.15729
   2.30000   0.15615
   2.31000   0.15503
   2.32000   0.15392
   2.33000   0.15282
   2.34000   0.15173
   2.35000   0.15066
   2.36000   0.14959
   2.37000   0.14853
   2.38000   0.14749
   2.39000   0.14645
   2.40000   0.14543
   2.41000   0.14441
   2.42000   0.14341
   2.43000   0.14241
   2.44000   0.14143
   2.45000   0.14045
   2.46000   0.13948
   2.47000   0.13853
   2.48000   0.13758
   2.49000   0.13664
   2.50000   0.13571
   2.51000   0.13479
   2.52000   0.13388
   2.53000   0.13297
   2.54000   0.13208
   2.55000   0.13119
   2.56000   0.13031
   2.57000   0.12944
   2.58000   0.12858
   2.59000   0.12773
   2.60000   0.12688
   2.61000   0.12605
   2.62000   0.12522
   2.63000   0.12440
   2.64000   0.12358
   2.65000   0.12278
   2.66000   0.12198
   2.67000   0.12119
   2.68000   0.12040
   2.69000   0.11962
   2.70000   0.11885
   2.71000   0.11809
   2.72000   0.11734
   2.73000   0.11659
   2.74000   0.11585
   2.75000   0.11511
   2.76000   0.11438
   2.77000   0.11366
   2.78000   0.11294
   2.79000   0.11223
   2.80000   0.11153
   2.81000   0.11083
   2.82000   0.11014
   2.83000   0.10946
   2.84000   0.10878
   2.85000   0.10811
   2.86000   0.10744
   2.87000   0.10678
   2.88000   0.10613
   2.89000   0.10548
   2.90000   0.10484
   2.91000   0.10420
   2.92000   0.10357
   2.93000   0.10294
   2.94000   0.10232
   2.95000   0.10170
   2.96000   0.10109
   2.97000   0.10049
   2.98000   0.09989
   2.99000   0.09929
   3.00000   0.09870
   3.01000   0.09812
   3.02000   0.09754
   3.03000   0.09697
   3.04000   0.09640
   3.05000   0.09583
   3.06000   0.09527
   3.07000   0.09472
   3.08000   0.09416
   3.09000   0.09362
   3.10000   0.09308
   3.11000   0.09254
   3.12000   0.09201
   3.13000   0.09148
   3.14000   0.09096
   3.15000   0.09044
   3.16000   0.08992
   3.17000   0.08941
   3.18000   0.08890
   3.19000   0.08840
   3.20000   0.08790
   3.21000   0.08741
   3.22000   0.08692
   3.23000   0.08643
   3.24000   0.08595
   3.25000   0.08547
   3.26000   0.08499
   3.27000   0.08452
   3.28000   0.08406
   3.29000   0.08359
   3.30000   0.08313
   3.31000   0.08268
   3.32000   0.08222
   3.33000   0.08177
   3.34000   0.08133
   3.35000   0.08089
   3.36000   0.08045
   3.37000   0.08001
   3.38000   0.07958
   3.39000   0.07915
   3.40000   0.07873
   3.41000   0.07831
   3.42000   0.07789
   3.43000   0.07747
   3.44000   0.07706
   3.45000   0.07665
   3.46000   0.07625
   3.47000   0.07585
   3.48000   0.07545
   3.49000   0.07505
   3.50000   0.07466
   3.51000   0.07427
   3.52000   0.07388
   3.53000   0.07350
   3.54000   0.07312
   3.55000   0.07274
   3.56000   0.07236
   3.57000   0.07199
   3.58000   0.07162
   3.59000   0.07125
   3.60000   0.07089
   3.61000   0.07052
   3.62000   0.07017
   3.63000   0.06981
   3.64000   0.06946
   3.65000   0.06910
   3.66000   0.06876
   3.67000   0.06841
   3.68000   0.06807
   3.69000   0.06773
   3.70000   0.06739
   3.71000   0.06705
   3.72000   0.06672
   3.73000   0.06639
   3.74000   0.06606
   3.75000   0.06573
   3.76000   0.06541
   3.77000   0.06508
   3.78000   0.06477
   3.79000   0.06445
   3.80000   0.06413
   3.81000   0.06382
   3.82000   0.06351
   3.83000   0.06320
   3.84000   0.06290
   3.85000   0.06259
   3.86000   0.06229
   3.87000   0.06199
   3.88000   0.06169
   3.89000   0.06140
   3.90000   0.06111
   3.91000   0.06081
   3.92000   0.06052
   3.93000   0.06024
   3.94000   0.05995
   3.95000   0.05967
   3.96000   0.05939
   3.97000   0.05911
   3.98000   0.05883
   3.99000   0.05856
   4.00000   0.05828
   4.01000   0.05801
   4.02000   0.05774
   4.03000   0.05747
   4.04000   0.05721
   4.05000   0.05694
   4.06000   0.05668
   4.07000   0.05642
   4.08000   0.05616
   4.09000   0.05590
   4.10000   0.05565
   4.11000   0.05539
   4.12000   0.05514
   4.13000   0.05489
   4.14000   0.05464
   4.15000   0.05439
   4.16000   0.05415
   4.17000   0.05390
   4.18000   0.05366
   4.19000   0.05342
   4.20000   0.05318
   4.21000   0.05294
   4.22000   0.05271
   4.23000   0.05247
   4.24000   0.05224
   4.25000   0.05201
   4.26000   0.05178
   4.27000   0.05155
   4.28000   0.05132
   4.29000   0.05110
   4.30000   0.05087
   4.31000   0.05065
   4.32000   0.05043
   4.33000   0.05021
   4.34000   0.04999
   4.35000   0.04978
   4.36000   0.04956
   4.37000   0.04935
   4.38000   0.04913
   4.39000   0.04892
   4.40000   0.04871
   4.41000   0.04850
   4.42000   0.04830
   4.43000   0.04809
   4.44000   0.04788
   4.45000   0.04768
   4.46000   0.04748
   4.47000   0.04728
   4.48000   0.04708
   4.49000   0.04688
   4.50000   0.04668
   4.51000   0.04649
   4.52000   0.04629
   4.53000   0.04610
   4.54000   0.04590
   4.55000   0.04571
   4.56000   0.04552
   4.57000   0.04533
   4.58000   0.04515
   4.59000   0.04496
   4.60000   0.04477
   4.61000   0.04459
   4.62000   0.04441
   4.63000   0.04422
   4.64000   0.04404
   4.65000   0.04386
   4.66000   0.04368
   4.67000   0.04351
   4.68000   0.04333
   4.69000   0.04315
   4.70000   0.04298
   4.71000   0.04280
   4.72000   0.04263
   4.73000   0.04246
   4.74000   0.04229
   4.75000   0.04212
   4.76000   0.04195
   4.77000   0.04178
   4.78000   0.04162
   4.79000   0.04145
   4.80000   0.04129
   4.81000   0.04112
   4.82000   0.04096
   4.83000   0.04080
   4.84000   0.04064
   4.85000   0.04048
   4.86000   0.04032
   4.87000   0.04016
   4.88000   0.04000
   4.89000   0.03985
   4.90000   0.03969
   4.91000   0.03954
   4.92000   0.03939
   4.93000   0.03923
   4.94000   0.03908
   4.95000   0.03893
   4.96000   0.03878
   4.97000   0.03863
   4.98000   0.03848
   4.99000   0.03834
   5.00000   0.03819
