  -2.00000   7.38906
  -1.95000   6.65015
  -1.90000   6.00176
  -1.85000   5.43159
  -1.80000   4.92917
  -1.75000   4.48555
  -1.70000   4.09306
  -1.65000   3.74515
  -1.60000   3.43618
  -1.55000   3.16128
  -1.50000   2.91628
  -1.45000   2.69756
  -1.40000   2.50199
  -1.35000   2.32685
  -1.30000   2.16979
  -1.25000   2.02875
  -1.20000   1.90195
  -1.15000   1.78784
  -1.10000   1.68504
  -1.05000   1.59236
  -1.00000   1.50876
  -0.95000   1.43332
  -0.90000   1.36524
  -0.85000   1.30380
  -0.80000   1.24839
  -0.75000   1.19846
  -0.70000   1.15351
  -0.65000   1.11314
  -0.60000   1.07696
  -0.55000   1.04465
  -0.50000   1.01593
  -0.45000   0.99053
  -0.40000   0.96824
  -0.35000   0.94888
  -0.30000   0.93227
  -0.25000   0.91829
  -0.20000   0.90681
  -0.15000   0.89774
  -0.10000   0.89101
  -0.05000   0.88655
   0.00000   0.88434
   0.05000   0.88434
   0.10000   0.88655
   0.15000   0.89098
   0.20000   0.89766
   0.25000   0.90664
   0.30000   0.91797
   0.35000   0.93174
   0.40000   0.94805
   0.45000   0.96701
   0.50000   0.98877
   0.55000   1.01348
   0.60000   1.04136
   0.65000   1.07260
   0.70000   1.10746
   0.75000   1.14622
   0.80000   1.18920
   0.85000   1.23677
   0.90000   1.28933
   0.95000   1.34735
   1.00000   1.41135
   1.05000   1.48192
   1.10000   1.55972
   1.15000   1.64550
   1.20000   1.74012
   1.25000   1.84453
   1.30000   1.95981
   1.35000   2.08720
   1.40000   2.22808
   1.45000   2.38405
   1.50000   2.55689
   1.55000   2.74866
   1.60000   2.96168
   1.65000   3.19861
   1.70000   3.46250
   1.75000   3.75681
   1.80000   4.08553
   1.85000   4.45323
   1.90000   4.86515
   1.95000   5.32734
