   0.00000   1.00000
   0.01000   0.81000
   0.02000   0.66000
   0.03000   0.54200
   0.04000   0.44959
   0.05000   0.37766
   0.06000   0.32211
   0.07000   0.27967
   0.08000   0.24770
   0.09000   0.22411
   0.10000   0.20722
   0.11000   0.19569
   0.12000   0.18845
   0.13000   0.18463
   0.14000   0.18355
   0.15000   0.18465
   0.16000   0.18749
   0.17000   0.19173
   0.18000   0.19708
   0.19000   0.20331
   0.20000   0.21024
   0.21000   0.21772
   0.22000   0.22565
   0.23000   0.23393
   0.24000   0.24247
   0.25000   0.25123
   0.26000   0.26016
   0.27000   0.26920
   0.28000   0.27835
   0.29000   0.28756
   0.30000   0.29682
   0.31000   0.30611
   0.32000   0.31543
   0.33000   0.32475
   0.34000   0.33407
   0.35000   0.34338
   0.36000   0.35268
   0.37000   0.36195
   0.38000   0.37121
   0.39000   0.38044
   0.40000   0.38964
   0.41000   0.39880
   0.42000   0.40794
   0.43000   0.41703
   0.44000   0.42609
   0.45000   0.43511
   0.46000   0.44408
   0.47000   0.45302
   0.48000   0.46191
   0.49000   0.47075
   0.50000   0.47955
   0.51000   0.48830
   0.52000   0.49700
   0.53000   0.50566
   0.54000   0.51426
   0.55000   0.52281
   0.56000   0.53131
   0.57000   0.53976
   0.58000   0.54815
   0.59000   0.55649
   0.60000   0.56478
   0.61000   0.57300
   0.62000   0.58117
   0.63000   0.58928
   0.64000   0.59734
   0.65000   0.60533
   0.66000   0.61326
   0.67000   0.62113
   0.68000   0.62894
   0.69000   0.63669
   0.70000   0.64437
   0.71000   0.65199
   0.72000   0.65954
   0.73000   0.66703
   0.74000   0.67445
   0.75000   0.68180
   0.76000   0.68908
   0.77000   0.69630
   0.78000   0.70345
   0.79000   0.71052
   0.80000   0.71753
   0.81000   0.72446
   0.82000   0.73132
   0.83000   0.73811
   0.84000   0.74482
   0.85000   0.75146
   0.86000   0.75802
   0.87000   0.76451
   0.88000   0.77092
   0.89000   0.77726
   0.90000   0.78352
   0.91000   0.78969
   0.92000   0.79579
   0.93000   0.80181
   0.94000   0.80775
   0.95000   0.81361
   0.96000   0.81939
   0.97000   0.82508
   0.98000   0.83070
   0.99000   0.83623
   1.00000   0.84167
   1.01000   0.84704
   1.02000   0.85231
   1.03000   0.85751
   1.04000   0.86261
   1.05000   0.86763
   1.06000   0.87257
   1.07000   0.87741
   1.08000   0.88217
   1.09000   0.88684
   1.10000   0.89142
   1.11000   0.89592
   1.12000   0.90032
   1.13000   0.90463
   1.14000   0.90886
   1.15000   0.91299
   1.16000   0.91703
   1.17000   0.92098
   1.18000   0.92483
   1.19000   0.92860
   1.20000   0.93227
   1.21000   0.93585
   1.22000   0.93933
   1.23000   0.94272
   1.24000   0.94602
   1.25000   0.94922
   1.26000   0.95232
   1.27000   0.95534
   1.28000   0.95825
   1.29000   0.96107
   1.30000   0.96380
   1.31000   0.96642
   1.32000   0.96895
   1.33000   0.97139
   1.34000   0.97372
   1.35000   0.97596
   1.36000   0.97811
   1.37000   0.98015
   1.38000   0.98210
   1.39000   0.98394
   1.40000   0.98569
   1.41000   0.98734
   1.42000   0.98890
   1.43000   0.99035
   1.44000   0.99170
   1.45000   0.99296
   1.46000   0.99412
   1.47000   0.99517
   1.48000   0.99613
   1.49000   0.99699
   1.50000   0.99774
   1.51000   0.99840
   1.52000   0.99896
   1.53000   0.99942
   1.54000   0.99977
   1.55000   1.00003
   1.56000   1.00019
   1.57000   1.00025
   1.58000   1.00021
   1.59000   1.00007
   1.60000   0.99982
   1.61000   0.99948
   1.62000   0.99904
   1.63000   0.99850
   1.64000   0.99786
   1.65000   0.99711
   1.66000   0.99627
   1.67000   0.99533
   1.68000   0.99429
   1.69000   0.99315
   1.70000   0.99191
   1.71000   0.99058
   1.72000   0.98914
   1.73000   0.98760
   1.74000   0.98597
   1.75000   0.98423
   1.76000   0.98240
   1.77000   0.98047
   1.78000   0.97844
   1.79000   0.97632
   1.80000   0.97409
   1.81000   0.97177
   1.82000   0.96935
   1.83000   0.96684
   1.84000   0.96423
   1.85000   0.96152
   1.86000   0.95871
   1.87000   0.95581
   1.88000   0.95282
   1.89000   0.94973
   1.90000   0.94654
   1.91000   0.94326
   1.92000   0.93988
   1.93000   0.93641
   1.94000   0.93285
   1.95000   0.92920
   1.96000   0.92545
   1.97000   0.92161
   1.98000   0.91767
   1.99000   0.91365
   2.00000   0.90953
   2.01000   0.90532
   2.02000   0.90102
   2.03000   0.89663
   2.04000   0.89216
   2.05000   0.88759
   2.06000   0.88293
   2.07000   0.87819
   2.08000   0.87336
   2.09000   0.86844
   2.10000   0.86343
   2.11000   0.85834
   2.12000   0.85316
   2.13000   0.84790
   2.14000   0.84255
   2.15000   0.83711
   2.16000   0.83160
   2.17000   0.82600
   2.18000   0.82032
   2.19000   0.81455
   2.20000   0.80870
   2.21000   0.80278
   2.22000   0.79677
   2.23000   0.79068
   2.24000   0.78452
   2.25000   0.77827
   2.26000   0.77195
   2.27000   0.76555
   2.28000   0.75908
   2.29000   0.75253
   2.30000   0.74590
   2.31000   0.73920
   2.32000   0.73242
   2.33000   0.72557
   2.34000   0.71865
   2.35000   0.71166
   2.36000   0.70459
   2.37000   0.69746
   2.38000   0.69026
   2.39000   0.68298
   2.40000   0.67564
   2.41000   0.66823
   2.42000   0.66075
   2.43000   0.65321
   2.44000   0.64560
   2.45000   0.63793
   2.46000   0.63020
   2.47000   0.62240
   2.48000   0.61454
   2.49000   0.60661
   2.50000   0.59863
