   0.00000   0.00674
   0.04000   0.00943
   0.08000   0.01306
   0.12000   0.01786
   0.16000   0.02415
   0.20000   0.03226
   0.24000   0.04258
   0.28000   0.05553
   0.32000   0.07152
   0.36000   0.09097
   0.40000   0.11426
   0.44000   0.14169
   0.48000   0.17342
   0.52000   0.20950
   0.56000   0.24972
   0.60000   0.29367
   0.64000   0.34066
   0.68000   0.38971
   0.72000   0.43959
   0.76000   0.48883
   0.80000   0.53576
   0.84000   0.57862
   0.88000   0.61565
   0.92000   0.64520
   0.96000   0.66585
   1.00000   0.67650
   1.04000   0.67650
   1.08000   0.66568
   1.12000   0.64437
   1.16000   0.61344
   1.20000   0.57418
   1.24000   0.52825
   1.28000   0.47754
   1.32000   0.42405
   1.36000   0.36977
   1.40000   0.31653
   1.44000   0.26588
   1.48000   0.21909
   1.52000   0.17702
   1.56000   0.14020
   1.60000   0.10880
   1.64000   0.08269
   1.68000   0.06152
   1.72000   0.04479
   1.76000   0.03189
   1.80000   0.02219
   1.84000   0.01509
   1.88000   0.01002
   1.92000   0.00649
   1.96000   0.00410
   2.00000   0.00253
